1513035514,1051,1297,7,7
1513035515,0,0,0,0
1513035516,244,142,2,1
1513035517,980,980,14,14
1513035518,0,0,0,0
1513035519,0,0,0,0
1513035520,0,0,0,0
1513035521,762,142,9,1
1513035522,462,980,7,14
1513035523,0,0,0,0
1513035524,0,0,0,0
1513035525,3022,3812,26,25
1513035526,1084,1048,14,14
1513035527,3022,3878,26,26
1513035528,0,0,0,0
1513035529,3022,3878,26,26
1513035530,140,140,2,2
1513035531,3686,4242,34,30
1513035532,140,140,2,2
1513035533,0,0,0,0
1513035534,140,140,2,2
1513035535,140,74,2,1
1513035536,804,504,10,6
1513035537,1478,2088,11,14
1513035538,0,0,0,0
1513035539,1544,2022,12,13
1513035540,140,140,2,2
1513035541,2628,3054,22,19
1513035542,140,140,2,2
1513035543,1824,2616,12,14
1513035544,140,140,2,2
1513035546,2522,1526,8,10
1513035547,804,438,10,5
1513035548,140,140,2,2
1513035549,0,0,0,0
1513035550,140,140,2,2
1513035551,140,140,2,2
1513035552,804,438,10,5
1513035553,140,140,2,2
1513035554,0,0,0,0
1513035555,140,74,2,1
1513035556,140,140,2,2
1513035557,804,438,10,5
1513035558,140,140,2,2
1513035559,0,0,0,0
1513035560,140,74,2,1
1513035561,140,140,2,2
1513035562,870,911,11,10
1513035563,140,140,2,2
1513035564,0,0,0,0
1513035565,140,140,2,2
1513035566,767,206,3,3
1513035567,804,702,10,9
1513035568,140,140,2,2
1513035569,0,0,0,0
1513035570,206,349,3,3
1513035571,140,140,2,2
1513035572,804,702,10,9
1513035573,140,140,2,2
1513035574,693,275,2,2
1513035575,140,140,2,2
1513035576,140,140,2,2
1513035577,804,702,10,9
1513035578,833,349,4,3
1513035579,0,0,0,0
1513035580,140,140,2,2
1513035581,140,74,2,1
1513035582,1431,504,11,6
1513035583,140,140,2,2
1513035584,0,0,0,0
1513035585,140,74,2,1
1513035586,206,283,3,2
1513035587,804,438,10,5
1513035588,140,140,2,2
1513035589,0,0,0,0
1513035590,833,349,4,3
1513035591,140,74,2,1
1513035592,804,438,10,5
1513035593,140,140,2,2
1513035594,627,66,1,1
1513035595,140,74,2,1
1513035596,140,140,2,2
1513035597,804,636,10,8
1513035598,140,140,2,2
1513035599,0,0,0,0
1513035600,214,206,3,3
1513035601,428,346,6,5
1513035602,516,364,6,4
1513035603,66,140,1,2
1513035604,140,140,2,2
1513035605,140,74,2,1
1513035606,804,438,10,5
1513035607,140,140,2,2
1513035608,0,0,0,0
1513035609,140,74,2,1
1513035610,206,283,3,2
1513035611,804,702,10,9
1513035612,140,74,2,1
1513035613,0,0,0,0
1513035614,767,206,3,3
1513035615,140,74,2,1
1513035616,804,702,10,9
1513035617,140,74,2,1
1513035618,66,209,1,1
1513035619,140,140,2,2
1513035620,140,74,2,1
1513035621,804,702,10,9
1513035622,833,349,4,3
1513035623,0,0,0,0
1513035624,140,140,2,2
1513035626,140,74,2,1
1513035627,1497,911,12,10
1513035628,140,140,2,2
1513035629,0,0,0,0
1513035630,140,140,2,2
1513035631,767,140,3,2
1513035632,804,438,10,5
1513035633,140,140,2,2
1513035634,0,0,0,0
1513035635,206,283,3,2
1513035636,140,140,2,2
1513035637,804,438,10,5
1513035638,140,74,2,1
1513035639,0,0,0,0
1513035640,778,349,4,3
1513035641,140,140,2,2
1513035642,804,702,10,9
1513035643,767,74,3,1
1513035644,0,66,0,1
1513035645,140,140,2,2
1513035646,140,140,2,2
1513035647,804,702,10,9
1513035648,140,140,2,2
1513035649,0,0,0,0
1513035650,140,140,2,2
1513035651,140,140,2,2
1513035652,804,438,10,5
1513035653,140,140,2,2
1513035654,0,0,0,0
1513035655,140,140,2,2
1513035656,140,140,2,2
1513035657,804,438,10,5
1513035658,140,140,2,2
1513035659,66,209,1,1
1513035660,140,140,2,2
1513035661,140,140,2,2
1513035662,804,702,10,9
1513035663,767,206,3,3
1513035664,0,0,0,0
1513035665,140,140,2,2
1513035666,140,140,2,2
1513035667,804,702,10,9
1513035668,140,140,2,2
1513035669,0,0,0,0
1513035670,140,140,2,2
1513035671,206,349,3,3
1513035672,804,438,10,5
1513035673,140,140,2,2
1513035674,0,0,0,0
1513035675,833,349,4,3
1513035676,140,140,2,2
1513035677,878,504,11,6
1513035678,66,140,1,2
1513035679,833,283,4,2
1513035680,140,74,2,1
1513035681,560,296,8,4
1513035682,384,282,4,3
1513035683,627,66,1,1
1513035684,140,74,2,1
1513035685,140,74,2,1
1513035686,560,296,8,4
1513035687,384,216,4,2
1513035688,0,0,0,0
1513035689,140,74,2,1
1513035690,140,74,2,1
1513035691,870,647,11,6
1513035692,140,140,2,2
1513035693,0,0,0,0
1513035694,140,74,2,1
1513035695,833,415,4,4
1513035696,804,702,10,9
1513035697,140,140,2,2
1513035698,0,0,0,0
1513035699,833,349,4,3
1513035700,140,140,2,2
1513035701,804,702,10,9
1513035702,140,140,2,2
1513035704,627,66,1,1
1513035705,140,140,2,2
1513035706,140,140,2,2
1513035707,804,438,10,5
1513035708,140,140,2,2
1513035709,0,0,0,0
1513035710,140,74,2,1
1513035711,140,140,2,2
1513035712,870,647,11,6
1513035713,140,74,2,1
1513035714,0,0,0,0
1513035715,140,74,2,1
1513035716,833,349,4,3
1513035717,804,438,10,5
1513035718,140,140,2,2
1513035719,0,0,0,0
1513035720,833,283,4,2
1513035721,140,140,2,2
1513035722,804,702,10,9
1513035723,140,140,2,2
1513035724,627,66,1,1
1513035725,140,74,2,1
1513035726,140,140,2,2
1513035727,804,702,10,9
1513035728,140,74,2,1
1513035729,0,0,0,0
1513035730,140,74,2,1
1513035731,140,74,2,1
1513035732,870,647,11,6
1513035733,140,74,2,1
1513035734,0,0,0,0
1513035735,140,74,2,1
1513035736,833,349,4,3
1513035737,804,702,10,9
1513035738,140,74,2,1
1513035739,0,0,0,0
1513035740,833,349,4,3
1513035741,140,74,2,1
1513035742,804,702,10,9
1513035743,140,74,2,1
1513035744,693,209,2,1
1513035745,140,140,2,2
1513035746,140,74,2,1
1513035747,804,438,10,5
1513035748,836,283,4,2
1513035749,0,0,0,0
1513035750,140,74,2,1
1513035751,140,74,2,1
1513035752,1431,702,11,9
1513035753,140,74,2,1
1513035754,0,0,0,0
1513035755,140,140,2,2
1513035756,206,283,3,2
1513035757,804,636,10,8
1513035758,140,74,2,1
1513035759,693,275,2,2
1513035760,140,140,2,2
1513035761,140,74,2,1
1513035762,804,438,10,5
1513035763,767,140,3,2
1513035764,140,206,2,3
1513035765,74,0,1,0
1513035766,626,436,9,6
1513035767,450,491,5,4
1513035768,0,0,0,0
1513035769,140,74,2,1
1513035770,140,140,2,2
1513035771,1253,571,10,6
1513035772,384,216,4,2
1513035773,0,0,0,0
1513035774,140,74,2,1
1513035775,833,349,4,3
1513035776,560,560,8,8
1513035777,384,216,4,2
1513035778,0,0,0,0
1513035779,767,206,3,3
1513035780,140,74,2,1
1513035781,560,560,8,8
1513035782,384,282,4,3
1513035783,66,209,1,1
1513035784,140,140,2,2
1513035785,140,74,2,1
1513035786,804,438,10,5
1513035788,833,415,4,4
1513035789,0,0,0,0
1513035790,140,74,2,1
1513035791,140,74,2,1
1513035792,1497,911,12,10
1513035793,140,74,2,1
1513035794,0,0,0,0
1513035795,140,140,2,2
1513035796,770,140,3,2
1513035797,804,702,10,9
1513035798,140,74,2,1
1513035799,0,0,0,0
1513035800,206,349,3,3
1513035801,140,74,2,1
1513035802,804,438,10,5
1513035803,140,140,2,2
1513035804,693,275,2,2
1513035805,140,74,2,1
1513035806,140,140,2,2
1513035807,804,438,10,5
1513035808,833,349,4,3
1513035809,0,0,0,0
1513035810,140,74,2,1
1513035811,140,140,2,2
1513035812,1497,911,12,10
1513035813,140,74,2,1
1513035814,0,0,0,0
1513035815,140,140,2,2
1513035816,833,283,4,2
1513035817,804,702,10,9
1513035818,140,140,2,2
1513035819,0,0,0,0
1513035820,833,349,4,3
1513035821,140,140,2,2
1513035822,804,438,10,5
1513035823,140,140,2,2
1513035824,693,209,2,1
1513035825,140,74,2,1
1513035826,140,140,2,2
1513035827,804,702,10,9
1513035828,767,140,3,2
1513035829,0,0,0,0
1513035830,140,140,2,2
1513035831,140,74,2,1
1513035832,804,702,10,9
1513035833,140,140,2,2
1513035834,0,0,0,0
1513035835,140,140,2,2
1513035836,140,140,2,2
1513035837,804,438,10,5
1513035838,140,140,2,2
1513035839,0,0,0,0
1513035840,140,74,2,1
1513035841,140,140,2,2
1513035842,804,438,10,5
1513035843,140,74,2,1
1513035844,0,0,0,0
1513035845,214,74,3,1
1513035846,362,140,5,2
1513035847,648,512,8,6
1513035848,66,209,1,1
1513035849,140,140,2,2
1513035850,140,140,2,2
1513035851,560,296,8,4
1513035852,1011,282,5,3
1513035853,0,0,0,0
1513035854,140,140,2,2
1513035855,140,74,2,1
1513035856,560,296,8,4
1513035857,384,282,4,3
1513035858,0,0,0,0
1513035859,140,140,2,2
1513035860,206,349,3,3
1513035861,560,560,8,8
1513035862,384,282,4,3
1513035863,0,0,0,0
1513035864,833,415,4,4
1513035865,140,140,2,2
1513035866,560,560,8,8
1513035867,384,216,4,2
1513035868,693,209,2,1
1513035869,140,140,2,2
1513035870,140,74,2,1
1513035872,560,296,8,4
1513035873,1011,282,5,3
1513035874,0,0,0,0
1513035875,140,74,2,1
1513035876,140,140,2,2
1513035877,560,560,8,8
1513035878,384,216,4,2
1513035879,0,0,0,0
1513035880,206,349,3,3
1513035881,140,140,2,2
1513035882,804,702,10,9
1513035883,140,74,2,1
1513035884,693,275,2,2
1513035885,140,140,2,2
1513035886,140,140,2,2
1513035887,804,438,10,5
1513035888,833,283,4,2
1513035889,0,0,0,0
1513035890,140,74,2,1
1513035891,140,140,2,2
1513035892,1431,768,11,10
1513035893,140,74,2,1
1513035894,0,0,0,0
1513035895,140,140,2,2
1513035896,140,74,2,1
1513035897,804,702,10,9
1513035898,140,140,2,2
1513035899,0,0,0,0
1513035900,206,349,3,3
1513035901,140,74,2,1
1513035902,804,438,10,5
1513035903,140,140,2,2
1513035904,693,275,2,2
1513035905,140,74,2,1
1513035906,140,74,2,1
1513035907,804,702,10,9
1513035908,833,283,4,2
1513035909,0,0,0,0
1513035910,140,140,2,2
1513035911,140,74,2,1
1513035912,1431,768,11,10
1513035913,140,140,2,2
1513035914,0,0,0,0
1513035915,140,140,2,2
1513035916,140,74,2,1
1513035917,804,438,10,5
1513035918,140,140,2,2
1513035919,0,0,0,0
1513035920,206,283,3,2
1513035921,140,74,2,1
1513035922,804,438,10,5
1513035923,140,74,2,1
1513035924,693,275,2,2
1513035925,140,140,2,2
1513035926,140,74,2,1
1513035927,804,438,10,5
1513035928,833,283,4,2
1513035929,74,66,1,1
1513035930,206,148,3,2
1513035931,296,0,4,0
1513035932,1341,985,10,11
1513035933,0,0,0,0
1513035934,140,140,2,2
1513035935,140,74,2,1
1513035936,1253,769,10,9
1513035937,384,282,4,3
1513035938,0,0,0,0
1513035939,140,140,2,2
1513035940,767,206,3,3
1513035941,560,362,8,5
1513035942,384,282,4,3
1513035943,0,0,0,0
1513035944,206,283,3,2
1513035945,140,140,2,2
1513035946,560,560,8,8
1513035947,384,216,4,2
1513035948,693,275,2,2
1513035949,140,140,2,2
1513035950,140,74,2,1
1513035951,560,560,8,8
1513035952,1011,282,5,3
1513035953,0,0,0,0
1513035954,140,140,2,2
1513035956,140,74,2,1
1513035957,626,769,9,9
1513035958,384,216,4,2
1513035959,0,0,0,0
1513035960,140,140,2,2
1513035961,833,349,4,3
1513035962,560,560,8,8
1513035963,384,282,4,3
1513035964,0,0,0,0
1513035965,833,349,4,3
1513035966,140,74,2,1
1513035967,560,560,8,8
1513035968,384,282,4,3
1513035969,627,66,1,1
1513035970,140,140,2,2
1513035971,140,74,2,1
1513035972,560,560,8,8
1513035973,450,491,5,4
1513035974,0,0,0,0
1513035975,140,140,2,2
1513035976,140,74,2,1
1513035977,1497,713,12,7
1513035978,140,140,2,2
1513035979,0,0,0,0
1513035980,140,74,2,1
1513035981,833,349,4,3
1513035982,804,702,10,9
1513035983,140,74,2,1
1513035984,0,0,0,0
1513035985,767,206,3,3
1513035986,140,140,2,2
1513035987,804,702,10,9
1513035988,140,140,2,2
1513035989,66,209,1,1
1513035990,140,140,2,2
1513035991,140,74,2,1
1513035992,804,438,10,5
1513035993,833,415,4,4
1513035994,0,0,0,0
1513035995,140,74,2,1
1513035996,140,140,2,2
1513035997,1497,713,12,7
1513035998,140,74,2,1
1513035999,0,0,0,0
1513036000,833,283,4,2
1513036001,140,140,2,2
1513036002,804,570,10,7
1513036003,140,74,2,1
1513036004,693,209,2,1
1513036005,140,140,2,2
1513036006,140,74,2,1
1513036007,804,438,10,5
1513036008,833,349,4,3
1513036009,0,0,0,0
1513036010,140,140,2,2
1513036011,436,74,6,1
1513036012,1341,787,10,8
1513036013,0,0,0,0
1513036014,140,74,2,1
1513036015,140,74,2,1
1513036016,1187,626,9,9
1513036017,384,216,4,2
1513036018,0,0,0,0
1513036019,140,140,2,2
1513036020,206,283,3,2
1513036021,560,560,8,8
1513036022,384,216,4,2
1513036023,0,0,0,0
1513036024,767,206,3,3
1513036025,140,74,2,1
1513036026,560,296,8,4
1513036027,384,216,4,2
1513036028,0,0,0,0
1513036029,140,74,2,1
1513036030,140,140,2,2
1513036031,560,560,8,8
1513036032,384,216,4,2
1513036033,0,0,0,0
1513036034,140,74,2,1
1513036036,140,140,2,2
1513036037,560,560,8,8
1513036038,384,216,4,2
1513036039,0,0,0,0
1513036040,140,140,2,2
1513036041,206,283,3,2
1513036042,560,560,8,8
1513036043,384,282,4,3
1513036044,0,0,0,0
1513036045,833,415,4,4
1513036046,140,140,2,2
1513036047,560,362,8,5
1513036048,384,282,4,3
1513036049,627,66,1,1
1513036050,140,140,2,2
1513036051,140,140,2,2
1513036052,560,362,8,5
1513036053,384,216,4,2
1513036054,0,0,0,0
1513036055,140,140,2,2
1513036056,140,74,2,1
1513036057,626,505,9,5
1513036058,384,216,4,2
1513036059,0,0,0,0
1513036060,140,74,2,1
1513036061,767,206,3,3
1513036062,560,296,8,4
1513036063,384,216,4,2
1513036064,0,0,0,0
1513036065,140,74,2,1
1513036066,140,140,2,2
1513036067,804,438,10,5
1513036068,140,74,2,1
1513036069,0,0,0,0
1513036070,140,74,2,1
1513036071,140,74,2,1
1513036072,804,438,10,5
1513036073,140,74,2,1
1513036074,0,0,0,0
1513036075,140,74,2,1
1513036076,140,74,2,1
1513036077,870,911,11,10
1513036078,140,74,2,1
1513036079,0,0,0,0
1513036080,140,140,2,2
1513036081,833,349,4,3
1513036082,804,702,10,9
1513036083,140,140,2,2
1513036084,0,0,0,0
1513036085,767,206,3,3
1513036086,140,140,2,2
1513036087,804,438,10,5
1513036088,140,140,2,2
1513036089,0,0,0,0
1513036090,140,74,2,1
1513036091,140,140,2,2
1513036092,878,438,11,5
1513036093,132,283,2,2
1513036094,140,74,2,1
1513036095,140,140,2,2
1513036096,560,362,8,5
1513036097,1077,491,6,4
1513036098,0,0,0,0
1513036099,140,74,2,1
1513036100,140,140,2,2
1513036101,1253,571,10,6
1513036102,384,216,4,2
1513036103,0,0,0,0
1513036104,140,140,2,2
1513036105,767,140,3,2
1513036106,560,296,8,4
1513036107,384,282,4,3
1513036108,0,0,0,0
1513036109,206,349,3,3
1513036110,140,140,2,2
1513036111,560,296,8,4
1513036112,1077,557,6,5
1513036113,0,0,0,0
1513036114,140,74,2,1
1513036115,140,140,2,2
1513036117,1187,362,9,5
1513036118,384,216,4,2
1513036119,0,0,0,0
1513036120,140,140,2,2
1513036121,140,74,2,1
1513036122,560,296,8,4
1513036123,384,282,4,3
1513036124,0,0,0,0
1513036125,206,349,3,3
1513036126,140,74,2,1
1513036127,560,296,8,4
1513036128,384,282,4,3
1513036129,696,275,2,2
1513036130,140,74,2,1
1513036131,140,140,2,2
1513036132,560,560,8,8
1513036133,1080,425,6,3
1513036134,0,0,0,0
1513036135,140,140,2,2
1513036136,140,74,2,1
1513036137,1187,626,9,9
1513036138,384,282,4,3
1513036139,0,0,0,0
1513036140,140,140,2,2
1513036141,206,349,3,3
1513036142,560,560,8,8
1513036143,384,282,4,3
1513036144,0,0,0,0
1513036145,833,415,4,4
1513036146,140,140,2,2
1513036147,560,560,8,8
1513036148,384,282,4,3
1513036149,693,209,2,1
1513036150,140,140,2,2
1513036151,140,140,2,2
1513036152,560,296,8,4
1513036153,1011,348,5,4
1513036154,0,0,0,0
1513036155,140,140,2,2
1513036156,140,140,2,2
1513036157,870,647,11,6
1513036158,140,140,2,2
1513036159,0,0,0,0
1513036160,140,140,2,2
1513036161,833,415,4,4
1513036162,804,702,10,9
1513036163,140,140,2,2
1513036164,0,0,0,0
1513036165,833,349,4,3
1513036166,140,140,2,2
1513036167,804,702,10,9
1513036168,140,74,2,1
1513036169,693,209,2,1
1513036170,140,140,2,2
1513036171,140,74,2,1
1513036172,804,438,10,5
1513036173,833,349,4,3
1513036174,74,0,1,0
1513036175,206,148,3,2
1513036176,560,560,8,8
1513036177,1077,425,6,3
1513036178,0,0,0,0
1513036179,140,140,2,2
1513036180,140,74,2,1
1513036181,1253,769,10,9
1513036182,384,216,4,2
1513036183,0,0,0,0
1513036184,140,140,2,2
1513036185,767,140,3,2
1513036186,560,296,8,4
1513036187,384,216,4,2
1513036188,0,0,0,0
1513036189,206,349,3,3
1513036190,140,74,2,1
1513036191,560,560,8,8
1513036192,384,216,4,2
1513036193,693,275,2,2
1513036194,140,140,2,2
1513036195,140,74,2,1
1513036196,560,560,8,8
1513036197,1077,425,6,3
1513036198,0,0,0,0
1513036199,140,140,2,2
1513036201,140,74,2,1
1513036202,1187,362,9,5
1513036203,384,216,4,2
1513036204,0,0,0,0
1513036205,140,74,2,1
1513036206,206,283,3,2
1513036207,560,296,8,4
1513036208,384,216,4,2
1513036209,0,0,0,0
1513036210,833,415,4,4
1513036211,140,74,2,1
1513036212,560,296,8,4
1513036213,384,282,4,3
1513036214,627,66,1,1
1513036215,140,140,2,2
1513036216,140,140,2,2
1513036217,560,560,8,8
1513036218,384,282,4,3
1513036219,0,0,0,0
1513036220,140,140,2,2
1513036221,140,140,2,2
1513036222,626,769,9,9
1513036223,384,282,4,3
1513036224,0,0,0,0
1513036225,140,140,2,2
1513036226,833,415,4,4
1513036227,560,560,8,8
1513036228,384,282,4,3
1513036229,0,0,0,0
1513036230,778,349,4,3
1513036231,140,140,2,2
1513036232,560,560,8,8
1513036233,384,282,4,3
1513036234,627,66,1,1
1513036235,140,140,2,2
1513036236,140,74,2,1
1513036237,560,296,8,4
1513036238,450,491,5,4
1513036239,0,0,0,0
1513036240,140,74,2,1
1513036241,140,74,2,1
1513036242,1253,571,10,6
1513036243,384,216,4,2
1513036244,0,0,0,0
1513036245,140,140,2,2
1513036246,833,283,4,2
1513036247,560,296,8,4
1513036248,384,282,4,3
1513036249,0,0,0,0
1513036250,767,206,3,3
1513036251,140,74,2,1
1513036252,804,438,10,5
1513036253,140,140,2,2
1513036254,66,209,1,1
1513036255,140,74,2,1
1513036256,140,140,2,2
1513036257,878,702,11,9
1513036258,759,349,3,3
1513036259,74,0,1,0
1513036260,206,214,3,3
1513036261,560,560,8,8
1513036262,1077,425,6,3
1513036263,0,0,0,0
1513036264,140,140,2,2
1513036265,140,140,2,2
1513036266,1253,505,10,5
1513036267,384,216,4,2
1513036268,0,0,0,0
1513036269,140,74,2,1
1513036270,833,349,4,3
1513036271,560,560,8,8
1513036272,384,216,4,2
1513036273,0,0,0,0
1513036274,833,349,4,3
1513036275,140,74,2,1
1513036276,560,560,8,8
1513036277,384,282,4,3
1513036278,693,209,2,1
1513036279,140,140,2,2
1513036280,140,140,2,2
1513036281,560,494,8,7
1513036282,1011,348,5,4
1513036283,0,0,0,0
1513036284,140,140,2,2
1513036286,140,140,2,2
1513036287,626,703,9,8
1513036288,384,216,4,2
1513036289,0,0,0,0
1513036290,140,140,2,2
1513036291,833,349,4,3
1513036292,560,560,8,8
1513036293,384,216,4,2
1513036294,0,0,0,0
1513036295,833,283,4,2
1513036296,140,74,2,1
1513036297,560,560,8,8
1513036298,384,216,4,2
1513036299,693,209,2,1
1513036300,140,140,2,2
1513036301,140,74,2,1
1513036302,560,296,8,4
1513036303,1014,348,5,4
1513036304,0,0,0,0
1513036305,140,140,2,2
1513036306,140,140,2,2
1513036307,626,505,9,5
1513036308,384,282,4,3
1513036309,0,0,0,0
1513036310,140,74,2,1
1513036311,836,415,4,4
1513036312,560,560,8,8
1513036313,384,216,4,2
1513036314,0,0,0,0
1513036315,833,283,4,2
1513036316,140,74,2,1
1513036317,560,560,8,8
1513036318,384,216,4,2
1513036319,693,209,2,1
1513036320,140,74,2,1
1513036321,140,74,2,1
1513036322,560,296,8,4
1513036323,384,282,4,3
1513036324,582,209,2,1
1513036325,140,140,2,2
1513036326,140,74,2,1
1513036327,560,296,8,4
1513036328,384,282,4,3
1513037853,0,0,0,0
1513037854,140,140,2,2
1513037855,140,140,2,2
1513037856,560,560,8,8
1513037857,384,282,4,3
1513037858,0,0,0,0
1513037859,280,214,4,3
1513037860,560,560,8,8
1513037861,384,282,4,3
1513037862,363,209,2,1
1513037863,140,74,2,1
1513037864,140,74,2,1
1513037865,1227,505,10,5
1513037866,384,282,4,3
1513037867,0,0,0,0
1513037868,140,74,2,1
1513037869,140,74,2,1
1513037870,560,296,8,4
1513037871,384,216,4,2
1513037872,0,0,0,0
1513037873,140,74,2,1
1513037874,140,140,2,2
1513037875,560,560,8,8
1513037876,384,216,4,2
1513037878,0,0,0,0
1513037879,140,74,2,1
1513037880,749,349,4,3
1513037881,560,560,8,8
1513037882,384,216,4,2
1513037883,0,0,0,0
1513037884,807,283,4,2
1513037885,140,140,2,2
1513037886,560,560,8,8
1513037887,384,216,4,2
1513037888,601,66,1,1
1513037889,140,140,2,2
1513037890,140,74,2,1
1513037891,560,296,8,4
1513037892,450,425,5,3
1513037893,0,0,0,0
1513037894,140,140,2,2
1513037895,140,74,2,1
1513037896,1227,571,10,6
1513037897,384,282,4,3
1513037898,0,0,0,0
1513037899,140,74,2,1
1513037900,807,283,4,2
1513037901,560,296,8,4
1513037902,384,282,4,3
1513037903,0,0,0,0
1513037904,807,283,4,2
1513037905,140,74,2,1
1513037906,560,560,8,8
1513037907,384,216,4,2
1513037908,667,209,2,1
1513037909,140,140,2,2
1513037910,140,74,2,1
1513037911,560,560,8,8
1513037912,1051,425,6,3
1513037913,0,0,0,0
1513037914,140,140,2,2
1513037915,140,74,2,1
1513037916,1161,362,9,5
1513037917,384,216,4,2
1513037918,0,0,0,0
1513037919,140,74,2,1
1513037920,140,140,2,2
1513037921,560,296,8,4
1513037922,384,216,4,2
1513037923,140,74,2,1
1513037924,74,66,1,1
1513037925,626,370,9,5
1513037926,140,74,2,1
1513037927,244,142,2,1
1513037928,140,74,2,1
1513037929,140,140,2,2
1513037930,560,296,8,4
1513037931,140,74,2,1
1513037932,310,351,3,2
1513037933,140,140,2,2
1513037934,140,74,2,1
1513037935,560,296,8,4
1513037936,1051,491,6,4
1513037937,0,0,0,0
1513037938,140,140,2,2
1513037939,140,74,2,1
1513037940,1161,362,9,5
1513037941,384,216,4,2
1513037942,0,0,0,0
1513037943,140,74,2,1
1513037944,140,74,2,1
1513037945,560,560,8,8
1513037947,384,216,4,2
1513037948,0,0,0,0
1513037949,206,349,3,3
1513037950,140,74,2,1
1513037951,560,560,8,8
1513037952,384,282,4,3
1513037953,601,66,1,1
1513037954,140,140,2,2
1513037955,140,74,2,1
1513037956,560,296,8,4
1513037957,384,282,4,3
1513037958,0,0,0,0
1513037959,140,74,2,1
1513037960,140,140,2,2
1513037961,560,560,8,8
1513037962,384,216,4,2
1513037963,0,0,0,0
1513037964,140,140,2,2
1513037965,140,140,2,2
1513037966,560,560,8,8
1513037967,384,216,4,2
1513037968,0,0,0,0
1513037969,140,140,2,2
1513037970,140,140,2,2
1513037971,560,296,8,4
1513037972,384,282,4,3
1513037973,0,0,0,0
1513037974,140,74,2,1
1513037975,140,140,2,2
1513037976,560,560,8,8
1513037977,384,216,4,2
1513037978,0,0,0,0
1513037979,206,283,3,2
1513037980,140,74,2,1
1513037981,560,560,8,8
1513037982,384,216,4,2
1513037983,667,275,2,2
1513037984,140,74,2,1
1513037985,140,74,2,1
1513037986,560,296,8,4
1513037987,985,282,5,3
1513037988,0,0,0,0
1513037989,140,74,2,1
1513037990,140,140,2,2
1513037991,560,296,8,4
1513037992,384,216,4,2
1513037993,0,0,0,0
1513037994,140,74,2,1
1513037995,206,349,3,3
1513037996,560,296,8,4
1513037997,384,282,4,3
1513037998,0,0,0,0
1513037999,807,349,4,3
1513038000,140,74,2,1
1513038001,560,296,8,4
1513038002,384,282,4,3
1513038003,741,209,3,1
1513038004,206,148,3,2
1513038005,296,0,4,0
1513038006,404,634,6,9
1513038007,845,208,3,2
1513038008,140,140,2,2
1513038009,140,74,2,1
1513038010,560,560,8,8
1513038011,206,349,3,3
1513038012,244,142,2,1
1513038013,140,140,2,2
1513038014,140,140,2,2
1513038015,1227,571,10,6
1513038016,140,140,2,2
1513038017,244,142,2,1
1513038018,140,140,2,2
1513038019,741,206,3,3
1513038020,560,296,8,4
1513038021,140,140,2,2
1513038022,244,142,2,1
1513038023,140,140,2,2
1513038024,140,74,2,1
1513038025,560,296,8,4
1513038026,384,282,4,3
1513038027,0,0,0,0
1513038029,140,74,2,1
1513038030,140,74,2,1
1513038031,560,560,8,8
1513038032,384,216,4,2
1513038033,0,0,0,0
1513038034,140,140,2,2
1513038035,140,74,2,1
1513038036,560,560,8,8
1513038037,450,491,5,4
1513038038,0,0,0,0
1513038039,140,140,2,2
1513038040,140,140,2,2
1513038041,1227,571,10,6
1513038042,384,282,4,3
1513038043,0,0,0,0
1513038044,140,74,2,1
1513038045,807,349,4,3
1513038046,560,560,8,8
1513038047,384,216,4,2
1513038048,0,0,0,0
1513038049,741,206,3,3
1513038050,140,74,2,1
1513038051,560,560,8,8
1513038052,384,216,4,2
1513038053,66,209,1,1
1513038054,140,140,2,2
1513038055,140,140,2,2
1513038056,560,560,8,8
1513038057,1051,491,6,4
1513038058,0,0,0,0
1513038059,140,140,2,2
1513038060,140,140,2,2
1513038061,1227,769,10,9
1513038062,384,282,4,3
1513038063,0,0,0,0
1513038064,140,140,2,2
1513038065,140,140,2,2
1513038066,560,296,8,4
1513038067,384,282,4,3
1513038068,0,0,0,0
1513038069,140,74,2,1
1513038070,140,140,2,2
1513038071,560,560,8,8
1513038072,384,216,4,2
1513038073,0,0,0,0
1513038074,140,74,2,1
1513038075,683,206,3,3
1513038076,560,560,8,8
1513038077,384,216,4,2
1513038078,0,0,0,0
1513038079,206,349,3,3
1513038080,140,74,2,1
1513038081,560,560,8,8
1513038082,384,282,4,3
1513038083,807,415,4,4
1513038084,140,74,2,1
1513038085,560,296,8,4
1513038086,140,140,2,2
1513038087,911,351,4,2
1513038088,140,74,2,1
1513038089,140,74,2,1
1513038090,560,560,8,8
1513038091,807,283,4,2
1513038092,244,142,2,1
1513038093,140,140,2,2
1513038094,140,74,2,1
1513038095,1227,769,10,9
1513038096,140,74,2,1
1513038097,244,142,2,1
1513038098,140,140,2,2
1513038099,807,349,4,3
1513038100,560,296,8,4
1513038101,140,74,2,1
1513038102,244,142,2,1
1513038103,807,283,4,2
1513038104,140,140,2,2
1513038105,560,560,8,8
1513038106,140,74,2,1
1513038108,845,208,3,2
1513038109,140,140,2,2
1513038110,140,74,2,1
1513038111,560,560,8,8
1513038112,450,491,5,4
1513038113,0,0,0,0
1513038114,140,140,2,2
1513038115,140,74,2,1
1513038116,1227,571,10,6
1513038117,384,282,4,3
1513038118,0,0,0,0
1513038119,140,74,2,1
1513038120,807,349,4,3
1513038121,560,560,8,8
1513038122,384,216,4,2
1513038123,0,0,0,0
1513038124,741,140,3,2
1513038125,140,140,2,2
1513038126,560,560,8,8
1513038127,384,216,4,2
1513038128,66,209,1,1
1513038129,140,140,2,2
1513038130,140,74,2,1
1513038131,560,296,8,4
1513038132,1051,557,6,5
1513038133,0,0,0,0
1513038134,140,140,2,2
1513038135,140,140,2,2
1513038136,560,560,8,8
1513038137,384,282,4,3
1513038138,0,0,0,0
1513038139,140,140,2,2
1513038140,140,140,2,2
1513038141,560,560,8,8
1513038142,384,216,4,2
1513038143,0,0,0,0
1513038144,140,140,2,2
1513038145,140,74,2,1
1513038146,1103,362,9,5
1513038147,384,282,4,3
1513038148,0,0,0,0
1513038149,140,140,2,2
1513038150,140,140,2,2
1513038151,560,296,8,4
1513038152,384,282,4,3
1513038153,0,0,0,0
1513038154,206,283,3,2
1513038155,140,140,2,2
1513038156,560,560,8,8
1513038157,384,216,4,2
1513038158,667,275,2,2
1513038159,140,140,2,2
1513038160,140,74,2,1
1513038161,634,560,9,8
1513038162,977,491,5,4
1513038163,140,140,2,2
1513038164,74,66,1,1
1513038165,626,370,9,5
1513038166,741,206,3,3
1513038167,244,142,2,1
1513038168,140,74,2,1
1513038169,140,140,2,2
1513038170,626,769,9,9
1513038171,140,74,2,1
1513038172,244,142,2,1
1513038173,140,74,2,1
1513038174,807,349,4,3
1513038175,560,560,8,8
1513038176,140,74,2,1
1513038177,244,142,2,1
1513038178,140,74,2,1
1513038179,140,74,2,1
1513038180,560,296,8,4
1513038181,140,74,2,1
1513038182,244,142,2,1
1513038183,140,74,2,1
1513038184,140,140,2,2
1513038185,560,560,8,8
1513038186,140,74,2,1
1513038188,853,351,4,2
1513038189,140,74,2,1
1513038190,140,140,2,2
1513038191,560,560,8,8
1513038192,741,140,3,2
1513038193,244,142,2,1
1513038194,140,140,2,2
1513038195,140,74,2,1
1513038196,626,769,9,9
1513038197,140,140,2,2
1513038198,244,142,2,1
1513038199,140,140,2,2
1513038200,807,349,4,3
1513038201,560,296,8,4
1513038202,384,282,4,3
1513038203,0,0,0,0
1513038204,807,283,4,2
1513038205,140,140,2,2
1513038206,560,560,8,8
1513038207,384,216,4,2
1513038208,667,209,2,1
1513038209,140,140,2,2
1513038210,140,140,2,2
1513038211,560,560,8,8
1513038212,1051,425,6,3
1513038213,0,0,0,0
1513038214,140,140,2,2
1513038215,140,74,2,1
1513038216,1227,505,10,5
1513038217,384,282,4,3
1513038218,0,0,0,0
1513038219,140,140,2,2
1513038220,807,349,4,3
1513038221,560,560,8,8
1513038222,384,282,4,3
1513038223,0,0,0,0
1513038224,741,140,3,2
1513038225,140,140,2,2
1513038226,560,560,8,8
1513038227,384,216,4,2
1513038228,66,209,1,1
1513038229,140,140,2,2
1513038230,140,74,2,1
1513038231,560,560,8,8
1513038232,1051,557,6,5
1513038233,0,0,0,0
1513038234,140,140,2,2
1513038235,140,74,2,1
1513038236,1227,505,10,5
1513038237,384,282,4,3
1513038238,0,0,0,0
1513038239,140,74,2,1
1513038240,807,349,4,3
1513038241,560,560,8,8
1513038242,384,216,4,2
1513038243,74,0,1,0
1513038244,807,280,4,4
1513038245,560,560,8,8
1513038246,140,74,2,1
1513038247,244,142,2,1
1513038248,206,349,3,3
1513038249,140,74,2,1
1513038250,560,296,8,4
1513038251,140,140,2,2
1513038252,911,417,4,3
1513038253,140,140,2,2
1513038254,140,140,2,2
1513038255,560,296,8,4
1513038256,807,349,4,3
1513038257,244,142,2,1
1513038258,140,74,2,1
1513038259,140,140,2,2
1513038260,1227,769,10,9
1513038261,140,74,2,1
1513038262,244,142,2,1
1513038263,140,74,2,1
1513038264,140,74,2,1
1513038265,560,560,8,8
1513038267,140,74,2,1
1513038268,244,142,2,1
1513038269,140,140,2,2
1513038270,140,74,2,1
1513038271,560,560,8,8
1513038272,140,140,2,2
1513038273,244,142,2,1
1513038274,140,140,2,2
1513038275,749,349,4,3
1513038276,560,296,8,4
1513038277,140,140,2,2
1513038278,244,142,2,1
1513038279,807,283,4,2
1513038280,140,140,2,2
1513038281,560,560,8,8
1513038282,140,74,2,1
1513038283,911,351,4,2
1513038284,140,74,2,1
1513038285,140,140,2,2
1513038286,560,560,8,8
1513038287,807,283,4,2
1513038288,244,142,2,1
1513038289,140,140,2,2
1513038290,140,74,2,1
1513038291,1227,505,10,5
1513038292,384,282,4,3
1513038293,0,0,0,0
1513038294,140,140,2,2
1513038295,741,140,3,2
1513038296,560,296,8,4
1513038297,384,282,4,3
1513038298,0,0,0,0
1513038299,206,283,3,2
1513038300,140,140,2,2
1513038301,560,560,8,8
1513038302,384,282,4,3
1513038303,667,275,2,2
1513038304,140,74,2,1
1513038305,140,140,2,2
1513038306,560,560,8,8
1513038307,1051,491,6,4
1513038308,0,0,0,0
1513038309,140,74,2,1
1513038310,140,74,2,1
1513038311,1227,505,10,5
1513038312,384,282,4,3
1513038313,0,0,0,0
1513038314,140,74,2,1
1513038315,807,283,4,2
1513038316,560,560,8,8
1513038317,384,216,4,2
1513038318,0,0,0,0
1513038319,807,349,4,3
1513038320,140,74,2,1
1513038321,634,560,9,8
1513038322,310,282,3,3
1513038323,807,349,4,3
1513038324,140,74,2,1
1513038325,560,296,8,4
1513038326,140,140,2,2
1513038327,911,351,4,2
1513038328,140,74,2,1
1513038329,140,140,2,2
1513038330,560,560,8,8
1513038331,741,140,3,2
1513038332,244,142,2,1
1513038333,140,140,2,2
1513038334,140,140,2,2
1513038335,560,560,8,8
1513038336,140,74,2,1
1513038337,244,142,2,1
1513038338,140,140,2,2
1513038339,206,283,3,2
1513038340,560,296,8,4
1513038341,140,74,2,1
1513038342,244,142,2,1
1513038343,807,349,4,3
1513038344,140,140,2,2
1513038345,560,428,8,6
1513038346,140,74,2,1
1513038348,845,208,3,2
1513038349,140,140,2,2
1513038350,140,140,2,2
1513038351,560,428,8,6
1513038352,140,140,2,2
1513038353,244,142,2,1
1513038354,140,140,2,2
1513038355,140,74,2,1
1513038356,560,296,8,4
1513038357,140,140,2,2
1513038358,244,142,2,1
1513038359,140,74,2,1
1513038360,140,140,2,2
1513038361,560,560,8,8
1513038362,140,74,2,1
1513038363,244,142,2,1
1513038364,140,140,2,2
1513038365,140,140,2,2
1513038366,560,560,8,8
1513038367,140,140,2,2
1513038368,244,142,2,1
1513038369,140,140,2,2
1513038370,140,74,2,1
1513038371,560,296,8,4
1513038372,140,140,2,2
1513038373,310,351,3,2
1513038374,140,74,2,1
1513038375,140,74,2,1
1513038376,560,296,8,4
1513038377,807,415,4,4
1513038378,244,142,2,1
1513038379,140,74,2,1
1513038380,140,74,2,1
1513038381,1227,505,10,5
1513038382,384,216,4,2
1513038383,0,0,0,0
1513038384,140,140,2,2
1513038385,741,140,3,2
1513038386,560,296,8,4
1513038387,384,282,4,3
1513038388,0,0,0,0
1513038389,140,140,2,2
1513038390,140,74,2,1
1513038391,560,296,8,4
1513038392,384,282,4,3
1513038393,66,209,1,1
1513038394,140,74,2,1
1513038395,140,74,2,1
1513038396,560,296,8,4
1513038397,1051,557,6,5
1513038398,0,0,0,0
1513038399,140,74,2,1
1513038400,436,140,6,2
1513038401,1005,505,7,5
1513038402,310,216,3,2
1513038403,74,66,1,1
1513038404,206,214,3,3
1513038405,1161,362,9,5
1513038406,140,74,2,1
1513038407,244,142,2,1
1513038408,140,140,2,2
1513038409,140,74,2,1
1513038410,560,296,8,4
1513038411,140,140,2,2
1513038412,244,142,2,1
1513038413,206,283,3,2
1513038414,140,140,2,2
1513038415,560,560,8,8
1513038416,140,140,2,2
1513038417,911,417,4,3
1513038418,140,140,2,2
1513038419,140,140,2,2
1513038420,560,560,8,8
1513038421,807,283,4,2
1513038422,244,142,2,1
1513038423,140,140,2,2
1513038424,140,74,2,1
1513038425,1227,505,10,5
1513038427,140,74,2,1
1513038428,244,142,2,1
1513038429,140,74,2,1
1513038430,807,349,4,3
1513038431,560,560,8,8
1513038432,140,74,2,1
1513038433,244,142,2,1
1513038434,807,349,4,3
1513038435,140,140,2,2
1513038436,560,560,8,8
1513038437,140,74,2,1
1513038438,911,351,4,2
1513038439,140,140,2,2
1513038440,140,74,2,1
1513038441,560,296,8,4
1513038442,741,206,3,3
1513038443,244,142,2,1
1513038444,140,74,2,1
1513038445,140,140,2,2
1513038446,560,296,8,4
1513038447,140,140,2,2
1513038448,244,142,2,1
1513038449,140,140,2,2
1513038450,206,349,3,3
1513038451,560,296,8,4
1513038452,140,140,2,2
1513038453,244,142,2,1
1513038454,807,415,4,4
1513038455,140,74,2,1
1513038456,560,560,8,8
1513038457,140,140,2,2
1513038458,911,351,4,2
1513038459,140,74,2,1
1513038460,140,140,2,2
1513038461,560,560,8,8
1513038462,807,283,4,2
1513038463,244,142,2,1
1513038464,140,74,2,1
1513038465,140,140,2,2
1513038466,1161,626,9,9
1513038467,140,74,2,1
1513038468,244,142,2,1
1513038469,140,140,2,2
1513038470,206,283,3,2
1513038471,560,296,8,4
1513038472,384,216,4,2
1513038473,0,0,0,0
1513038474,807,415,4,4
1513038475,140,74,2,1
1513038476,560,296,8,4
1513038477,384,282,4,3
1513038478,741,275,3,2
1513038479,206,148,3,2
1513038480,560,296,8,4
1513038481,140,140,2,2
1513038482,911,351,4,2
1513038483,140,74,2,1
1513038484,140,74,2,1
1513038485,560,296,8,4
1513038486,807,349,4,3
1513038487,244,142,2,1
1513038488,140,74,2,1
1513038489,140,140,2,2
1513038490,1227,769,10,9
1513038491,140,140,2,2
1513038492,244,142,2,1
1513038493,140,140,2,2
1513038494,807,349,4,3
1513038495,560,560,8,8
1513038496,140,140,2,2
1513038497,244,142,2,1
1513038498,807,349,4,3
1513038499,140,74,2,1
1513038500,560,560,8,8
1513038501,140,140,2,2
1513038502,911,351,4,2
1513038503,140,74,2,1
1513038504,140,140,2,2
1513038506,560,560,8,8
1513038507,741,140,3,2
1513038508,244,142,2,1
1513038509,140,74,2,1
1513038510,140,140,2,2
1513038511,560,560,8,8
1513038512,140,74,2,1
1513038513,244,142,2,1
1513038514,140,140,2,2
1513038515,140,74,2,1
1513038516,560,296,8,4
1513038517,140,140,2,2
1513038518,244,142,2,1
1513038519,140,140,2,2
1513038520,140,140,2,2
1513038521,626,769,9,9
1513038522,140,140,2,2
1513038523,244,142,2,1
1513038524,140,74,2,1
1513038525,807,415,4,4
1513038526,560,560,8,8
1513038527,140,74,2,1
1513038528,244,142,2,1
1513038529,807,349,4,3
1513038530,140,74,2,1
1513038531,560,296,8,4
1513038532,140,74,2,1
1513038533,911,351,4,2
1513038534,140,140,2,2
1513038535,140,74,2,1
1513038536,560,560,8,8
1513038537,807,283,4,2
1513038538,244,142,2,1
1513038539,140,74,2,1
1513038540,140,74,2,1
1513038541,1227,769,10,9
1513038542,140,74,2,1
1513038543,244,142,2,1
1513038544,140,140,2,2
1513038545,807,283,4,2
1513038546,560,296,8,4
1513038547,140,74,2,1
1513038548,244,142,2,1
1513038549,807,349,4,3
1513038550,140,74,2,1
1513038551,560,296,8,4
1513038552,140,74,2,1
1513038553,911,351,4,2
1513038554,140,140,2,2
1513038555,140,74,2,1
1513038556,560,296,8,4
1513038557,741,206,3,3
1513038558,244,142,2,1
1513038559,140,74,2,1
1513038560,436,140,6,2
1513038561,404,835,6,10
1513038562,310,216,3,2
1513038563,140,74,2,1
1513038564,140,140,2,2
1513038565,1227,835,10,10
1513038566,140,74,2,1
1513038567,244,142,2,1
1513038568,140,74,2,1
1513038569,807,283,4,2
1513038570,560,296,8,4
1513038571,140,74,2,1
1513038572,244,142,2,1
1513038573,807,283,4,2
1513038574,140,140,2,2
1513038575,560,560,8,8
1513038576,807,283,4,2
1513038577,244,142,2,1
1513038578,140,140,2,2
1513038579,140,140,2,2
1513038580,1227,769,10,9
1513038581,140,74,2,1
1513038582,244,142,2,1
1513038583,140,140,2,2
1513038585,807,283,4,2
1513038586,560,296,8,4
1513038587,140,74,2,1
1513038588,244,142,2,1
1513038589,807,283,4,2
1513038590,140,140,2,2
1513038591,560,296,8,4
1513038592,140,74,2,1
1513038593,911,351,4,2
1513038594,140,140,2,2
1513038595,140,140,2,2
1513038596,560,296,8,4
1513038597,741,206,3,3
1513038598,244,142,2,1
1513038599,140,140,2,2
1513038600,140,140,2,2
1513038601,626,505,9,5
1513038602,140,140,2,2
1513038603,244,142,2,1
1513038604,140,74,2,1
1513038605,807,415,4,4
1513038606,560,362,8,5
1513038607,140,74,2,1
1513038608,244,142,2,1
1513038609,807,349,4,3
1513038610,140,74,2,1
1513038611,560,362,8,5
1513038612,140,74,2,1
1513038613,911,351,4,2
1513038614,140,140,2,2
1513038615,140,74,2,1
1513038616,560,296,8,4
1513038617,807,283,4,2
1513038618,244,142,2,1
1513038619,140,74,2,1
1513038620,140,140,2,2
1513038621,1227,769,10,9
1513038622,140,74,2,1
1513038623,244,142,2,1
1513038624,140,74,2,1
1513038625,807,349,4,3
1513038626,560,560,8,8
1513038627,140,74,2,1
1513038628,244,142,2,1
1513038629,807,283,4,2
1513038630,140,74,2,1
1513038631,560,296,8,4
1513038632,140,140,2,2
1513038633,911,351,4,2
1513038634,140,74,2,1
1513038635,140,74,2,1
1513038636,560,560,8,8
1513038637,807,349,4,3
1513038638,318,142,3,1
1513038639,140,74,2,1
1513038640,362,404,5,6
1513038641,1071,579,8,6
1513038642,0,0,0,0
1513038643,384,216,4,2
1513038644,140,140,2,2
1513038645,1227,769,10,9
1513038646,140,74,2,1
1513038647,244,142,2,1
1513038648,140,140,2,2
1513038649,807,283,4,2
1513038650,560,296,8,4
1513038651,140,74,2,1
1513038652,244,142,2,1
1513038653,807,349,4,3
1513038654,140,74,2,1
1513038655,560,296,8,4
1513038656,140,140,2,2
1513038657,845,208,3,2
1513038658,140,74,2,1
1513038659,140,74,2,1
1513038660,560,296,8,4
1513038661,140,140,2,2
1513038662,244,142,2,1
1513038664,140,74,2,1
1513038665,140,140,2,2
1513038666,626,637,9,7
1513038667,140,140,2,2
1513038668,244,142,2,1
1513038669,140,140,2,2
1513038670,807,415,4,4
1513038671,560,428,8,6
1513038672,140,74,2,1
1513038673,244,142,2,1
1513038674,741,206,3,3
1513038675,140,74,2,1
1513038676,560,296,8,4
1513038677,140,74,2,1
1513038678,244,142,2,1
1513038679,140,140,2,2
1513038680,140,74,2,1
1513038681,560,296,8,4
1513038682,140,74,2,1
1513038683,244,142,2,1
1513038684,140,140,2,2
1513038685,140,74,2,1
1513038686,560,296,8,4
1513038687,140,140,2,2
1513038688,244,142,2,1
1513038689,140,74,2,1
1513038690,206,283,3,2
1513038691,560,296,8,4
1513038692,140,140,2,2
1513038693,244,142,2,1
1513038694,807,349,4,3
1513038695,140,74,2,1
1513038696,560,296,8,4
1513038697,140,74,2,1
1513038698,911,351,4,2
1513038699,140,140,2,2
1513038700,140,74,2,1
1513038701,560,296,8,4
1513038702,741,140,3,2
1513038703,244,142,2,1
1513038704,140,140,2,2
1513038705,140,74,2,1
1513038706,560,560,8,8
1513038707,140,74,2,1
1513038708,244,142,2,1
1513038709,140,140,2,2
1513038710,206,283,3,2
1513038711,560,560,8,8
1513038712,140,140,2,2
1513038713,244,142,2,1
1513038714,807,415,4,4
1513038715,140,74,2,1
1513038716,634,626,9,9
1513038717,66,74,1,1
1513038718,1051,425,6,3
1513038719,140,140,2,2
1513038720,560,560,8,8
1513038721,140,74,2,1
1513038722,601,66,1,1
1513038723,384,216,4,2
1513038724,140,140,2,2
1513038725,560,296,8,4
1513038726,140,140,2,2
1513038727,0,0,0,0
1513038728,384,216,4,2
1513038729,140,74,2,1
1513038730,626,505,9,5
1513038731,140,140,2,2
1513038732,244,142,2,1
1513038733,140,74,2,1
1513038734,807,415,4,4
1513038735,560,560,8,8
1513038736,140,140,2,2
1513038737,244,142,2,1
1513038738,807,283,4,2
1513038739,140,140,2,2
1513038741,560,560,8,8
1513038742,140,74,2,1
1513038743,911,351,4,2
1513038744,140,140,2,2
1513038745,140,74,2,1
1513038746,560,296,8,4
1513038747,807,283,4,2
1513038748,244,142,2,1
1513038749,140,140,2,2
1513038750,140,74,2,1
1513038751,1227,505,10,5
1513038752,140,74,2,1
1513038753,244,142,2,1
1513038754,140,140,2,2
1513038755,807,283,4,2
1513038756,560,296,8,4
1513038757,140,140,2,2
1513038758,244,142,2,1
1513038759,741,206,3,3
1513038760,140,74,2,1
1513038761,560,296,8,4
1513038762,140,140,2,2
1513038763,244,142,2,1
1513038764,140,74,2,1
1513038765,140,140,2,2
1513038766,560,428,8,6
1513038767,140,74,2,1
1513038768,244,142,2,1
1513038769,140,74,2,1
1513038770,140,140,2,2
1513038771,560,428,8,6
1513038772,140,74,2,1
1513038773,244,142,2,1
1513038774,140,74,2,1
1513038775,140,74,2,1
1513038776,560,296,8,4
1513038777,140,74,2,1
1513038778,244,142,2,1
1513038779,140,74,2,1
1513038780,140,74,2,1
1513038781,560,560,8,8
1513038782,140,74,2,1
1513038783,244,142,2,1
1513038784,140,74,2,1
1513038785,140,74,2,1
1513038786,560,560,8,8
1513038787,140,74,2,1
1513038788,244,142,2,1
1513038789,140,140,2,2
1513038790,140,74,2,1
1513038791,700,370,10,5
1513038792,0,0,0,0
1513038793,384,282,4,3
1513038794,140,74,2,1
1513038795,560,296,8,4
1513038796,206,283,3,2
1513038797,0,0,0,0
1513038798,384,216,4,2
1513038799,140,74,2,1
1513038800,1227,571,10,6
1513038801,140,74,2,1
1513038802,0,0,0,0
1513038803,384,216,4,2
1513038804,807,283,4,2
1513038805,560,296,8,4
1513038806,140,140,2,2
1513038807,0,0,0,0
1513038808,384,216,4,2
1513038809,140,140,2,2
1513038810,560,560,8,8
1513038811,140,140,2,2
1513038812,0,0,0,0
1513038813,384,216,4,2
1513038815,140,140,2,2
1513038816,560,560,8,8
1513038817,140,74,2,1
1513038818,244,142,2,1
1513038819,749,349,4,3
1513038820,140,74,2,1
1513038821,560,296,8,4
1513038822,140,140,2,2
1513038823,845,208,3,2
1513038824,140,140,2,2
1513038825,140,74,2,1
1513038826,560,296,8,4
1513038827,206,349,3,3
1513038828,244,142,2,1
1513038829,140,74,2,1
1513038830,140,74,2,1
1513038831,1227,571,10,6
1513038832,140,140,2,2
1513038833,244,142,2,1
1513038834,140,74,2,1
1513038835,807,283,4,2
1513038836,560,560,8,8
1513038837,140,74,2,1
1513038838,244,142,2,1
1513038839,807,283,4,2
1513038840,140,74,2,1
1513038841,560,560,8,8
1513038842,140,74,2,1
1513038843,911,351,4,2
1513038844,140,74,2,1
1513038845,140,74,2,1
1513038846,560,296,8,4
1513038847,741,140,3,2
1513038848,244,142,2,1
1513038849,206,283,3,2
1513038850,140,74,2,1
1513038851,560,296,8,4
1513038852,140,74,2,1
1513038853,911,417,4,3
1513038854,140,74,2,1
1513038855,140,74,2,1
1513038856,560,296,8,4
1513038857,807,283,4,2
1513038858,244,142,2,1
1513038859,140,74,2,1
1513038860,140,74,2,1
1513038861,1227,769,10,9
1513038862,140,74,2,1
1513038863,244,142,2,1
1513038864,140,74,2,1
1513038865,741,206,3,3
1513038866,560,560,8,8
1513038867,140,74,2,1
1513038868,318,142,3,1
1513038869,272,489,4,5
1513038870,560,560,8,8
1513038871,140,140,2,2
1513038872,0,0,0,0
1513038873,1051,557,6,5
1513038874,140,140,2,2
1513038875,560,296,8,4
1513038876,140,140,2,2
1513038877,667,209,2,1
1513038878,384,216,4,2
1513038879,140,140,2,2
1513038880,1227,571,10,6
1513038881,140,74,2,1
1513038882,0,0,0,0
1513038883,384,216,4,2
1513038884,807,349,4,3
1513038885,560,560,8,8
1513038886,140,74,2,1
1513038887,0,0,0,0
1513038888,1051,491,6,4
1513038889,140,74,2,1
1513038891,560,560,8,8
1513038892,140,140,2,2
1513038893,667,209,2,1
1513038894,384,282,4,3
1513038895,140,74,2,1
1513038896,560,296,8,4
1513038897,807,349,4,3
1513038898,0,0,0,0
1513038899,384,216,4,2
1513038900,140,140,2,2
1513038901,1227,769,10,9
1513038902,140,140,2,2
1513038903,244,142,2,1
1513038904,140,74,2,1
1513038905,741,206,3,3
1513038906,560,560,8,8
1513038907,140,74,2,1
1513038908,244,142,2,1
1513038909,206,349,3,3
1513038910,140,74,2,1
1513038911,560,296,8,4
1513038912,140,140,2,2
1513038913,911,417,4,3
1513038914,140,140,2,2
1513038915,140,74,2,1
1513038916,560,296,8,4
1513038917,807,349,4,3
1513038918,244,142,2,1
1513038919,140,74,2,1
1513038920,140,140,2,2
1513038921,1227,505,10,5
1513038922,140,74,2,1
1513038923,244,142,2,1
1513038924,140,74,2,1
1513038925,807,349,4,3
1513038926,560,296,8,4
1513038927,140,74,2,1
1513038928,244,142,2,1
1513038929,807,349,4,3
1513038930,140,74,2,1
1513038931,560,296,8,4
1513038932,140,140,2,2
1513038933,911,351,4,2
1513038934,140,140,2,2
1513038935,140,74,2,1
1513038936,560,296,8,4
1513038937,807,349,4,3
1513038938,244,142,2,1
1513038939,214,74,3,1
1513038940,362,74,5,1
1513038941,1071,645,8,7
1513038942,0,0,0,0
1513038943,384,216,4,2
1513038944,140,140,2,2
1513038945,1161,626,9,9
1513038946,140,74,2,1
1513038947,0,0,0,0
1513038948,384,282,4,3
1513038949,206,349,3,3
1513038950,560,560,8,8
1513038951,140,74,2,1
1513038952,0,0,0,0
1513038953,1051,557,6,5
1513038954,140,74,2,1
1513038955,560,296,8,4
1513038956,140,140,2,2
1513038957,667,209,2,1
1513038958,384,216,4,2
1513038959,140,74,2,1
1513038960,560,560,8,8
1513038961,807,283,4,2
1513038963,0,0,0,0
1513038964,384,216,4,2
1513038965,140,74,2,1
1513038966,1227,769,10,9
1513038967,140,74,2,1
1513038968,0,0,0,0
1513038969,384,282,4,3
1513038970,807,283,4,2
1513038971,560,296,8,4
1513038972,140,74,2,1
1513038973,0,0,0,0
1513038974,1051,491,6,4
1513038975,140,74,2,1
1513038976,560,296,8,4
1513038977,140,140,2,2
1513038978,667,209,2,1
1513038979,384,216,4,2
1513038980,140,74,2,1
1513038981,560,296,8,4
1513038982,140,140,2,2
1513038983,244,142,2,1
1513038984,140,74,2,1
1513038985,140,74,2,1
1513038986,560,296,8,4
1513038987,140,74,2,1
1513038988,244,142,2,1
1513038989,140,140,2,2
1513038990,140,74,2,1
1513038991,560,296,8,4
1513038992,749,283,4,2
1513038993,244,142,2,1
1513038994,140,140,2,2
1513038995,140,74,2,1
1513038996,1227,505,10,5
1513038997,140,140,2,2
1513038998,244,142,2,1
1513038999,140,74,2,1
1513039000,807,349,4,3
1513039001,560,560,8,8
1513039002,140,74,2,1
1513039003,244,142,2,1
1513039004,807,283,4,2
1513039005,140,140,2,2
1513039006,560,560,8,8
1513039007,140,74,2,1
1513039008,911,351,4,2
1513039009,140,140,2,2
1513039010,140,74,2,1
1513039011,560,560,8,8
1513039012,807,283,4,2
1513039013,384,282,4,3
1513039014,140,74,2,1
1513039015,560,296,8,4
1513039016,807,349,4,3
1513039017,0,0,0,0
1513039018,384,216,4,2
1513039019,140,140,2,2
1513039020,1161,428,9,6
1513039021,140,140,2,2
1513039022,0,0,0,0
1513039023,384,216,4,2
1513039024,140,140,2,2
1513039025,560,428,8,6
1513039026,140,74,2,1
1513039027,0,0,0,0
1513039028,450,425,5,3
1513039029,140,74,2,1
1513039030,560,296,8,4
1513039031,140,140,2,2
1513039032,667,275,2,2
1513039033,384,216,4,2
1513039034,140,140,2,2
1513039035,560,362,8,5
1513039036,140,140,2,2
1513039038,0,0,0,0
1513039039,384,216,4,2
1513039040,140,140,2,2
1513039041,560,560,8,8
1513039042,140,74,2,1
1513039043,0,0,0,0
1513039044,384,282,4,3
1513039045,140,74,2,1
1513039046,1169,769,10,9
1513039047,140,74,2,1
1513039048,0,0,0,0
1513039049,384,282,4,3
1513039050,807,283,4,2
1513039051,560,560,8,8
1513039052,140,140,2,2
1513039053,0,0,0,0
1513039054,1051,491,6,4
1513039055,140,74,2,1
1513039056,560,296,8,4
1513039057,140,140,2,2
1513039058,667,209,2,1
1513039059,384,216,4,2
1513039060,140,140,2,2
1513039061,560,560,8,8
1513039062,807,349,4,3
1513039063,0,0,0,0
1513039064,384,282,4,3
1513039065,140,140,2,2
1513039066,1227,769,10,9
1513039067,140,140,2,2
1513039068,244,142,2,1
1513039069,140,140,2,2
1513039070,807,283,4,2
1513039071,560,296,8,4
1513039072,140,140,2,2
1513039073,244,142,2,1
1513039074,741,140,3,2
1513039075,140,140,2,2
1513039076,560,560,8,8
1513039077,140,74,2,1
1513039078,244,142,2,1
1513039079,140,140,2,2
1513039080,140,140,2,2
1513039081,560,560,8,8
1513039082,206,283,3,2
1513039083,244,142,2,1
1513039084,140,140,2,2
1513039085,140,74,2,1
1513039086,1227,571,10,6
1513039087,140,140,2,2
1513039088,244,142,2,1
1513039089,214,74,3,1
1513039090,1029,349,7,3
1513039091,404,436,6,6
1513039092,0,0,0,0
1513039093,384,216,4,2
1513039094,807,349,4,3
1513039095,560,560,8,8
1513039096,140,74,2,1
1513039097,0,0,0,0
1513039098,1051,425,6,3
1513039099,140,74,2,1
1513039100,560,560,8,8
1513039101,140,74,2,1
1513039102,667,209,2,1
1513039103,384,216,4,2
1513039104,140,74,2,1
1513039105,560,296,8,4
1513039106,807,349,4,3
1513039107,0,0,0,0
1513039108,384,216,4,2
1513039109,140,74,2,1
1513039110,1227,505,10,5
1513039111,140,140,2,2
1513039112,0,0,0,0
1513039114,384,216,4,2
1513039115,807,349,4,3
1513039116,560,560,8,8
1513039117,140,74,2,1
1513039118,0,0,0,0
1513039119,1051,425,6,3
1513039120,140,140,2,2
1513039121,560,560,8,8
1513039122,140,74,2,1
1513039123,667,209,2,1
1513039124,384,216,4,2
1513039125,140,74,2,1
1513039126,560,560,8,8
1513039127,807,283,4,2
1513039128,0,0,0,0
1513039129,384,282,4,3
1513039130,140,74,2,1
1513039131,1227,769,10,9
1513039132,140,74,2,1
1513039133,0,0,0,0
1513039134,384,282,4,3
1513039135,807,283,4,2
1513039136,560,296,8,4
1513039137,140,74,2,1
1513039138,0,0,0,0
1513039139,1051,425,6,3
1513039140,140,140,2,2
1513039141,560,296,8,4
1513039142,140,74,2,1
1513039143,667,209,2,1
1513039144,384,216,4,2
1513039145,140,140,2,2
1513039146,560,296,8,4
1513039147,807,283,4,2
1513039148,244,142,2,1
1513039149,140,74,2,1
1513039150,140,74,2,1
1513039151,1227,505,10,5
1513039152,140,74,2,1
1513039153,244,142,2,1
1513039154,140,74,2,1
1513039155,807,349,4,3
1513039156,560,560,8,8
1513039157,140,74,2,1
1513039158,244,142,2,1
1513039159,807,283,4,2
1513039160,700,700,10,10
1513039161,74,0,1,0
1513039162,66,74,1,1
1513039163,1051,425,6,3
1513039164,140,74,2,1
1513039165,560,296,8,4
1513039166,140,140,2,2
1513039167,601,66,1,1
1513039168,384,216,4,2
1513039169,140,140,2,2
1513039170,560,296,8,4
1513039171,140,140,2,2
1513039172,0,0,0,0
1513039173,384,216,4,2
1513039174,140,140,2,2
1513039175,626,769,9,9
1513039176,140,74,2,1
1513039177,0,0,0,0
1513039178,384,216,4,2
1513039179,807,349,4,3
1513039180,560,560,8,8
1513039181,140,74,2,1
1513039183,0,0,0,0
1513039184,1051,491,6,4
1513039185,140,140,2,2
1513039186,560,296,8,4
1513039187,140,140,2,2
1513039188,667,209,2,1
1513039189,384,216,4,2
1513039190,140,140,2,2
1513039191,560,296,8,4
1513039192,807,283,4,2
1513039193,0,0,0,0
1513039194,384,282,4,3
1513039195,140,140,2,2
1513039196,1227,505,10,5
1513039197,140,74,2,1
1513039198,0,0,0,0
1513039199,384,282,4,3
1513039200,807,283,4,2
1513039201,560,296,8,4
1513039202,140,74,2,1
1513039203,0,0,0,0
1513039204,1051,425,6,3
1513039205,140,140,2,2
1513039206,560,296,8,4
1513039207,140,74,2,1
1513039208,0,0,0,0
1513039209,384,216,4,2
1513039210,140,140,2,2
1513039211,560,560,8,8
1513039212,140,74,2,1
1513039213,0,0,0,0
1513039214,384,216,4,2
1513039215,140,74,2,1
1513039216,560,560,8,8
1513039217,749,283,4,2
1513039218,0,0,0,0
1513039219,384,216,4,2
1513039220,140,74,2,1
1513039221,1161,362,9,5
1513039222,140,140,2,2
1513039223,244,142,2,1
1513039224,140,74,2,1
1513039225,206,349,3,3
1513039226,560,560,8,8
1513039227,140,140,2,2
1513039228,244,142,2,1
1513039229,807,349,4,3
1513039230,436,404,6,6
1513039231,404,370,6,5
1513039232,0,0,0,0
1513039233,384,216,4,2
1513039234,140,74,2,1
1513039235,560,296,8,4
1513039236,140,74,2,1
1513039237,0,0,0,0
1513039238,384,216,4,2
1513039239,140,74,2,1
1513039240,560,296,8,4
1513039241,140,140,2,2
1513039242,0,0,0,0
1513039243,993,425,6,3
1513039244,140,140,2,2
1513039245,560,560,8,8
1513039246,140,140,2,2
1513039247,667,209,2,1
1513039248,384,216,4,2
1513039249,140,140,2,2
1513039250,560,560,8,8
1513039251,807,283,4,2
1513039252,0,0,0,0
1513039253,384,282,4,3
1513039255,140,74,2,1
1513039256,1227,505,10,5
1513039257,140,140,2,2
1513039258,0,0,0,0
1513039259,384,282,4,3
1513039260,807,283,4,2
1513039261,560,560,8,8
1513039262,140,140,2,2
1513039263,0,0,0,0
1513039264,1051,425,6,3
1513039265,140,74,2,1
1513039266,560,560,8,8
1513039267,140,74,2,1
1513039268,667,209,2,1
1513039269,384,216,4,2
1513039270,140,74,2,1
1513039271,560,296,8,4
1513039272,807,349,4,3
1513039273,0,0,0,0
1513039274,384,216,4,2
1513039275,140,74,2,1
1513039276,1227,769,10,9
1513039277,140,140,2,2
1513039278,0,0,0,0
1513039279,384,216,4,2
1513039280,807,349,4,3
1513039281,560,560,8,8
1513039282,140,74,2,1
1513039283,0,0,0,0
1513039284,1051,425,6,3
1513039285,140,140,2,2
1513039286,560,296,8,4
1513039287,140,140,2,2
1513039288,667,209,2,1
1513039289,384,216,4,2
1513039290,140,140,2,2
1513039291,560,560,8,8
1513039292,807,349,4,3
1513039293,0,0,0,0
1513039294,384,216,4,2
1513039295,140,140,2,2
1513039296,1227,769,10,9
1513039297,140,74,2,1
1513039298,0,0,0,0
1513039299,384,216,4,2
1513039300,140,74,2,1
1513039301,560,296,8,4
1513039302,140,74,2,1
1513039303,318,142,3,1
1513039304,206,148,3,2
1513039305,560,296,8,4
1513039306,140,140,2,2
1513039307,0,0,0,0
1513039308,384,216,4,2
1513039309,140,74,2,1
1513039310,1169,505,10,5
1513039311,140,140,2,2
1513039312,0,0,0,0
1513039313,384,216,4,2
1513039314,807,283,4,2
1513039315,560,296,8,4
1513039316,140,140,2,2
1513039317,0,0,0,0
1513039318,1051,425,6,3
1513039319,140,74,2,1
1513039320,560,560,8,8
1513039321,140,74,2,1
1513039322,667,209,2,1
1513039323,384,282,4,3
1513039324,140,74,2,1
1513039325,560,560,8,8
1513039327,807,283,4,2
1513039328,0,0,0,0
1513039329,384,282,4,3
1513039330,140,74,2,1
1513039331,1227,505,10,5
1513039332,140,74,2,1
1513039333,0,0,0,0
1513039334,384,216,4,2
1513039335,807,283,4,2
1513039336,560,296,8,4
1513039337,140,140,2,2
1513039338,0,0,0,0

