1513035513,40132,24896,174696
1513035514,38796,24896,174812
1513035515,38672,24896,174816
1513035516,39992,24896,174816
1513035517,40100,24896,174816
1513035518,39992,24904,174808
1513035519,37252,24904,175160
1513035520,37252,24904,175164
1513035521,35372,24904,175172
1513035522,35372,24904,175172
1513035523,33384,24912,175172
1513035524,33508,24912,175180
1513035525,33516,24912,175184
1513035526,34044,24912,175184
1513035527,33920,24912,175184
1513035528,33944,24920,175176
1513035529,34068,24920,175184
1513035530,33920,24920,175184
1513035531,33920,24920,175184
1513035532,33920,24920,175188
1513035533,33004,24928,175180
1513035534,33128,24928,175200
1513035535,32996,24928,175200
1513035536,32856,24928,175212
1513035537,32476,24928,175212
1513035538,32476,24936,175216
1513035539,35356,24936,175384
1513035540,35204,24936,175408
1513035541,35320,24936,175408
1513035542,35976,24936,175408
1513035543,36004,24936,175408
1513035544,36000,24944,175408
1513035545,35724,24944,175456
1513035546,35660,24944,175456
1513035547,35536,24944,175460
1513035548,35684,24944,175464
1513035549,35672,24952,175464
1513035550,35672,24952,175464
1513035551,35540,24952,175464
1513035553,35672,24952,175464
1513035554,35672,24952,175464
1513035555,35564,24960,175464
1513035556,35720,24960,175468
1513035557,35576,24960,175468
1513035558,35688,24960,175468
1513035559,35688,24960,175468
1513035560,16196,24968,175552
1513035561,16340,24968,175540
1513035562,16452,24968,175540
1513035563,16452,24968,175540
1513035564,16452,24968,175544
1513035565,16488,24976,175544
1513035566,16192,24976,175544
1513035567,16212,24976,175544
1513035568,16188,24976,175544
1513035569,16188,24976,175544
1513035570,16452,24976,175544
1513035571,16364,24984,175544
1513035572,16344,24984,175548
1513035573,16452,24984,175548
1513035574,16460,24984,175548
1513035575,16452,24992,175540
1513035576,16464,24992,175548
1513035577,16304,24992,175548
1513035578,16296,24992,175548
1513035579,16432,24992,175548
1513035580,16312,24992,175552
1513035581,16328,25000,175552
1513035582,16172,25000,175552
1513035583,16176,25000,175552
1513035584,16184,25000,175552
1513035585,16188,25000,175552
1513035586,16436,25012,175552
1513035587,16324,25012,175556
1513035588,16312,25012,175556
1513035589,16316,25012,175560
1513035590,16272,25012,175560
1513035591,16272,25020,175560
1513035592,16292,25020,175560
1513035593,16276,25020,175560
1513035594,16152,25020,175560
1513035595,16036,25020,175560
1513035596,16016,25028,175560
1513035597,16140,25028,175564
1513035598,16020,25028,175564
1513035599,16024,25028,175564
1513035600,16016,25028,175564
1513035601,16124,25036,175556
1513035602,16032,25036,175564
1513035603,16120,25036,175564
1513035604,16116,25036,175564
1513035605,15984,25036,175568
1513035606,15984,25044,175560
1513035607,16120,25044,175568
1513035608,15984,25044,175568
1513035609,15996,25044,175568
1513035610,16252,25044,175568
1513035611,16248,25044,175568
1513035612,16252,25052,175568
1513035613,16132,25052,175572
1513035614,15992,25052,175572
1513035615,15992,25052,175572
1513035616,15960,25052,175572
1513035617,15960,25060,175572
1513035618,16100,25060,175572
1513035619,16124,25060,175572
1513035620,16100,25060,175572
1513035621,16100,25060,175576
1513035622,16100,25068,175572
1513035623,16096,25068,175580
1513035624,16120,25068,175580
1513035625,16096,25068,175580
1513035626,16108,25068,175580
1513035627,16236,25076,175580
1513035628,16100,25076,175584
1513035629,16100,25076,175584
1513035631,15984,25076,175584
1513035632,15928,25076,175584
1513035633,15928,25084,175584
1513035634,15804,25084,175584
1513035635,16192,25084,175584
1513035636,16068,25084,175584
1513035637,16076,25084,175588
1513035638,16064,25092,175588
1513035639,16072,25092,175588
1513035640,16080,25092,175588
1513035641,16092,25092,175588
1513035642,16068,25092,175588
1513035643,16080,25100,175588
1513035644,15920,25100,175588
1513035645,15908,25100,175592
1513035646,15784,25100,175592
1513035647,15876,25100,175592
1513035648,15752,25100,175592
1513035649,15752,25108,175592
1513035650,15752,25108,175592
1513035651,15752,25108,175592
1513035652,15772,25108,175596
1513035653,15780,25108,175600
1513035654,15776,25116,175600
1513035655,15768,25116,175600
1513035656,15768,25116,175600
1513035657,15780,25116,175600
1513035658,15780,25116,175600
1513035659,15752,25124,175604
1513035660,15748,25124,175604
1513035661,15748,25124,175608
1513035662,15748,25124,175608
1513035663,15748,25124,175608
1513035664,15748,25132,175608
1513035665,15748,25132,175608
1513035666,15764,25132,175608
1513035667,15768,25132,175608
1513035668,15768,25132,175608
1513035669,15768,25140,175612
1513035670,15768,25140,175612
1513035671,15752,25140,175612
1513035672,15752,25140,175612
1513035673,15720,25140,175612
1513035674,15716,25148,175612
1513035675,15720,25148,175612
1513035676,15716,25148,175612
1513035677,15732,25148,175616
1513035678,15616,25148,175616
1513035679,15728,25156,175616
1513035680,15728,25156,175616
1513035681,15728,25156,175616
1513035682,15728,25156,175616
1513035683,15604,25156,175616
1513035684,15724,25164,175608
1513035685,15632,25164,175616
1513035686,15592,25164,175620
1513035687,15584,25164,175620
1513035688,15600,25164,175620
1513035689,15724,25172,175612
1513035690,15600,25172,175620
1513035691,15608,25172,175620
1513035692,15580,25172,175620
1513035693,15596,25172,175620
1513035694,15584,25180,175616
1513035695,15584,25180,175624
1513035696,15584,25180,175628
1513035697,15552,25180,175628
1513035698,15552,25180,175628
1513035699,15700,25180,175632
1513035700,15560,25188,175632
1513035701,15560,25188,175632
1513035702,15548,25188,175636
1513035703,15548,25188,175636
1513035704,15548,25188,175636
1513035705,15548,25196,175628
1513035706,15552,25196,175636
1513035707,15560,25196,175636
1513035708,15564,25196,175636
1513035709,15564,25196,175640
1513035710,15532,25204,175640
1513035711,15516,25204,175640
1513035712,15516,25204,175640
1513035713,15528,25204,175640
1513035714,15516,25204,175640
1513035716,15516,25212,175640
1513035717,15656,25212,175640
1513035718,15416,25212,175644
1513035719,15516,25212,175644
1513035720,15516,25212,175644
1513035721,15516,25220,175644
1513035722,15484,25220,175644
1513035723,15484,25220,175644
1513035724,15484,25220,175644
1513035725,15484,25220,175644
1513035726,15484,25228,175648
1513035727,15360,25228,175648
1513035728,15504,25228,175648
1513035729,15496,25228,175648
1513035730,15372,25228,175648
1513035731,15372,25236,175640
1513035732,15360,25236,175652
1513035733,15484,25236,175652
1513035734,15356,25236,175656
1513035735,15480,25236,175656
1513035736,15324,25236,175656
1513035737,15456,25244,175656
1513035738,15324,25244,175656
1513035739,15328,25244,175656
1513035740,15728,25244,175656
1513035741,15588,25244,175656
1513035742,15600,25252,175660
1513035743,15464,25252,175660
1513035744,15596,25252,175660
1513035745,15484,25252,175660
1513035746,15588,25252,175660
1513035747,15612,25260,175660
1513035748,15584,25260,175660
1513035749,15720,25260,175660
1513035750,15572,25260,175664
1513035751,15448,25260,175664
1513035752,15308,25268,175664
1513035753,15312,25268,175664
1513035754,15312,25268,175664
1513035755,15312,25268,175664
1513035756,15432,25268,175664
1513035757,15556,25276,175656
1513035758,15432,25280,175664
1513035759,15568,25280,175668
1513035760,15304,25280,175668
1513035761,15308,25280,175668
1513035762,15268,25280,175668
1513035763,15268,25288,175668
1513035764,15168,25288,175668
1513035765,15292,25288,175668
1513035766,15292,25288,175672
1513035767,15292,25288,175672
1513035768,15416,25296,175672
1513035769,15416,25296,175676
1513035770,15416,25296,175676
1513035771,15416,25296,175676
1513035772,15540,25296,175676
1513035773,15416,25304,175676
1513035774,15416,25304,175680
1513035775,15400,25304,175680
1513035776,15400,25304,175680
1513035777,15400,25304,175680
1513035778,15400,25312,175680
1513035779,15260,25312,175680
1513035780,15260,25312,175680
1513035781,15272,25312,175680
1513035782,15136,25312,175684
1513035783,15376,25320,175676
1513035784,15376,25320,175684
1513035785,15384,25320,175684
1513035786,15384,25320,175684
1513035787,15384,25320,175684
1513035788,15260,25328,175676
1513035789,15352,25328,175684
1513035790,15360,25328,175692
1513035791,15368,25328,175692
1513035792,15368,25328,175692
1513035793,15244,25336,175684
1513035794,15368,25336,175692
1513035795,15228,25336,175692
1513035796,15104,25336,175692
1513035797,15116,25336,175696
1513035798,15104,25344,175692
1513035799,15252,25344,175696
1513035800,15352,25344,175696
1513035801,15372,25344,175696
1513035803,15376,25344,175696
1513035804,15328,25344,175696
1513035805,15208,25352,175700
1513035806,15332,25352,175704
1513035807,15196,25352,175704
1513035808,15368,25352,175704
1513035809,15372,25352,175704
1513035810,15248,25360,175704
1513035811,15368,25360,175704
1513035812,15248,25360,175704
1513035813,15392,25360,175704
1513035814,15244,25360,175704
1513035815,15248,25368,175708
1513035816,15376,25368,175708
1513035817,15196,25368,175708
1513035818,15324,25368,175708
1513035819,15200,25368,175708
1513035820,15324,25376,175708
1513035821,15204,25376,175708
1513035822,15204,25376,175708
1513035823,15196,25376,175712
1513035824,15220,25376,175712
1513035825,15224,25384,175712
1513035826,15236,25384,175712
1513035827,15216,25384,175712
1513035828,15084,25384,175712
1513035829,15072,25384,175712
1513035830,15072,25392,175704
1513035831,14972,25392,175716
1513035832,15024,25392,175716
1513035833,14900,25392,175716
1513035834,15028,25392,175716
1513035835,14912,25392,175716
1513035836,14900,25400,175716
1513035837,14784,25432,175724
1513035838,16436,25432,175716
1513035839,16436,25432,175716
1513035840,16444,25432,175716
1513035841,16456,25432,175716
1513035842,16332,25440,175712
1513035843,16316,25440,175720
1513035844,16328,25440,175720
1513035845,16480,25440,175720
1513035846,16456,25440,175720
1513035847,16440,25440,175724
1513035848,16428,25448,175724
1513035849,16428,25448,175724
1513035850,16440,25448,175724
1513035851,16428,25448,175724
1513035852,16424,25448,175724
1513035853,16444,25456,175724
1513035854,16440,25456,175724
1513035855,16440,25456,175728
1513035856,16448,25456,175728
1513035857,16440,25456,175728
1513035858,16348,25464,175728
1513035859,16336,25464,175728
1513035860,16408,25464,175728
1513035861,16424,25464,175728
1513035862,16280,25464,175728
1513035863,16268,25472,175732
1513035864,16280,25472,175732
1513035865,16252,25472,175732
1513035866,16384,25472,175732
1513035867,16252,25472,175732
1513035868,16252,25480,175724
1513035869,16296,25480,175732
1513035870,16260,25480,175732
1513035871,16236,25480,175736
1513035872,16360,25480,175736
1513035873,16372,25488,175728
1513035874,16240,25488,175736
1513035875,16240,25488,175736
1513035876,16380,25488,175736
1513035877,16232,25488,175736
1513035878,16256,25496,175732
1513035879,16256,25496,175744
1513035880,16404,25496,175744
1513035881,16392,25496,175744
1513035882,16240,25496,175744
1513035883,16164,25504,175748
1513035884,16244,25504,175748
1513035885,16220,25504,175748
1513035886,16204,25504,175752
1513035887,16240,25504,175752
1513035889,16228,25512,175752
1513035890,16216,25512,175752
1513035891,16220,25512,175752
1513035892,16216,25512,175752
1513035893,16248,25512,175752
1513035894,16216,25520,175752
1513035895,16228,25520,175756
1513035896,16252,25520,175756
1513035897,16224,25520,175756
1513035898,16200,25520,175756
1513035899,16228,25520,175756
1513035900,16328,25528,175756
1513035901,16192,25528,175756
1513035902,16312,25528,175756
1513035903,16296,25528,175760
1513035904,16196,25528,175760
1513035905,16060,25536,175760
1513035906,16200,25536,175760
1513035907,16188,25536,175760
1513035908,16132,25536,175760
1513035909,16188,25536,175760
1513035910,16140,25544,175760
1513035911,16020,25544,175764
1513035912,16176,25544,175764
1513035913,16032,25544,175764
1513035914,16176,25544,175764
1513035915,16164,25552,175768
1513035916,16160,25552,175768
1513035917,16140,25552,175768
1513035918,16156,25552,175768
1513035919,16036,25552,175772
1513035920,16028,25560,175772
1513035921,15980,25560,175772
1513035922,15996,25560,175772
1513035923,15984,25560,175772
1513035924,16004,25560,175772
1513035925,16000,25568,175764
1513035926,16008,25568,175772
1513035927,15964,25568,175772
1513035928,16256,25568,175780
1513035929,16256,25568,175780
1513035930,16244,25576,175772
1513035931,16268,25576,175780
1513035932,16224,25576,175780
1513035933,16084,25576,175780
1513035934,16248,25576,175780
1513035935,16232,25576,175780
1513035936,16232,25584,175784
1513035937,16264,25584,175784
1513035938,16244,25584,175784
1513035939,16252,25584,175784
1513035940,16120,25584,175784
1513035941,16120,25592,175784
1513035942,15984,25592,175784
1513035943,16104,25592,175784
1513035944,16232,25592,175788
1513035945,16248,25592,175788
1513035946,16236,25600,175788
1513035947,16204,25600,175788
1513035948,15964,25600,175788
1513035949,15976,25600,175788
1513035950,15936,25600,175788
1513035951,15964,25608,175780
1513035952,15968,25608,175796
1513035953,15868,25608,175796
1513035954,15860,25608,175796
1513035955,15960,25608,175796
1513035956,16120,25616,175788
1513035957,16100,25616,175796
1513035958,16092,25616,175796
1513035959,16228,25616,175796
1513035960,16096,25616,175800
1513035961,16208,25624,175792
1513035962,16068,25624,175800
1513035963,16080,25624,175800
1513035964,16088,25624,175800
1513035965,16124,25624,175800
1513035966,16080,25632,175792
1513035967,16096,25632,175804
1513035968,15960,25632,175804
1513035969,15828,25632,175804
1513035970,15800,25632,175804
1513035972,15860,25632,175804
1513035973,16200,25640,175804
1513035974,16068,25640,175804
1513035975,16196,25640,175804
1513035976,16148,25640,175808
1513035977,15912,25640,175836
1513035978,15908,25648,175836
1513035979,15896,25648,175836
1513035980,15908,25648,175836
1513035981,15908,25648,175836
1513035982,15908,25648,175836
1513035983,20288,26072,176008
1513035984,20284,26072,176012
1513035985,19608,26240,176124
1513035986,13236,26804,177192
1513035987,13236,26804,177208
1513035988,13236,26812,177212
1513035989,13448,26812,177212
1513035990,12832,26812,177412
1513035991,6844,26820,177752
1513035992,6844,26820,177756
1513035993,6968,26828,177756
1513035994,10104,26828,177820
1513035995,5864,26856,177964
1513035996,5980,26856,177964
1513035997,5752,26856,177964
1513035998,5620,26856,177964
1513035999,5640,26856,177964
1513036000,5748,26856,177968
1513036001,5624,26864,177968
1513036002,5624,26864,177968
1513036003,5648,26864,177968
1513036004,5624,26864,177968
1513036005,5700,26864,177968
1513036006,5580,26872,177968
1513036007,5580,26872,177968
1513036008,5600,26872,177972
1513036009,5588,26872,177972
1513036010,5576,26872,177972
1513036011,7200,26880,176640
1513036012,7220,26880,176652
1513036013,7240,26880,176652
1513036014,7240,26880,176652
1513036015,7240,26880,176652
1513036016,7252,26888,176656
1513036017,7068,26888,176664
1513036018,6940,26888,176664
1513036019,6940,26888,176688
1513036020,6884,26888,176688
1513036021,6784,26904,176680
1513036022,6936,26904,176692
1513036023,6800,26904,176692
1513036024,6784,26904,176696
1513036025,6784,26904,176700
1513036026,6784,26904,176700
1513036027,6784,26912,176700
1513036028,6812,26912,176700
1513036029,6824,26912,176700
1513036030,6800,26912,176700
1513036031,6768,26920,176692
1513036032,6772,26920,176704
1513036033,6768,26928,176696
1513036034,6768,26928,176704
1513036035,6768,26928,176704
1513036036,6768,26928,176704
1513036037,6768,26928,176704
1513036038,6784,26936,176696
1513036039,6784,26936,176704
1513036040,6764,26936,176704
1513036041,6780,26936,176708
1513036042,6760,26936,176708
1513036043,6772,26944,176700
1513036044,6756,26944,176708
1513036045,6748,26944,176708
1513036046,6748,26944,176708
1513036047,6748,26944,176708
1513036048,6788,26952,176712
1513036049,6784,26952,176712
1513036050,6788,26952,176712
1513036052,6784,26952,176712
1513036053,6788,26952,176712
1513036054,6664,26952,176712
1513036055,6788,26960,176712
1513036056,6788,26960,176712
1513036057,6600,26960,176716
1513036058,6600,26960,176716
1513036059,6600,26960,176716
1513036060,6724,26968,176716
1513036061,6600,26968,176720
1513036062,6596,26968,176720
1513036063,6604,26968,176720
1513036064,6596,26968,176720
1513036065,6616,26976,176724
1513036066,6732,26976,176724
1513036067,6740,26976,176724
1513036068,6616,26976,176724
1513036069,6616,26976,176728
1513036070,6608,26984,176732
1513036071,6576,26984,176732
1513036072,6600,26984,176732
1513036073,6596,26984,176736
1513036074,6592,26984,176736
1513036075,6616,26992,176736
1513036076,6592,26992,176736
1513036077,6572,26992,176736
1513036078,6564,26992,176736
1513036079,6440,26992,176736
1513036080,6440,27000,176736
1513036081,6440,27000,176740
1513036082,6436,27000,176740
1513036083,6408,27000,176740
1513036084,6416,27000,176740
1513036085,6436,27008,176732
1513036086,6440,27008,176740
1513036087,6440,27008,176740
1513036088,6440,27008,176740
1513036089,6440,27012,176744
1513036090,6440,27012,176744
1513036091,6448,27020,176744
1513036092,6436,27020,176744
1513036093,6404,27020,176744
1513036094,6404,27020,176744
1513036095,6404,27020,176744
1513036096,6404,27028,176744
1513036097,6372,27028,176748
1513036098,6372,27028,176752
1513036099,6372,27028,176752
1513036100,6372,27028,176752
1513036101,6668,27036,176752
1513036102,6552,27036,176752
1513036103,6668,27036,176752
1513036104,6676,27036,176752
1513036105,6416,27036,176756
1513036106,6412,27044,176748
1513036107,6416,27044,176756
1513036108,6388,27044,176756
1513036109,6344,27044,176756
1513036110,6340,27044,176756
1513036111,6344,27044,176756
1513036112,6352,27052,176756
1513036113,6344,27052,176760
1513036114,6348,27052,176760
1513036115,6356,27052,176760
1513036116,6344,27052,176760
1513036117,6368,27060,176760
1513036118,6368,27060,176760
1513036119,6356,27060,176760
1513036120,6356,27060,176760
1513036121,6340,27060,176764
1513036122,6324,27068,176756
1513036123,6200,27068,176764
1513036124,6324,27068,176764
1513036125,6308,27068,176764
1513036126,6308,27068,176764
1513036127,6308,27076,176768
1513036128,6184,27076,176768
1513036129,6184,27076,176768
1513036130,6184,27076,176768
1513036131,6324,27076,176768
1513036132,6176,27084,176768
1513036133,6440,27084,176772
1513036135,6440,27084,176772
1513036136,6440,27084,176776
1513036137,6300,27084,176776
1513036138,6176,27092,176776
1513036139,6176,27092,176776
1513036140,6176,27092,176776
1513036141,6152,27092,176776
1513036142,6144,27092,176776
1513036143,6152,27100,176780
1513036144,6156,27100,176780
1513036145,6152,27100,176780
1513036146,6152,27100,176780
1513036147,6120,27100,176780
1513036148,6120,27108,176780
1513036149,6292,27108,176780
1513036150,6292,27108,176780
1513036151,6296,27108,176784
1513036152,6292,27108,176784
1513036153,6152,27116,176784
1513036154,6152,27116,176784
1513036155,6152,27116,176784
1513036156,6152,27116,176784
1513036157,6132,27116,176784
1513036158,6120,27124,176788
1513036159,6088,27124,176788
1513036160,6088,27124,176788
1513036161,6088,27124,176788
1513036162,6096,27124,176788
1513036163,6088,27132,176788
1513036164,6088,27132,176788
1513036165,6292,27132,176788
1513036166,6304,27132,176792
1513036167,6292,27132,176792
1513036168,6292,27140,176792
1513036169,6292,27140,176792
1513036170,6292,27140,176792
1513036171,6292,27140,176796
1513036172,6260,27140,176796
1513036173,6088,27148,176800
1513036174,5968,27148,176800
1513036175,5968,27148,176800
1513036176,5952,27148,176800
1513036177,5968,27148,176800
1513036178,5968,27156,176800
1513036179,5968,27156,176800
1513036180,5968,27156,176800
1513036181,6172,27156,176804
1513036182,6296,27156,176804
1513036183,6296,27164,176804
1513036184,6296,27164,176804
1513036185,6032,27164,176804
1513036186,6032,27164,176804
1513036187,6032,27164,176804
1513036188,6032,27172,176800
1513036189,6000,27172,176808
1513036190,6000,27172,176808
1513036191,6000,27172,176808
1513036192,6000,27172,176808
1513036193,6000,27180,176800
1513036194,6000,27180,176808
1513036195,6000,27180,176808
1513036196,5968,27180,176812
1513036197,6140,27180,176812
1513036198,6264,27180,176812
1513036199,6140,27188,176812
1513036200,6140,27188,176812
1513036201,6004,27188,176812
1513036202,6004,27188,176812
1513036203,6004,27188,176816
1513036204,6004,27196,176816
1513036205,5972,27196,176816
1513036206,5972,27196,176816
1513036207,5972,27196,176816
1513036208,5972,27196,176820
1513036209,5940,27204,176812
1513036210,5924,27204,176820
1513036211,5940,27204,176828
1513036212,5940,27204,176828
1513036213,5956,27204,176828
1513036214,5832,27212,176828
1513036215,5832,27212,176828
1513036216,5832,27212,176828
1513036217,5848,27212,176832
1513036219,5972,27212,176832
1513036220,5848,27220,176832
1513036221,5848,27220,176832
1513036222,5784,27220,176832
1513036223,5908,27220,176832
1513036224,5784,27220,176832
1513036225,5784,27220,176832
1513036226,5816,27228,176836
1513036227,5816,27228,176836
1513036228,5816,27228,176836
1513036229,5816,27228,176836
1513036230,5816,27228,176836
1513036231,6144,27236,176836
1513036232,6144,27236,176836
1513036233,6020,27236,176840
1513036234,6144,27236,176840
1513036235,5848,27236,176840
1513036236,5848,27244,176840
1513036237,5848,27244,176840
1513036238,5848,27244,176840
1513036239,5816,27244,176840
1513036240,5816,27244,176840
1513036241,5816,27252,176844
1513036242,5816,27252,176844
1513036243,5816,27252,176844
1513036244,5816,27252,176848
1513036245,5816,27252,176848
1513036246,5816,27260,176840
1513036247,5956,27260,176848
1513036248,5956,27260,176852
1513036249,5956,27260,176852
1513036250,5956,27260,176852
1513036251,5816,27268,176844
1513036252,5816,27268,176852
1513036253,5816,27268,176852
1513036254,5816,27268,176852
1513036255,5784,27268,176856
1513036256,5784,27276,176852
1513036257,5784,27276,176860
1513036258,5736,27276,176860
1513036259,5628,27276,176860
1513036260,5752,27276,176860
1513036261,5752,27284,176852
1513036262,5924,27284,176860
1513036263,5924,27284,176864
1513036264,5924,27284,176864
1513036265,5924,27284,176864
1513036266,5924,27284,176864
1513036267,5924,27292,176864
1513036268,5924,27292,176864
1513036269,5924,27296,176860
1513036270,5628,27296,176864
1513036271,5628,27296,176868
1513036272,5596,27304,176868
1513036273,5596,27304,176868
1513036274,5596,27304,176868
1513036275,5596,27304,176868
1513036276,6988,27304,175584
1513036277,6976,27312,175576
1513036278,7296,27312,175588
1513036279,7268,27312,175588
1513036280,7156,27312,175588
1513036281,7148,27312,175588
1513036282,6880,27320,175584
1513036283,7008,27320,175592
1513036284,6844,27320,175592
1513036285,6868,27320,175592
1513036286,7092,27320,175596
1513036287,7072,27320,175596
1513036288,7088,27328,175596
1513036289,7084,27328,175596
1513036290,7088,27328,175596
1513036291,7076,27328,175596
1513036292,7072,27328,175596
1513036293,7072,27336,175592
1513036294,7076,27336,175600
1513036295,7108,27336,175600
1513036296,7076,27336,175600
1513036297,7076,27336,175600
1513036298,6936,27344,175600
1513036299,6796,27344,175600
1513036300,6800,27344,175604
1513036301,6940,27344,175604
1513036302,6840,27344,175604
1513036303,6956,27352,175604
1513036305,6728,27352,175604
1513036306,6844,27352,175604
1513036307,6960,27352,175604
1513036308,7064,27352,175608
1513036309,6972,27360,175608
1513036310,6968,27360,175608
1513036311,7088,27360,175608
1513036312,7060,27360,175608
1513036313,6912,27360,175608
1513036314,7044,27368,175608
1513036315,6960,27368,175608
1513036316,6952,27368,175612
1513036317,6972,27368,175612
1513036318,6980,27368,175616
1513036319,6832,27376,175608
1513036320,6696,27376,175616
1513036321,6820,27376,175616
1513036322,6696,27376,175616
1513036323,6820,27376,175620
1513036324,6972,27376,175620
1513036325,6992,27384,175620
1513036326,6992,27384,175620
1513036327,6960,27384,175620
1513036328,6960,27384,175620
1513037853,6968,27384,175620
1513037854,6936,27392,175620
1513037855,6952,27392,175624
1513037856,6952,27392,175624
1513037857,6960,27392,175624
1513037858,6948,27400,175616
1513037859,6960,27400,175624
1513037860,6940,27400,175624
1513037861,6956,27400,175624
1513037862,7060,27400,175628
1513037863,7068,27408,175620
1513037864,6964,27408,175628
1513037865,7084,27408,175628
1513037866,6940,27408,175628
1513037867,6924,27408,175628
1513037868,6916,27416,175620
1513037869,6804,27416,175628
1513037870,6932,27416,175632
1513037871,6916,27416,175632
1513037872,6924,27416,175632
1513037873,6904,27424,175624
1513037874,6924,27424,175632
1513037875,6788,27424,175632
1513037876,6912,27424,175632
1513037877,6924,27424,175636
1513037878,6804,27432,175632
1513037879,6792,27432,175644
1513037880,6936,27432,175644
1513037881,6820,27432,175644
1513037882,6812,27432,175644
1513037883,6784,27440,175636
1513037884,6664,27440,175644
1513037885,6624,27440,175648
1513037886,6636,27440,175648
1513037887,6780,27440,175648
1513037888,6644,27448,175644
1513037889,6644,27448,175648
1513037890,6768,27448,175648
1513037891,6760,27448,175652
1513037892,6760,27448,175652
1513037894,6780,27456,175644
1513037895,6892,27456,175652
1513037896,6884,27456,175652
1513037897,6852,27456,175652
1513037898,6864,27456,175652
1513037899,6736,27456,175652
1513037900,6756,27464,175656
1513037901,6744,27464,175656
1513037902,6780,27464,175656
1513037903,6860,27464,175656
1513037904,6492,27464,175656
1513037905,6500,27472,175656
1513037906,6612,27472,175656
1513037907,6512,27472,175660
1513037908,6600,27472,175660
1513037909,6792,27472,175660
1513037910,6792,27480,175660
1513037911,6780,27480,175660
1513037912,6760,27480,175660
1513037913,6596,27480,175660
1513037914,6496,27480,175660
1513037915,6460,27488,175668
1513037916,6576,27488,175668
1513037917,6460,27488,175668
1513037918,6456,27488,175668
1513037919,6456,27488,175668
1513037920,6456,27496,175668
1513037921,6472,27496,175668
1513037922,6472,27496,175672
1513037923,6476,27496,175672
1513037924,6472,27496,175672
1513037925,6452,27504,175672
1513037926,6468,27504,175672
1513037927,6564,27504,175672
1513037928,6428,27504,175672
1513037929,6468,27504,175672
1513037930,6452,27512,175668
1513037931,6580,27512,175676
1513037932,6436,27512,175676
1513037933,6428,27512,175676
1513037934,6548,27512,175676
1513037935,6448,27512,175676
1513037936,6428,27520,175676
1513037937,6444,27520,175680
1513037938,6436,27520,175680
1513037939,6432,27520,175680
1513037940,6484,27520,175680
1513037941,6452,27528,175680
1513037942,6344,27528,175680
1513037943,6444,27528,175680
1513037944,6460,27528,175680
1513037945,6336,27536,175676
1513037946,6456,27536,175684
1513037947,6460,27536,175684
1513037948,6420,27536,175684
1513037949,6420,27536,175684
1513037950,6396,27536,175684
1513037951,6396,27544,175684
1513037952,6396,27544,175692
1513037953,6396,27544,175692
1513037954,6272,27544,175692
1513037955,6396,27544,175692
1513037956,6428,27552,175684
1513037957,6428,27552,175692
1513037958,6412,27552,175692
1513037959,6420,27552,175692
1513037960,6296,27552,175696
1513037961,5760,27560,172944
1513037962,5656,27560,172940
1513037963,5632,27560,171508
1513037964,7160,27560,171480
1513037965,7184,27560,171480
1513037966,7176,27568,171488
1513037967,7200,27568,171488
1513037968,7152,27568,171488
1513037969,7292,27568,171488
1513037970,7196,27568,171488
1513037971,7172,27576,171488
1513037972,7184,27576,171488
1513037973,7268,27576,171488
1513037975,7176,27576,171492
1513037976,7276,27576,171492
1513037977,7284,27584,171492
1513037978,7176,27584,171492
1513037979,7260,27584,171492
1513037980,7252,27584,171492
1513037981,7156,27584,171492
1513037982,7180,27592,171496
1513037983,7284,27592,171496
1513037984,7144,27592,171496
1513037985,7164,27592,171496
1513037986,7192,27592,171496
1513037987,7296,27600,171488
1513037988,7292,27600,171496
1513037989,7192,27600,171500
1513037990,7180,27600,171504
1513037991,7144,27600,171504
1513037992,7136,27608,171496
1513037993,7156,27608,171504
1513037994,7160,27608,171504
1513037995,6988,27608,171504
1513037996,7120,27608,171504
1513037997,7124,27616,171500
1513037998,7260,27616,171508
1513037999,7112,27616,171508
1513038000,6964,27616,171508
1513038001,7096,27616,171508
1513038002,7212,27624,171500
1513038003,7420,27624,171508
1513038004,7256,27624,171508
1513038005,7252,27624,171512
1513038006,7264,27624,171512
1513038007,7128,27632,171504
1513038008,7116,27632,171512
1513038009,7116,27632,171512
1513038010,7108,27632,171512
1513038011,7080,27632,171512
1513038012,6984,27640,171508
1513038013,7096,27640,171516
1513038014,7072,27640,171516
1513038015,6960,27640,171516
1513038016,6948,27640,171516
1513038017,6928,27648,171508
1513038018,6948,27648,171516
1513038019,6952,27648,171516
1513038020,7064,27648,171520
1513038021,6968,27648,171520
1513038022,6948,27656,171516
1513038023,7080,27656,171524
1513038024,7088,27656,171524
1513038025,6956,27656,171528
1513038026,6944,27656,171528
1513038027,6944,27664,171524
1513038028,6968,27664,171532
1513038029,7048,27664,171532
1513038030,6960,27664,171532
1513038031,6948,27664,171532
1513038032,6924,27672,171524
1513038033,6932,27672,171532
1513038034,7068,27672,171532
1513038035,6920,27672,171536
1513038036,6920,27672,171536
1513038037,6888,27680,171528
1513038038,6900,27680,171536
1513038039,6904,27680,171536
1513038040,6904,27680,171536
1513038041,6920,27680,171536
1513038042,6908,27688,171532
1513038043,6892,27688,171540
1513038044,6920,27688,171540
1513038045,7052,27688,171540
1513038046,7168,27688,171540
1513038047,7056,27696,171532
1513038048,7052,27696,171540
1513038049,6920,27696,171540
1513038050,6892,27696,171544
1513038051,6916,27696,171544
1513038052,6880,27704,171544
1513038053,6860,27704,171544
1513038054,6844,27704,171544
1513038055,6840,27704,171544
1513038056,6872,27704,171548
1513038057,6816,27712,171548
1513038059,6800,27712,171548
1513038060,6812,27712,171548
1513038061,6816,27712,171548
1513038062,7144,27712,171552
1513038063,7020,27720,171552
1513038064,6968,27720,171552
1513038065,7104,27720,171556
1513038066,7012,27720,171556
1513038067,7020,27720,171556
1513038068,6992,27728,171556
1513038069,7016,27728,171556
1513038070,7008,27728,171556
1513038071,7012,27728,171556
1513038072,7020,27728,171560
1513038073,7032,27736,171560
1513038074,6964,27736,171560
1513038075,6976,27736,171560
1513038076,6728,27736,171560
1513038077,6724,27736,171560
1513038078,6832,27744,171560
1513038079,6836,27744,171560
1513038080,6684,27744,171568
1513038081,6456,27776,171576
1513038082,6568,27776,171568
1513038083,6680,27776,171568
1513038084,6660,27776,171568
1513038085,6688,27776,171568
1513038086,6508,27776,171568
1513038087,6648,27784,171572
1513038088,6852,27784,171572
1513038089,6944,27784,171572
1513038090,6988,27784,171572
1513038091,6868,27792,171564
1513038092,6844,27792,171572
1513038093,6880,27792,171572
1513038094,6832,27792,171572
1513038095,6988,27792,171576
1513038096,6680,27800,171568
1513038097,6684,27800,171576
1513038098,6680,27800,171580
1513038099,6676,27800,171580
1513038100,6632,27800,171580
1513038101,6620,27808,171572
1513038102,6640,27808,171584
1513038103,6752,27808,171584
1513038104,6832,27808,171584
1513038105,6844,27808,171584
1513038106,6824,27816,171576
1513038107,6696,27816,171584
1513038108,6572,27816,171584
1513038109,6552,27816,171584
1513038110,6688,27816,171588
1513038111,6520,27824,171580
1513038112,6620,27824,171588
1513038113,6492,27824,171588
1513038114,6512,27824,171588
1513038115,6608,27824,171588
1513038116,6508,27824,171588
1513038117,6484,27832,171592
1513038118,6508,27832,171592
1513038119,6820,27832,171592
1513038120,6816,27832,171592
1513038121,6812,27832,171592
1513038122,6840,27840,171584
1513038123,6652,27840,171592
1513038124,6636,27840,171592
1513038125,6636,27840,171596
1513038126,6504,27840,171596
1513038127,6476,27848,171588
1513038128,6464,27848,171596
1513038129,6492,27848,171596
1513038130,6484,27848,171596
1513038131,6468,27848,171596
1513038132,6476,27856,171592
1513038133,6492,27856,171600
1513038134,6568,27856,171604
1513038135,6452,27856,171604
1513038136,6460,27856,171604
1513038137,6448,27864,171604
1513038138,6476,27864,171604
1513038139,6420,27864,171608
1513038140,6440,27864,171608
1513038142,6452,27864,171608
1513038143,6432,27872,171608
1513038144,6556,27872,171608
1513038145,6452,27872,171608
1513038146,6452,27872,171608
1513038147,6472,27872,171612
1513038148,6364,27880,171612
1513038149,6344,27880,171612
1513038150,6496,27880,171612
1513038151,6468,27880,171616
1513038152,6336,27880,171616
1513038153,6332,27888,171616
1513038154,6412,27888,171616
1513038155,6312,27888,171620
1513038156,6300,27888,171620
1513038157,6324,27888,171620
1513038158,6344,27896,171620
1513038159,6344,27896,171620
1513038160,6456,27896,171620
1513038161,6456,27896,171620
1513038162,6648,27896,171624
1513038163,6632,27904,171616
1513038164,6768,27904,171624
1513038165,6620,27904,171628
1513038166,6372,27904,171628
1513038167,6464,27904,171628
1513038168,6356,27904,171628
1513038169,6380,27912,171628
1513038170,6448,27912,171632
1513038171,6320,27912,171636
1513038172,6452,27912,171636
1513038173,6332,27912,171636
1513038174,6328,27920,171636
1513038175,6324,27920,171636
1513038176,6304,27920,171636
1513038177,6268,27920,171640
1513038178,6484,27920,171640
1513038179,6468,27928,171640
1513038180,6460,27928,171640
1513038181,6472,27928,171640
1513038182,6556,27928,171640
1513038183,6592,27928,171640
1513038184,6468,27936,171640
1513038185,6576,27936,171644
1513038186,6584,27936,171644
1513038187,6572,27936,171644
1513038188,6504,27936,171644
1513038189,6612,27944,171644
1513038190,6504,27944,171644
1513038191,6504,27944,171644
1513038192,6352,27944,171648
1513038193,6364,27952,171640
1513038194,6348,27952,171648
1513038195,6328,27952,171648
1513038196,6304,27952,171648
1513038197,6288,27952,171648
1513038198,6300,27952,171648
1513038199,6288,27960,171648
1513038200,6324,27960,171652
1513038201,6176,27960,171652
1513038202,6296,27960,171652
1513038203,6428,27960,171652
1513038204,6584,27968,171644
1513038205,6452,27968,171652
1513038206,6452,27968,171652
1513038207,6428,27968,171656
1513038208,6452,27968,171660
1513038209,6436,27976,171652
1513038210,6576,27976,171660
1513038211,6452,27976,171660
1513038212,6144,27976,171660
1513038213,6236,27976,171660
1513038214,6252,27984,171652
1513038215,6152,27984,171664
1513038216,6260,27984,171664
1513038217,6252,27984,171664
1513038218,6128,27984,171664
1513038219,6116,27992,171664
1513038220,6296,27992,171664
1513038221,6440,27992,171668
1513038222,6452,27992,171668
1513038224,6452,27992,171668
1513038225,6192,27992,171668
1513038226,6196,28000,171668
1513038227,6216,28000,171668
1513038228,6192,28000,171668
1513038229,6444,28000,171668
1513038230,6316,28000,171672
1513038231,6420,28008,171672
1513038232,6316,28008,171672
1513038233,6308,28008,171672
1513038234,6272,28008,171672
1513038235,6300,28008,171672
1513038236,6384,28016,171672
1513038237,6292,28016,171676
1513038238,6388,28016,171676
1513038239,6304,28016,171676
1513038240,6412,28024,171668
1513038241,6176,28024,171676
1513038242,6152,28024,171676
1513038243,6288,28024,171676
1513038244,6276,28024,171676
1513038245,6192,28032,171676
1513038246,6168,28032,171684
1513038247,6188,28032,171684
1513038248,6184,28032,171684
1513038249,6312,28032,171684
1513038250,6380,28040,171676
1513038251,6400,28040,171684
1513038252,6392,28040,171688
1513038253,6280,28040,171688
1513038254,6304,28040,171688
1513038255,6280,28048,171680
1513038256,6304,28048,171688
1513038257,6288,28048,171688
1513038258,6300,28048,171688
1513038259,6392,28048,171688
1513038260,6292,28056,171684
1513038261,6120,28056,171692
1513038262,6008,28056,171692
1513038263,6004,28056,171692
1513038264,6008,28056,171692
1513038265,6000,28064,171684
1513038266,6004,28064,171692
1513038267,6008,28064,171696
1513038268,6140,28064,171696
1513038269,6016,28064,171696
1513038270,6124,28064,171696
1513038271,6116,28072,171696
1513038272,6128,28072,171696
1513038273,5980,28072,171696
1513038274,6284,28072,171696
1513038275,6296,28072,171700
1513038276,6116,28080,171692
1513038277,6272,28080,171700
1513038278,6228,28080,171700
1513038279,6208,28080,171700
1513038280,6244,28080,171700
1513038281,6216,28088,171696
1513038282,6100,28088,171708
1513038283,6108,28088,171708
1513038284,6100,28088,171708
1513038285,6108,28088,171708
1513038286,6112,28096,171700
1513038287,6228,28096,171708
1513038288,6132,28096,171708
1513038289,6236,28096,171708
1513038290,5816,28096,171712
1513038291,5928,28104,171704
1513038292,5828,28104,171712
1513038293,5808,28104,171712
1513038294,5976,28104,171712
1513038295,5968,28104,171712
1513038296,5972,28112,171704
1513038297,5948,28112,171716
1513038298,6072,28112,171716
1513038299,6204,28112,171716
1513038300,6084,28112,171716
1513038301,6108,28120,171728
1513038302,6056,28120,171728
1513038304,6044,28120,171728
1513038305,6172,28120,171732
1513038306,6056,28120,171732
1513038307,6112,28128,171732
1513038308,6100,28128,171736
1513038309,6108,28128,171736
1513038310,6088,28128,171736
1513038311,5960,28128,171736
1513038312,5820,28136,171740
1513038313,5704,28136,171740
1513038314,5804,28136,171740
1513038315,6148,28136,171740
1513038316,6108,28136,171740
1513038317,6088,28144,171740
1513038318,6112,28144,171744
1513038319,5792,28144,170312
1513038320,7216,28144,170308
1513038321,7212,28144,170308
1513038322,7328,28152,170308
1513038323,7336,28152,170308
1513038324,7228,28152,170308
1513038325,7228,28152,170308
1513038326,7208,28152,170308
1513038327,7260,28160,170312
1513038328,7232,28160,170312
1513038329,7252,28160,170312
1513038330,7332,28160,170312
1513038331,7324,28160,170312
1513038332,7224,28168,170304
1513038333,7272,28168,170312
1513038334,7216,28168,170316
1513038335,7244,28168,170320
1513038336,7376,28168,170320
1513038337,7376,28176,170312
1513038338,7264,28176,170320
1513038339,7200,28176,170320
1513038340,7204,28176,170320
1513038341,7192,28176,170320
1513038342,7160,28184,170316
1513038343,7156,28184,170324
1513038344,7280,28184,170324
1513038345,7304,28184,170324
1513038346,7180,28184,170324
1513038347,7176,28192,170316
1513038348,7164,28192,170324
1513038349,7192,28192,170324
1513038350,7192,28192,170328
1513038351,7204,28192,170328
1513038352,7144,28200,170320
1513038353,7180,28200,170328
1513038354,7184,28200,170332
1513038355,7260,28200,170332
1513038356,7176,28200,170332
1513038357,7192,28200,170336
1513038358,7184,28208,170336
1513038359,7336,28208,170336
1513038360,7160,28208,170336
1513038361,7184,28208,170336
1513038362,7076,28208,170336
1513038363,7180,28216,170328
1513038364,7168,28216,170336
1513038365,7196,28216,170340
1513038366,7168,28216,170340
1513038367,7092,28216,170340
1513038368,7200,28224,170332
1513038369,7212,28224,170340
1513038370,7216,28224,170340
1513038371,7204,28224,170340
1513038372,7204,28224,170344
1513038373,7148,28232,170336
1513038374,7124,28232,170344
1513038375,7144,28232,170344
1513038376,7112,28232,170344
1513038377,7024,28232,170344
1513038378,7048,28240,170344
1513038379,7040,28240,170348
1513038380,7024,28240,170348
1513038381,7140,28240,170348
1513038382,7048,28240,170348
1513038383,7072,28248,170348
1513038385,7140,28248,170348
1513038386,7056,28248,170348
1513038387,7052,28248,170352
1513038388,7076,28248,170352
1513038389,7176,28256,170352
1513038390,7076,28256,170352
1513038391,7044,28256,170356
1513038392,7052,28256,170356
1513038393,7172,28256,170356
1513038394,7152,28264,170356
1513038395,7016,28264,170360
1513038396,6980,28264,170360
1513038397,6992,28264,170360
1513038398,7004,28264,170360
1513038399,6984,28272,170360
1513038400,6968,28272,170360
1513038401,7092,28272,170360
1513038402,7044,28272,170364
1513038403,7068,28272,170364
1513038404,7072,28280,170364
1513038405,7088,28280,170364
1513038406,7032,28280,170364
1513038407,6928,28280,170364
1513038408,7036,28280,170364
1513038409,7036,28288,170360
1513038410,7072,28288,170368
1513038411,7164,28288,170368
1513038412,7040,28288,170368
1513038413,7064,28288,170368
1513038414,7000,28288,170368
1513038415,6904,28296,170368
1513038416,6892,28296,170368
1513038417,6888,28296,170372
1513038418,6860,28296,170372
1513038419,6916,28296,170372
1513038420,6972,28304,170372
1513038421,6972,28304,170372
1513038422,6928,28304,170372
1513038423,6924,28304,170372
1513038424,7040,28304,170376
1513038425,6912,28312,170368
1513038426,6888,28312,170376
1513038427,7036,28312,170380
1513038428,6912,28312,170380
1513038429,6916,28312,170380
1513038430,6904,28320,170372
1513038431,6880,28320,170380
1513038432,6992,28320,170384
1513038433,6864,28320,170384
1513038434,6844,28320,170384
1513038435,6868,28328,170376
1513038436,6984,28328,170384
1513038437,6852,28328,170384
1513038438,7040,28328,170384
1513038439,6912,28328,170388
1513038440,6916,28336,170380
1513038441,6892,28336,170388
1513038442,6984,28336,170388
1513038443,6868,28336,170388
1513038444,6880,28336,170388
1513038445,6856,28344,170380
1513038446,6876,28344,170388
1513038447,6876,28344,170392
1513038448,6868,28344,170392
1513038449,6868,28344,170392
1513038450,6952,28344,170392
1513038451,6828,28352,170396
1513038452,6828,28352,170396
1513038453,6828,28352,170396
1513038454,6940,28352,170400
1513038455,6796,28352,170400
1513038456,6808,28360,170392
1513038457,6952,28360,170400
1513038458,7096,28360,170400
1513038459,7088,28360,170400
1513038460,6988,28360,170400
1513038461,6988,28368,170404
1513038462,6848,28368,170404
1513038463,6836,28368,170408
1513038464,6844,28368,170408
1513038465,6844,28368,170408
1513038467,6824,28368,170408
1513038468,6828,28376,170408
1513038469,6824,28376,170408
1513038470,6824,28376,170412
1513038471,6788,28376,170412
1513038472,6680,28376,170412
1513038473,6668,28384,170412
1513038474,6756,28384,170412
1513038475,6680,28384,170412
1513038476,6788,28384,170412
1513038477,6780,28384,170416
1513038478,6976,28392,170416
1513038479,6916,28392,170416
1513038480,6924,28392,170416
1513038481,6944,28392,170416
1513038482,6808,28392,170416
1513038483,6680,28400,170416
1513038484,6700,28400,170416
1513038485,6812,28400,170420
1513038486,7028,28400,170420
1513038487,7020,28400,170420
1513038488,7008,28408,170412
1513038489,6912,28408,170420
1513038490,6700,28408,170420
1513038491,6672,28408,170420
1513038492,6660,28408,170424
1513038493,6652,28416,170416
1513038494,6804,28416,170424
1513038495,6708,28416,170424
1513038496,6680,28416,170424
1513038497,6692,28416,170424
1513038498,7028,28424,170416
1513038499,6884,28424,170424
1513038500,7020,28424,170428
1513038501,7012,28424,170432
1513038502,6916,28424,170432
1513038503,6788,28424,170432
1513038504,6752,28432,170432
1513038505,6752,28432,170432
1513038506,6896,28432,170432
1513038507,6780,28432,170436
1513038508,6768,28432,170436
1513038509,6756,28440,170428
1513038510,6772,28440,170436
1513038511,6752,28440,170436
1513038512,6748,28440,170436
1513038513,6764,28440,170436
1513038514,6756,28448,170428
1513038515,6744,28448,170440
1513038516,6760,28448,170440
1513038517,6772,28448,170444
1513038518,6772,28448,170444
1513038519,6772,28456,170436
1513038520,6696,28456,170444
1513038521,6704,28456,170444
1513038522,6704,28456,170448
1513038523,6692,28456,170448
1513038524,6604,28464,170440
1513038525,6736,28464,170448
1513038526,6724,28464,170448
1513038527,6708,28464,170448
1513038528,6928,28464,170448
1513038529,6920,28472,170440
1513038530,6940,28472,170452
1513038531,6916,28472,170452
1513038532,6756,28472,170452
1513038533,6756,28472,170452
1513038534,6748,28480,170444
1513038535,6616,28480,170452
1513038536,6900,28480,170452
1513038537,6924,28480,170460
1513038538,6900,28480,170460
1513038539,6892,28488,170460
1513038540,6612,28488,170460
1513038541,6612,28488,170460
1513038542,6736,28488,170460
1513038543,6620,28488,170460
1513038545,6616,28496,170464
1513038546,6604,28496,170464
1513038547,6612,28496,170464
1513038548,6724,28496,170464
1513038549,6920,28496,170464
1513038550,6784,28504,170464
1513038551,6900,28504,170464
1513038552,6908,28504,170468
1513038553,6676,28504,170468
1513038554,6664,28504,170468
1513038555,6804,28504,170468
1513038556,6652,28512,170468
1513038557,6652,28512,170468
1513038558,6644,28512,170468
1513038559,6644,28512,170468
1513038560,6648,28512,170472
1513038561,6472,28520,170472
1513038562,6572,28520,170472
1513038563,6568,28520,170472
1513038564,6580,28520,170472
1513038565,6596,28520,170472
1513038566,6524,28528,170472
1513038567,6608,28528,170476
1513038568,6596,28528,170476
1513038569,6764,28528,170476
1513038570,9024,28528,170280
1513038571,9156,28536,170280
1513038572,9044,28536,170280
1513038573,8800,28536,170280
1513038574,8896,28536,170284
1513038575,8800,28544,170280
1513038576,8824,28544,170288
1513038577,9072,28544,170288
1513038578,9084,28544,170288
1513038579,9112,28544,170288
1513038580,9204,28544,170288
1513038581,8856,28552,170288
1513038582,8848,28552,170292
1513038583,8848,28552,170292
1513038584,8852,28552,170292
1513038585,8832,28552,170292
1513038586,8840,28560,170284
1513038587,8856,28560,170292
1513038588,8868,28560,170292
1513038589,9044,28560,170296
1513038590,9160,28560,170296
1513038591,9048,28568,170288
1513038592,9032,28568,170296
1513038593,8844,28568,170296
1513038594,8724,28568,170300
1513038595,8844,28568,170300
1513038596,8840,28576,170292
1513038597,8788,28576,170304
1513038598,8812,28576,170304
1513038599,8792,28576,170304
1513038600,8908,28576,170304
1513038601,8860,28576,170304
1513038602,8736,28584,170304
1513038603,8736,28584,170304
1513038604,8728,28584,170308
1513038605,8828,28584,170308
1513038606,8692,28584,170308
1513038607,8804,28592,170300
1513038608,8812,28592,170308
1513038609,8988,28592,170308
1513038610,9004,28592,170312
1513038611,8896,28592,170312
1513038612,9008,28600,170308
1513038613,8724,28600,170316
1513038614,8736,28600,170316
1513038615,8844,28600,170316
1513038616,8812,28600,170316
1513038617,9008,28608,170316
1513038618,9008,28608,170320
1513038619,9000,28608,170320
1513038620,9024,28608,170320
1513038621,8848,28608,170320
1513038622,8968,28616,170320
1513038624,8964,28616,170320
1513038625,8832,28616,170320
1513038626,8960,28616,170320
1513038627,8976,28616,170324
1513038628,8944,28624,170324
1513038629,8844,28624,170324
1513038630,8992,28624,170324
1513038631,8832,28624,170324
1513038632,8960,28624,170324
1513038633,8956,28632,170324
1513038634,8824,28632,170328
1513038635,8688,28632,170328
1513038636,8692,28632,170328
1513038637,8664,28632,170328
1513038638,8836,28640,170328
1513038639,8728,28640,170328
1513038640,8716,28640,170328
1513038641,8728,28640,170328
1513038642,8860,28640,170332
1513038643,8976,28648,170332
1513038644,8868,28648,170332
1513038645,8844,28648,170332
1513038646,8660,28648,170332
1513038647,8652,28648,170336
1513038648,8652,28656,170336
1513038649,8664,28656,170340
1513038650,8660,28656,170340
1513038651,8624,28656,170340
1513038652,8668,28656,170340
1513038653,8664,28664,170340
1513038654,8728,28664,170340
1513038655,8696,28664,170340
1513038656,8704,28664,170340
1513038657,8696,28664,170344
1513038658,8624,28672,170344
1513038659,8724,28672,170344
1513038660,8612,28672,170344
1513038661,8616,28672,170344
1513038662,8744,28672,170344
1513038663,8736,28680,170344
1513038664,8768,28680,170348
1513038665,8724,28680,170348
1513038666,8680,28680,170348
1513038667,8536,28680,170348
1513038668,8524,28688,170340
1513038669,8648,28688,170348
1513038670,8660,28688,170348
1513038671,8644,28688,170348
1513038672,8520,28688,170352
1513038673,8520,28696,170344
1513038674,8696,28696,170352
1513038675,8696,28696,170352
1513038676,8568,28696,170352
1513038677,8568,28696,170352
1513038678,8564,28704,170344
1513038679,8568,28704,170352
1513038680,8532,28704,170356
1513038681,8544,28704,170356
1513038682,8564,28704,170356
1513038683,8552,28704,170360
1513038684,8552,28712,170360
1513038685,8676,28712,170360
1513038686,8612,28712,170360
1513038687,8584,28712,170364
1513038688,8704,28712,170364
1513038689,8488,28720,170356
1513038690,8668,28720,170364
1513038691,8524,28720,170364
1513038692,8532,28720,170364
1513038693,8520,28720,170364
1513038694,8520,28728,170356
1513038695,8516,28728,170368
1513038696,8524,28728,170368
1513038697,8732,28728,170368
1513038698,8584,28728,170372
1513038699,8584,28736,170372
1513038700,8600,28736,170372
1513038701,8656,28736,170376
1513038702,8744,28736,170376
1513038704,8632,28736,170376
1513038705,8624,28736,170376
1513038706,8620,28744,170376
1513038707,8744,28744,170376
1513038708,8608,28744,170376
1513038709,8620,28744,170376
1513038710,8572,28744,170380
1513038711,8560,28752,170380
1513038712,8456,28752,170380
1513038713,8568,28752,170380
1513038714,8612,28752,170380
1513038715,8580,28752,170380
1513038716,8588,28760,170380
1513038717,8484,28760,170384
1513038718,8464,28760,170384
1513038719,8480,28760,170384
1513038720,8576,28760,170388
1513038721,8596,28768,170388
1513038722,8584,28768,170388
1513038723,8580,28768,170388
1513038724,8456,28768,170388
1513038725,8596,28768,170392
1513038726,8608,28776,170384
1513038727,8480,28776,170392
1513038728,8472,28776,170392
1513038729,8480,28776,170392
1513038730,8436,28776,170392
1513038731,8408,28784,170384
1513038732,8424,28784,170396
1513038733,8424,28784,170396
1513038734,8456,28784,170396
1513038735,8456,28784,170396
1513038736,8456,28792,170388
1513038737,8456,28792,170400
1513038738,8504,28792,170400
1513038739,8656,28792,170400
1513038740,8508,28792,170404
1513038741,8492,28792,170404
1513038742,8480,28800,170404
1513038743,8476,28800,170404
1513038744,8472,28800,170404
1513038745,8476,28800,170404
1513038746,8432,28800,170404
1513038747,8456,28808,170400
1513038748,8448,28808,170408
1513038749,8440,28808,170408
1513038750,8456,28808,170408
1513038751,8596,28808,170408
1513038752,8484,28816,170400
1513038753,8472,28816,170408
1513038754,8448,28816,170408
1513038755,8592,28816,170412
1513038756,8456,28816,170412
1513038757,8464,28824,170408
1513038758,8448,28824,170416
1513038759,8584,28824,170416
1513038760,8444,28824,170416
1513038761,8444,28824,170416
1513038762,8336,28832,170412
1513038763,8440,28832,170420
1513038764,8352,28832,170420
1513038765,8476,28832,170420
1513038766,8464,28832,170420
1513038767,8476,28840,170412
1513038768,8452,28840,170420
1513038769,8324,28840,170424
1513038770,8324,28840,170424
1513038771,8320,28840,170424
1513038772,8320,28848,170416
1513038773,8336,28848,170424
1513038774,8456,28848,170424
1513038775,8444,28848,170424
1513038776,8452,28848,170428
1513038777,8452,28856,170428
1513038778,8452,28856,170428
1513038779,8456,28856,170428
1513038781,8328,28856,170428
1513038782,8316,28856,170428
1513038783,8324,28856,170428
1513038784,8352,28864,170432
1513038785,8352,28864,170432
1513038786,8440,28864,170432
1513038787,8336,28864,170432
1513038788,8324,28864,170432
1513038789,8448,28872,170432
1513038790,8448,28872,170432
1513038791,8460,28872,170432
1513038792,8336,28872,170436
1513038793,8324,28872,170440
1513038794,8488,28880,170440
1513038795,8324,28880,170440
1513038796,8336,28880,170440
1513038797,8268,28880,170440
1513038798,8272,28880,170440
1513038799,8284,28888,170444
1513038800,8272,28888,170444
1513038801,8128,28920,170428
1513038802,8240,28920,170444
1513038803,8240,28920,170444
1513038804,8240,28920,170444
1513038805,8532,28920,170444
1513038806,8412,28920,170444
1513038807,8416,28928,170448
1513038808,8416,28928,170448
1513038809,8408,28928,170448
1513038810,8412,28928,170448
1513038811,8428,28928,170448
1513038812,8428,28936,170448
1513038813,8304,28936,170448
1513038814,8416,28936,170452
1513038815,8416,28936,170452
1513038816,8152,28944,170444
1513038817,8400,28944,170452
1513038818,8244,28944,170452
1513038819,8244,28944,170452
1513038820,8132,28944,170452
1513038821,8120,28944,170452
1513038822,8136,28952,170456
1513038823,8148,28952,170456
1513038824,8136,28952,170456
1513038825,8136,28952,170456
1513038826,8084,28952,170456
1513038827,8096,28960,170448
1513038828,8088,28960,170456
1513038829,8088,28960,170460
1513038830,8088,28960,170464
1513038831,8080,28960,170464
1513038832,8096,28968,170456
1513038833,8088,28968,170464
1513038834,8136,28968,170464
1513038835,8136,28968,170464
1513038836,8136,28968,170464
1513038837,8136,28976,170460
1513038838,8148,28976,170468
1513038839,8136,28976,170468
1513038840,8128,28976,170468
1513038841,8128,28976,170468
1513038842,8096,28984,170460
1513038843,8096,28984,170468
1513038844,8120,28984,170472
1513038845,8120,28984,170472
1513038846,8168,28984,170472
1513038847,8168,28984,170472
1513038848,8132,28992,170472
1513038849,8120,28992,170472
1513038850,8120,28992,170472
1513038851,8120,28992,170472
1513038852,8120,28992,170476
1513038853,8120,29000,170468
1513038854,8088,29000,170476
1513038855,8088,29000,170476
1513038856,8384,29000,170476
1513038857,8260,29000,170476
1513038858,8264,29008,170480
1513038859,8276,29008,170480
1513038860,8020,29008,170480
1513038862,8020,29008,170480
1513038863,8028,29008,170480
1513038864,8144,29016,170480
1513038865,8036,29016,170480
1513038866,8156,29016,170484
1513038867,8128,29016,170488
1513038868,8004,29016,170488
1513038869,7960,29024,170488
1513038870,8088,29024,170488
1513038871,8088,29024,170488
1513038872,7964,29024,170488
1513038873,7964,29024,170488
1513038874,7964,29032,170492
1513038875,7964,29032,170492
1513038876,7964,29032,170492
1513038877,8260,29032,170492
1513038878,8260,29032,170492
1513038879,8252,29040,170492
1513038880,8228,29040,170496
1513038881,8008,29040,170496
1513038882,7992,29040,170504
1513038883,7996,29040,170504
1513038884,7996,29048,170504
1513038885,8276,29048,170504
1513038886,8276,29048,170504
1513038887,8164,29048,170504
1513038888,8152,29048,170504
1513038889,8100,29056,170508
1513038890,7964,29056,170508
1513038891,7964,29056,170508
1513038892,7932,29056,170508
1513038893,7964,29056,170508
1513038894,7964,29064,170508
1513038895,7956,29064,170508
1513038896,7964,29064,170508
1513038897,8292,29064,170512
1513038898,8152,29064,170512
1513038899,8280,29072,170504
1513038900,8288,29072,170512
1513038901,8056,29072,170512
1513038902,8060,29072,170512
1513038903,8060,29072,170516
1513038904,7936,29080,170512
1513038905,8040,29080,170520
1513038906,8044,29080,170520
1513038907,8044,29080,170520
1513038908,8028,29080,170520
1513038909,7872,29088,170512
1513038910,7972,29088,170520
1513038911,7996,29088,170520
1513038912,7872,29088,170524
1513038913,7872,29088,170524
1513038914,7872,29096,170516
1513038915,7872,29096,170524
1513038916,7964,29096,170524
1513038917,8260,29096,170524
1513038918,8136,29096,170524
1513038919,8136,29096,170524
1513038920,8128,29104,170528
1513038921,7864,29104,170528
1513038922,7864,29104,170528
1513038923,7988,29104,170528
1513038924,7988,29104,170528
1513038925,8152,29112,170520
1513038926,8144,29112,170528
1513038927,8156,29112,170532
1513038928,8156,29112,170532
1513038929,7800,29112,170532
1513038930,7800,29120,170524
1513038931,7800,29120,170532
1513038932,7924,29120,170532
1513038933,7800,29120,170532
1513038934,7924,29120,170536
1513038935,7808,29128,170536
1513038936,7804,29128,170536
1513038937,8140,29128,170536
1513038938,8004,29128,170540
1513038939,8136,29128,170540
1513038941,8104,29128,170540
1513038942,7872,29136,170544
1513038943,7872,29136,170544
1513038944,7996,29136,170544
1513038945,7872,29136,170544
1513038946,8028,29136,170544
1513038947,7888,29144,170544
1513038948,7888,29144,170544
1513038949,8028,29144,170548
1513038950,7964,29144,170548
1513038951,7840,29144,170548
1513038952,7852,29152,170548
1513038953,7852,29152,170548
1513038954,7800,29152,170548
1513038955,7784,29152,170548
1513038956,7812,29160,170540
1513038957,7948,29160,170552
1513038958,7980,29160,170552
1513038959,8100,29160,170552
1513038960,8100,29160,170552
1513038961,7980,29160,170552
1513038962,7872,29168,170552
1513038963,7760,29168,170552
1513038964,7752,29168,170556
1513038965,7748,29168,170556
1513038966,7992,29168,170556
1513038967,8120,29176,170556
1513038968,7996,29176,170556
1513038969,7996,29176,170556
1513038970,8104,29176,170556
1513038971,7980,29176,170556
1513038972,7992,29184,170552
1513038973,8132,29184,170560
1513038974,7992,29184,170560
1513038975,7992,29184,170560
1513038976,7980,29184,170564
1513038977,8104,29192,170556
1513038978,8028,29192,170564
1513038979,7988,29192,170568
1513038980,7996,29192,170568
1513038981,7996,29192,170568
1513038982,8008,29200,170560
1513038983,7996,29200,170568
1513038984,7984,29200,170568
1513038985,7992,29200,170568
1513038986,7992,29200,170568
1513038987,7992,29208,170564
1513038988,7996,29208,170572
1513038989,7996,29208,170572
1513038990,7992,29208,170572
1513038991,7996,29208,170572
1513038992,7732,29216,170564
1513038993,7872,29216,170572
1513038994,7732,29216,170576
1513038995,7872,29216,170576
1513038996,7716,29216,170576
1513038997,7716,29224,170568
1513038998,7716,29224,170576
1513038999,7716,29224,170576
1513039000,7996,29224,170576
1513039001,7996,29224,170576
1513039002,7996,29232,170572
1513039003,8008,29232,170580
1513039004,7668,29232,170580
1513039005,7668,29232,170580
1513039006,7544,29232,170580
1513039007,7632,29240,170572
1513039008,7636,29240,170580
1513039009,7636,29240,170584
1513039010,7636,29240,170584
1513039011,7700,29240,170584
1513039012,7576,29248,170576
1513039013,7700,29248,170588
1513039014,7572,29248,170588
1513039015,7732,29248,170588
1513039016,7620,29248,170592
1513039017,7608,29256,170592
1513039018,7576,29256,170592
1513039019,7620,29256,170592
1513039020,7620,29256,170592
1513039021,7620,29256,170592
1513039022,7744,29256,170592
1513039024,7636,29264,170600
1513039025,7636,29264,170600
1513039026,7636,29264,170600
1513039027,7636,29264,170600
1513039028,7572,29264,170600
1513039029,7568,29272,170600
1513039030,7568,29272,170600
1513039031,7536,29272,170600
1513039032,7568,29272,170604
1513039033,7576,29272,170604
1513039034,7692,29280,170604
1513039035,7568,29280,170604
1513039036,7584,29280,170604
1513039037,7584,29280,170604
1513039038,7584,29280,170604
1513039039,7584,29288,170608
1513039040,7584,29288,170608
1513039041,7600,29288,170608
1513039042,7584,29288,170608
1513039043,7708,29288,170608
1513039044,7864,29296,170608
1513039045,7740,29296,170608
1513039046,7724,29296,170608
1513039047,7724,29296,170612
1513039048,7724,29296,170612
1513039049,7724,29304,170608
1513039050,7616,29304,170616
1513039051,7624,29304,170616
1513039052,7624,29304,170616
1513039053,7624,29304,170616
1513039054,7812,29312,170612
1513039055,7812,29312,170620
1513039056,7812,29312,170620
1513039057,7812,29312,170620
1513039058,7576,29312,170620
1513039059,7576,29312,170620
1513039060,7452,29320,170620
1513039061,7576,29320,170620
1513039062,7576,29320,170624
1513039063,7576,29320,170624
1513039064,7452,29320,170624
1513039065,7452,29328,170624
1513039066,7516,29328,170624
1513039067,7516,29328,170628
1513039068,7516,29328,170628
1513039069,7500,29328,170632
1513039070,7468,29336,170624
1513039071,7484,29336,170632
1513039072,7608,29336,170632
1513039073,7484,29336,170632
1513039074,7624,29336,170632
1513039075,7500,29344,170624
1513039076,7500,29344,170632
1513039077,7624,29344,170636
1513039078,7640,29344,170636
1513039079,7516,29344,170636
1513039080,7640,29352,170628
1513039081,7608,29352,170636
1513039082,7544,29352,170636
1513039083,7420,29352,170636
1513039084,7420,29352,170640
1513039085,7420,29360,170632
1513039086,7420,29360,170644
1513039087,7420,29360,170644
1513039088,7544,29360,170644
1513039089,7420,29360,170644
1513039090,7452,29368,170636
1513039091,7452,29368,170644
1513039092,7452,29368,170648
1513039093,7420,29368,170648
1513039094,7452,29368,170648
1513039095,7452,29368,170648
1513039096,7448,29376,170648
1513039097,7340,29376,170648
1513039098,7468,29376,170648
1513039099,7468,29376,170652
1513039100,7468,29376,170652
1513039101,7468,29384,170652
1513039102,7420,29384,170652
1513039103,7420,29384,170652
1513039104,7388,29384,170652
1513039105,7384,29384,170652
1513039107,7296,29392,170656
1513039108,7296,29392,170656
1513039109,7416,29392,170656
1513039110,7420,29392,170656
1513039111,7624,29392,170656
1513039112,7740,29400,170656
1513039113,7620,29400,170656
1513039114,7624,29400,170660
1513039115,7392,29400,170660
1513039116,7484,29400,170660
1513039117,7356,29408,170660
1513039118,7372,29408,170660
1513039119,7500,29408,170660
1513039120,7496,29408,170660
1513039121,7500,29408,170660
1513039122,7376,29416,170660
1513039123,7656,29416,170668
1513039124,7656,29416,170668
1513039125,7652,29416,170668
1513039126,7656,29416,170668
1513039127,7372,29424,170664
1513039128,7360,29424,170672
1513039129,7452,29424,170676
1513039130,7444,29424,170676
1513039131,7328,29424,170676
1513039132,7452,29432,170668
1513039133,7452,29432,170676
1513039134,7452,29432,170676
1513039135,7656,29432,170676
1513039136,7668,29432,170676
1513039137,7656,29440,170672
1513039138,7528,29440,170680
1513039139,7524,29440,170680
1513039140,7392,29440,170680
1513039141,7356,29440,170680
1513039142,7360,29448,170672
1513039143,7380,29448,170680
1513039144,7388,29448,170684
1513039145,7248,29448,170684
1513039146,7372,29448,170684
1513039147,7688,29456,170676
1513039148,7564,29456,170684
1513039149,7576,29456,170684
1513039150,7564,29456,170684
1513039151,7388,29456,170684
1513039152,7268,29464,170680
1513039153,7200,29464,170688
1513039154,7320,29464,170688
1513039155,7012,29464,170688
1513039156,7008,29464,170688
1513039157,7444,29472,170680
1513039158,7320,29472,170688
1513039159,7368,29472,170696
1513039160,7244,29472,170696
1513039161,7360,29472,170696
1513039162,7236,29480,170696
1513039163,7304,29480,170704
1513039164,7308,29480,170704
1513039165,7308,29480,170704
1513039166,7196,29480,170708
1513039167,7208,29488,170704
1513039168,7208,29488,170712
1513039169,7208,29488,170712
1513039170,7216,29488,170712
1513039171,7344,29488,170712
1513039172,7236,29496,170704
1513039173,7228,29496,170712
1513039174,7228,29496,170716
1513039175,7164,29496,170716
1513039176,7268,29496,170716
1513039177,7128,29496,170716
1513039178,7148,29504,170716
1513039179,7148,29504,170716
1513039180,7272,29504,170716
1513039181,7156,29504,170720
1513039182,7144,29504,170720
1513039183,7176,29512,170720
1513039185,7180,29512,170720
1513039186,7180,29512,170720
1513039187,7176,29512,170720
1513039188,7180,29512,170720
1513039189,7140,29520,170724
1513039190,7140,29520,170724
1513039191,7140,29520,170724
1513039192,7284,29520,170724
1513039193,7160,29520,170724
1513039194,7160,29528,170724
1513039195,7160,29528,170728
1513039196,7100,29528,170728
1513039197,7116,29528,170732
1513039198,7116,29536,170724
1513039199,7116,29536,170732
1513039200,7116,29536,170732
1513039201,7116,29536,170732
1513039202,7116,29536,170732
1513039203,7116,29544,170724
1513039204,7180,29544,170736
1513039205,7192,29544,170736
1513039206,7180,29544,170736
1513039207,7056,29544,170736
1513039208,7056,29552,170728
1513039209,7180,29552,170736
1513039210,7172,29552,170736
1513039211,7020,29552,170736
1513039212,7444,29552,170740
1513039213,7192,29560,170732
1513039214,7440,29560,170740
1513039215,7304,29560,170740
1513039216,7304,29560,170740
1513039217,7036,29560,170740
1513039218,7164,29568,170732
1513039219,7164,29568,170744
1513039220,7040,29568,170744
1513039221,7088,29568,170744
1513039222,7088,29568,170744
1513039223,7212,29576,170736
1513039224,7088,29576,170744
1513039225,7148,29576,170744
1513039226,7112,29576,170744
1513039227,6996,29576,170748
1513039228,7128,29584,170740
1513039229,6992,29584,170748
1513039230,6992,29584,170748
1513039231,7116,29584,170748
1513039232,6976,29584,170752
1513039233,6992,29592,170744
1513039234,7116,29592,170756
1513039235,7116,29592,170756
1513039236,6992,29592,170756
1513039237,6992,29592,170756
1513039238,6992,29600,170748
1513039239,6992,29600,170756
1513039240,6960,29600,170756
1513039241,6960,29600,170756
1513039242,7084,29600,170760
1513039243,6900,29608,170752
1513039244,7024,29608,170760
1513039245,7024,29608,170760
1513039246,7024,29608,170760
1513039247,7024,29608,170760
1513039248,7024,29616,170752
1513039249,7024,29616,170764
1513039250,7024,29616,170764
1513039251,7008,29616,170764
1513039252,6884,29616,170768
1513039253,6884,29624,170768
1513039254,7008,29624,170768
1513039255,6960,29624,170768
1513039256,6960,29624,170772
1513039257,6836,29624,170772
1513039258,6960,29632,170772
1513039260,6960,29632,170772
1513039261,6960,29632,170772
1513039262,6960,29632,170772
1513039263,6836,29632,170772
1513039264,7092,29640,170776
1513039265,7100,29640,170776
1513039266,7100,29640,170776
1513039267,7100,29640,170776
1513039268,6972,29640,170776
1513039269,6836,29640,170780
1513039270,6836,29648,170780
1513039271,6968,29648,170780
1513039272,6968,29648,170784
1513039273,6976,29648,170784
1513039274,6852,29648,170784
1513039275,6976,29656,170784
1513039276,7100,29656,170784
1513039277,7112,29656,170784
1513039278,7104,29656,170784
1513039279,7100,29656,170788
1513039280,6772,29664,170788
1513039281,6896,29664,170788
1513039282,6772,29664,170788
1513039283,6768,29664,170788
1513039284,6796,29664,170788
1513039285,6784,29672,170788
1513039286,6804,29672,170788
1513039287,6928,29672,170792
1513039288,6976,29672,170792
1513039289,6976,29672,170792
1513039290,6976,29680,170792
1513039291,7100,29680,170792
1513039292,6876,29680,170792
1513039293,6864,29680,170792
1513039294,6864,29680,170796
1513039295,6864,29688,170788
1513039296,6912,29688,170796
1513039297,7052,29688,170796
1513039298,6912,29688,170796
1513039299,6912,29688,170796
1513039300,6920,29696,170788
1513039301,6876,29696,170796
1513039302,6876,29696,170800
1513039303,6876,29696,170800
1513039304,6892,29696,170800
1513039305,6768,29704,170796
1513039306,6756,29704,170804
1513039307,6880,29704,170804
1513039308,6892,29704,170804
1513039309,6756,29704,170812
1513039310,7048,29712,170804
1513039311,7020,29712,170812
1513039312,7036,29712,170812
1513039313,7036,29712,170812
1513039314,6724,29712,170812
1513039315,6692,29720,170804
1513039316,6692,29720,170812
1513039317,6692,29720,170816
1513039318,6848,29720,170816
1513039319,6720,29720,170816
1513039320,6732,29720,170816
1513039321,6720,29728,170816
1513039322,6752,29728,170816
1513039323,6752,29728,170816
1513039324,6752,29728,170820
1513039325,6876,29728,170820
1513039326,6728,29736,170820
1513039327,6724,29736,170820
1513039328,6728,29736,170820
1513039329,6860,29736,170820
1513039330,6752,29736,170820
1513039331,6740,29744,170824
1513039332,6880,29744,170824
1513039334,6736,29744,170824
1513039335,6784,29744,170824
1513039336,6908,29744,170824
1513039337,6792,29752,170824
1513039338,6788,29752,170824

