1513035512,80392,24680,170720
1513035514,79176,24680,170836
1513035515,79300,24680,170840
1513035516,80488,24680,170840
1513035517,80440,24680,170840
1513035518,80440,24688,170844
1513035519,80580,24688,170844
1513035520,80504,24688,170844
1513035521,80628,24688,170844
1513035522,80504,24688,170844
1513035523,80552,24696,170836
1513035524,80552,24696,170844
1513035525,77880,24696,171192
1513035526,77864,24696,171192
1513035527,75968,24696,171196
1513035528,75968,24696,171200
1513035529,74096,24704,171208
1513035530,74080,24704,171208
1513035531,72084,24704,171224
1513035532,72084,24704,171228
1513035533,72208,24704,171228
1513035534,72488,24712,171228
1513035535,72488,24712,171228
1513035536,72612,24712,171228
1513035537,71696,24712,171240
1513035538,71820,24712,171240
1513035539,71580,24720,171244
1513035540,71704,24720,171248
1513035541,71316,24720,171248
1513035542,71184,24720,171260
1513035543,71184,24720,171260
1513035544,74092,24728,171436
1513035545,73804,24728,171492
1513035546,74624,24728,171496
1513035547,74640,24728,171496
1513035548,74740,24728,171496
1513035549,74616,24736,171500
1513035550,74744,24736,171500
1513035551,74632,24736,171504
1513035552,74788,24736,171504
1513035553,74640,24736,171504
1513035554,74628,24744,171496
1513035555,74736,24744,171504
1513035556,74780,24744,171504
1513035557,74740,24744,171504
1513035558,74788,24744,171504
1513035559,74640,24752,171500
1513035560,74788,24752,171508
1513035561,74456,24752,171508
1513035562,64444,24752,171508
1513035563,58072,24752,171580
1513035564,58072,24752,171580
1513035565,58212,24760,171580
1513035566,58212,24760,171580
1513035567,58212,24760,171584
1513035568,58212,24760,171584
1513035569,58084,24760,171584
1513035570,57948,24768,171584
1513035571,57972,24768,171584
1513035572,58072,24768,171584
1513035573,57968,24768,171584
1513035574,58100,24768,171584
1513035575,57976,24776,171588
1513035576,57980,24776,171588
1513035577,57980,24776,171588
1513035578,58004,24776,171588
1513035579,58004,24776,171588
1513035580,57992,24784,171588
1513035581,58244,24784,171588
1513035582,58244,24784,171588
1513035583,58120,24784,171592
1513035584,58244,24784,171592
1513035585,57976,24792,171592
1513035586,57952,24792,171596
1513035587,57988,24792,171596
1513035588,57980,24792,171596
1513035589,58116,24800,171596
1513035590,57976,24800,171600
1513035592,58080,24800,171600
1513035593,57960,24800,171600
1513035594,58240,24804,171600
1513035595,58096,24804,171600
1513035596,58232,24812,171600
1513035597,58112,24812,171600
1513035598,58108,24812,171600
1513035599,58092,24812,171604
1513035600,58236,24820,171596
1513035601,58116,24820,171604
1513035602,58120,24820,171604
1513035603,58144,24820,171604
1513035604,58144,24820,171604
1513035605,58244,24820,171604
1513035606,57996,24828,171604
1513035607,58128,24828,171608
1513035608,58096,24828,171608
1513035609,58228,24828,171608
1513035610,57976,24828,171608
1513035611,57852,24836,171608
1513035612,57856,24836,171608
1513035613,57992,24836,171608
1513035614,58120,24836,171608
1513035615,58128,24836,171612
1513035616,58120,24844,171612
1513035617,58120,24844,171612
1513035618,57832,24844,171612
1513035619,57832,24844,171612
1513035620,57968,24844,171612
1513035621,57964,24852,171612
1513035622,57984,24852,171616
1513035623,57960,24852,171616
1513035624,57960,24852,171620
1513035625,57968,24852,171620
1513035626,57852,24860,171620
1513035627,57992,24860,171620
1513035628,57864,24860,171620
1513035629,57852,24860,171620
1513035630,58112,24868,171612
1513035631,58104,24868,171620
1513035632,58136,24868,171624
1513035633,58124,24868,171624
1513035634,57996,24868,171624
1513035635,57852,24868,171624
1513035636,57848,24876,171624
1513035637,57984,24876,171624
1513035638,57968,24876,171624
1513035639,57972,24876,171624
1513035640,58016,24876,171628
1513035641,57872,24884,171628
1513035642,58132,24884,171628
1513035643,58132,24884,171628
1513035644,58144,24884,171628
1513035645,58120,24884,171628
1513035646,58120,24892,171628
1513035647,57996,24892,171628
1513035648,58124,24892,171632
1513035649,58144,24892,171632
1513035650,58120,24892,171632
1513035651,58116,24900,171636
1513035652,57988,24900,171636
1513035653,58116,24900,171636
1513035654,58116,24900,171636
1513035655,58012,24900,171636
1513035656,57992,24908,171640
1513035657,58116,24908,171640
1513035658,57872,24908,171640
1513035659,57852,24908,171644
1513035660,57860,24908,171644
1513035661,57852,24916,171644
1513035662,57992,24916,171644
1513035663,58120,24916,171648
1513035664,58004,24916,171648
1513035665,57992,24924,171644
1513035667,58116,24924,171648
1513035668,57996,24924,171648
1513035669,57696,24924,171648
1513035670,57992,24924,171648
1513035671,57876,24924,171648
1513035672,57836,24932,171652
1513035673,57848,24932,171652
1513035674,57848,24932,171652
1513035675,57828,24932,171652
1513035676,57844,24940,171644
1513035677,57852,24940,171652
1513035678,57852,24940,171652
1513035679,57868,24940,171652
1513035680,57856,24940,171656
1513035681,57856,24948,171648
1513035682,57868,24948,171656
1513035683,58100,24948,171656
1513035684,58124,24948,171656
1513035685,58116,24948,171656
1513035686,57868,24948,171656
1513035687,58128,24956,171656
1513035688,58004,24956,171660
1513035689,58116,24956,171660
1513035690,57992,24956,171660
1513035691,57752,24956,171660
1513035692,57852,24964,171660
1513035693,57752,24964,171660
1513035694,57868,24964,171660
1513035695,57852,24964,171660
1513035696,57856,24964,171668
1513035697,57724,24972,171668
1513035698,57848,24972,171672
1513035699,57848,24972,171672
1513035700,57848,24972,171672
1513035701,57848,24972,171672
1513035702,57740,24980,171672
1513035703,57880,24980,171672
1513035704,57996,24980,171676
1513035705,58032,24980,171676
1513035706,58004,24980,171676
1513035707,57884,24988,171676
1513035708,57996,24988,171676
1513035709,58000,24988,171676
1513035710,58016,24988,171676
1513035711,57736,24988,171676
1513035712,57732,24996,171680
1513035713,57856,24996,171680
1513035714,57732,24996,171680
1513035715,57620,24996,171680
1513035716,57732,25004,171672
1513035717,57856,25004,171680
1513035718,57752,25004,171680
1513035719,57748,25004,171680
1513035720,57740,25004,171684
1513035721,57752,25004,171684
1513035722,57728,25012,171684
1513035723,57992,25012,171684
1513035724,57856,25012,171684
1513035725,57868,25012,171684
1513035726,57996,25012,171684
1513035727,57868,25020,171684
1513035728,57892,25020,171688
1513035729,57868,25020,171688
1513035730,57868,25020,171688
1513035731,57740,25028,171684
1513035733,57728,25028,171692
1513035734,57628,25028,171692
1513035735,57604,25028,171692
1513035736,57732,25028,171696
1513035737,57736,25028,171696
1513035738,57740,25036,171696
1513035739,57724,25036,171696
1513035740,57732,25036,171696
1513035741,57744,25036,171696
1513035742,57612,25044,171688
1513035743,57616,25044,171696
1513035744,57604,25044,171700
1513035745,57620,25044,171700
1513035746,57624,25044,171700
1513035747,57608,25044,171700
1513035748,57608,25052,171700
1513035749,57612,25052,171700
1513035750,57724,25052,171700
1513035751,57876,25052,171700
1513035752,57884,25052,171696
1513035753,57764,25060,171704
1513035754,57888,25060,171704
1513035755,57620,25060,171704
1513035756,57608,25060,171704
1513035757,57744,25068,171696
1513035758,57612,25068,171704
1513035759,57624,25068,171704
1513035760,57620,25068,171708
1513035761,57608,25072,171708
1513035762,57476,25072,171708
1513035763,57740,25080,171708
1513035764,57768,25080,171708
1513035765,57876,25080,171708
1513035766,57756,25080,171708
1513035767,57612,25080,171708
1513035768,57600,25088,171712
1513035769,57600,25088,171716
1513035770,57600,25088,171716
1513035771,57604,25088,171716
1513035772,57604,25088,171716
1513035773,57604,25096,171716
1513035774,57604,25096,171716
1513035775,57604,25096,171716
1513035776,57624,25096,171720
1513035777,57616,25096,171720
1513035778,57604,25104,171720
1513035779,57748,25104,171720
1513035780,57872,25104,171720
1513035781,57624,25104,171720
1513035782,57872,25104,171720
1513035783,57608,25112,171720
1513035784,57608,25112,171724
1513035785,57608,25112,171724
1513035786,57608,25112,171724
1513035787,57608,25112,171724
1513035788,57484,25120,171724
1513035789,57312,25120,171724
1513035790,57608,25120,171728
1513035791,57484,25120,171728
1513035792,57496,25128,171724
1513035793,57588,25128,171732
1513035794,57584,25128,171732
1513035795,57748,25128,171732
1513035796,57748,25128,171732
1513035798,57740,25136,171724
1513035799,57748,25136,171732
1513035800,57480,25136,171736
1513035801,57484,25136,171736
1513035802,57484,25136,171736
1513035803,57484,25136,171736
1513035804,57484,25144,171736
1513035805,57600,25144,171740
1513035806,57612,25144,171740
1513035807,57600,25144,171740
1513035808,57516,25144,171744
1513035809,57488,25152,171744
1513035810,57584,25152,171744
1513035811,57476,25152,171744
1513035812,57480,25152,171744
1513035813,57628,25160,171736
1513035814,57612,25160,171744
1513035815,57512,25160,171744
1513035816,57476,25160,171748
1513035817,57476,25160,171748
1513035818,57608,25160,171748
1513035819,57480,25168,171748
1513035820,57484,25168,171748
1513035821,57484,25168,171748
1513035822,57484,25168,171748
1513035823,57372,25168,171748
1513035824,57612,25176,171752
1513035825,57480,25176,171752
1513035826,57492,25176,171752
1513035827,57744,25176,171752
1513035828,57336,25184,171744
1513035829,57764,25184,171752
1513035830,57764,25184,171752
1513035831,57620,25184,171752
1513035832,57752,25184,171756
1513035833,57640,25184,171756
1513035834,57624,25192,171756
1513035835,57756,25192,171756
1513035836,57764,25192,171756
1513035837,57628,25192,171756
1513035838,57616,25192,171756
1513035839,57756,25200,171756
1513035840,57764,25200,171760
1513035841,57620,25200,171760
1513035842,57500,25232,171772
1513035843,59024,25232,171764
1513035844,59036,25232,171760
1513035845,59172,25232,171760
1513035846,59036,25232,171760
1513035847,58908,25240,171752
1513035848,58880,25240,171764
1513035849,58884,25240,171764
1513035850,58884,25240,171764
1513035851,59044,25240,171764
1513035852,59156,25240,171764
1513035853,59040,25248,171764
1513035854,59048,25248,171764
1513035855,59048,25248,171764
1513035856,59048,25248,171768
1513035857,59040,25256,171764
1513035858,59160,25256,171768
1513035859,58892,25256,171768
1513035861,58912,25256,171768
1513035862,59036,25256,171768
1513035863,58920,25256,171768
1513035864,58924,25264,171772
1513035865,59044,25264,171772
1513035866,58656,25264,171772
1513035867,58800,25264,171772
1513035868,58816,25272,171764
1513035869,58884,25272,171772
1513035870,59020,25272,171772
1513035871,58900,25272,171772
1513035872,59064,25272,171776
1513035873,59060,25280,171768
1513035874,59156,25280,171776
1513035875,59040,25280,171776
1513035876,59040,25280,171776
1513035877,59032,25280,171776
1513035878,59084,25280,171780
1513035879,59048,25288,171780
1513035880,58780,25288,171784
1513035881,58924,25288,171784
1513035882,58780,25288,171784
1513035883,58776,25288,171784
1513035884,58900,25296,171788
1513035885,58920,25296,171788
1513035886,58808,25296,171788
1513035887,58808,25296,171788
1513035888,58792,25296,171792
1513035889,58892,25304,171792
1513035890,58768,25304,171792
1513035891,58892,25304,171792
1513035892,59040,25304,171792
1513035893,58944,25304,171792
1513035894,59068,25312,171792
1513035895,58944,25312,171792
1513035896,59068,25312,171796
1513035897,58944,25312,171796
1513035898,59040,25312,171796
1513035899,58784,25320,171796
1513035900,58792,25320,171796
1513035901,58680,25320,171796
1513035902,58796,25320,171796
1513035903,58692,25328,171788
1513035904,58816,25328,171800
1513035905,58820,25328,171800
1513035906,58784,25328,171800
1513035907,58792,25328,171800
1513035908,58788,25328,171800
1513035909,58784,25336,171800
1513035910,58656,25336,171800
1513035911,59044,25336,171800
1513035912,58896,25336,171804
1513035913,59024,25336,171804
1513035914,59044,25344,171804
1513035915,59020,25344,171808
1513035916,59032,25344,171808
1513035917,58896,25344,171808
1513035918,58896,25344,171808
1513035919,58656,25352,171808
1513035920,58772,25352,171812
1513035921,58632,25352,171812
1513035922,58776,25352,171812
1513035923,58664,25352,171812
1513035924,58676,25360,171812
1513035925,58672,25360,171812
1513035926,58788,25360,171812
1513035927,58784,25360,171816
1513035929,58660,25368,171816
1513035930,58784,25368,171820
1513035931,58876,25368,171820
1513035932,58648,25368,171820
1513035933,58656,25368,171820
1513035934,58668,25368,171820
1513035935,58664,25376,171820
1513035936,58800,25376,171824
1513035937,58784,25376,171824
1513035938,58652,25376,171824
1513035939,58692,25376,171824
1513035940,59056,25384,171824
1513035941,58920,25384,171824
1513035942,59056,25384,171824
1513035943,58904,25384,171824
1513035944,58752,25392,171820
1513035945,58652,25392,171828
1513035946,58652,25392,171828
1513035947,58640,25392,171828
1513035948,58640,25392,171828
1513035949,58664,25400,171820
1513035950,58676,25400,171828
1513035951,58624,25400,171828
1513035952,58916,25400,171836
1513035953,58916,25400,171836
1513035954,59016,25400,171836
1513035955,58900,25408,171836
1513035956,58748,25408,171836
1513035957,58616,25408,171836
1513035958,58652,25408,171836
1513035959,58624,25408,171836
1513035960,58648,25416,171840
1513035961,58536,25416,171840
1513035962,58508,25416,171840
1513035963,58656,25416,171840
1513035964,58632,25416,171840
1513035965,58620,25424,171840
1513035966,58628,25424,171840
1513035967,58652,25424,171840
1513035968,58916,25424,171844
1513035969,58892,25424,171844
1513035970,58912,25432,171844
1513035971,58900,25432,171844
1513035972,58628,25432,171844
1513035973,58764,25432,171844
1513035974,58616,25432,171844
1513035975,58640,25440,171844
1513035976,58332,25440,171848
1513035977,58764,25440,171848
1513035978,58628,25440,171848
1513035979,58624,25448,171840
1513035980,58660,25448,171848
1513035981,58528,25448,171848
1513035982,58640,25448,171848
1513035983,58628,25448,171848
1513035984,58932,25448,171852
1513035985,58680,25456,171852
1513035986,58796,25456,171852
1513035987,58532,25456,171856
1513035988,58520,25456,171856
1513035990,58664,25464,171848
1513035991,58616,25464,171856
1513035992,58652,25464,171860
1513035993,58508,25464,171860
1513035994,58640,25464,171860
1513035995,58652,25464,171860
1513035996,58664,25472,171860
1513035997,58624,25472,171860
1513035998,58668,25472,171860
1513035999,58676,25472,171860
1513036000,58548,25472,171864
1513036001,58648,25480,171864
1513036002,58648,25480,171864
1513036003,58536,25480,171864
1513036004,58524,25480,171864
1513036005,58664,25480,171856
1513036006,58544,25488,171864
1513036007,58672,25488,171864
1513036008,58544,25488,171868
1513036009,58544,25488,171868
1513036010,58556,25496,171860
1513036011,58404,25496,171868
1513036012,58664,25496,171868
1513036013,58560,25496,171868
1513036014,58632,25496,171868
1513036015,58536,25504,171860
1513036016,58796,25504,171872
1513036017,58664,25504,171872
1513036018,58812,25504,171872
1513036019,58700,25504,171872
1513036020,58528,25504,171872
1513036021,58520,25512,171872
1513036022,58536,25512,171872
1513036023,58432,25512,171872
1513036024,58792,25512,171876
1513036025,58788,25512,171880
1513036026,58660,25520,171880
1513036027,58796,25520,171880
1513036028,58796,25520,171880
1513036029,58756,25520,171880
1513036030,58788,25520,171880
1513036031,58788,25528,171880
1513036032,58660,25528,171884
1513036033,58648,25528,171884
1513036034,58648,25528,171884
1513036035,58660,25528,171884
1513036036,58672,25536,171884
1513036037,58672,25536,171884
1513036038,58648,25536,171884
1513036039,58684,25536,171884
1513036040,58504,25536,171888
1513036041,58632,25544,171888
1513036042,58408,25544,171888
1513036043,58408,25544,171888
1513036044,58544,25544,171888
1513036045,58516,25552,171880
1513036046,58524,25552,171888
1513036047,58532,25552,171892
1513036048,58700,25552,171892
1513036050,58652,25552,171900
1513036051,58540,25560,171892
1513036052,57684,26116,172076
1513036053,57912,26116,172076
1513036054,57424,26284,172216
1513036055,57524,26284,172216
1513036056,58480,26304,172440
1513036057,56220,26740,173240
1513036058,56344,26740,173252
1513036059,52092,26760,173568
1513036060,52096,26760,173580
1513036061,52228,26760,173584
1513036062,52108,26768,173584
1513036063,52136,26768,173584
1513036064,52124,26768,173584
1513036065,52124,26768,173588
1513036066,52080,26776,173580
1513036067,52120,26776,173588
1513036068,52236,26776,173592
1513036069,51988,26776,173592
1513036070,51988,26776,173632
1513036071,51984,26776,173636
1513036072,52108,26784,173636
1513036073,51684,26784,173640
1513036074,52016,26792,173632
1513036075,60864,26792,173160
1513036076,60596,26792,173160
1513036077,60848,26792,173160
1513036078,60728,26792,173160
1513036079,60748,26800,173152
1513036080,60840,26800,173160
1513036081,60720,26800,173164
1513036082,60608,26800,173164
1513036083,60736,26800,173164
1513036084,60984,26808,173156
1513036085,60996,26808,173164
1513036086,60988,26808,173164
1513036087,60972,26808,173164
1513036088,60860,26808,173164
1513036089,60872,26808,173168
1513036090,61004,26816,173168
1513036091,60868,26816,173168
1513036092,60796,26816,173168
1513036093,60692,26816,173168
1513036094,60704,26816,173168
1513036095,60732,26824,173168
1513036096,60704,26828,173164
1513036097,60704,26828,173172
1513036098,60736,26828,173176
1513036099,60616,26828,173176
1513036100,60704,26836,173176
1513036101,60704,26836,173176
1513036102,60576,26836,173176
1513036103,60700,26836,173176
1513036104,60860,26844,173176
1513036106,60876,26844,173180
1513036107,60872,26844,173180
1513036108,60848,26844,173180
1513036109,60696,26844,173180
1513036110,60588,26844,173172
1513036111,60716,26852,173180
1513036112,60692,26852,173180
1513036113,60692,26852,173184
1513036114,60716,26852,173184
1513036115,60804,26860,173176
1513036116,60824,26860,173184
1513036117,60872,26860,173184
1513036118,60896,26860,173184
1513036119,60852,26860,173184
1513036120,60868,26868,173180
1513036121,60848,26868,173188
1513036122,60884,26868,173188
1513036123,60868,26868,173188
1513036124,60868,26868,173188
1513036125,60696,26876,173180
1513036126,60588,26876,173188
1513036127,60564,26876,173188
1513036128,60720,26876,173192
1513036129,60724,26876,173192
1513036130,60716,26884,173184
1513036131,60728,26884,173192
1513036132,60576,26884,173192
1513036133,60588,26884,173192
1513036134,60664,26884,173196
1513036135,60696,26892,173192
1513036136,60736,26892,173200
1513036137,60740,26892,173200
1513036138,60884,26892,173200
1513036139,60608,26892,173200
1513036140,60560,26900,173192
1513036141,60608,26900,173200
1513036142,60568,26900,173204
1513036143,60556,26900,173204
1513036144,60576,26900,173204
1513036145,60432,26908,173196
1513036146,60688,26908,173204
1513036147,60592,26908,173204
1513036148,60572,26908,173204
1513036149,60556,26908,173204
1513036150,60580,26916,173200
1513036151,60452,26916,173208
1513036152,60852,26916,173208
1513036153,60724,26916,173208
1513036154,60828,26916,173208
1513036155,60700,26924,173200
1513036156,60532,26924,173208
1513036157,60556,26924,173212
1513036158,60552,26924,173212
1513036159,60660,26924,173212
1513036160,60608,26932,173204
1513036161,60500,26932,173212
1513036162,60584,26932,173212
1513036163,60584,26932,173212
1513036164,60608,26932,173212
1513036165,60584,26940,173208
1513036166,60608,26940,173216
1513036167,60604,26940,173216
1513036168,60468,26940,173216
1513036169,60596,26940,173216
1513036171,60572,26948,173220
1513036172,60468,26948,173224
1513036173,60468,26948,173224
1513036174,60584,26948,173224
1513036175,60460,26948,173224
1513036176,60560,26948,173224
1513036177,60560,26956,173224
1513036178,60460,26956,173224
1513036179,60600,26956,173224
1513036180,60564,26956,173228
1513036181,60584,26956,173228
1513036182,60476,26964,173228
1513036183,60436,26964,173228
1513036184,60588,26964,173228
1513036185,60724,26964,173228
1513036186,60696,26972,173220
1513036187,60728,26972,173232
1513036188,60736,26972,173232
1513036189,60480,26972,173232
1513036190,60472,26972,173232
1513036191,60464,26972,173232
1513036192,60464,26980,173232
1513036193,60448,26980,173232
1513036194,60484,26980,173236
1513036195,60488,26980,173236
1513036196,60472,26988,173228
1513036197,60492,26988,173236
1513036198,60488,26988,173236
1513036199,60488,26988,173236
1513036200,60476,26988,173236
1513036201,60604,26988,173240
1513036202,60616,26996,173240
1513036203,60752,26996,173240
1513036204,60764,26996,173240
1513036205,60476,26996,173240
1513036206,60368,26996,173244
1513036207,60236,27004,173244
1513036208,60356,27004,173248
1513036209,60328,27004,173252
1513036210,60472,27004,173252
1513036211,60340,27004,173252
1513036212,60204,27012,173252
1513036213,60580,27012,173252
1513036214,60728,27012,173252
1513036215,60616,27012,173252
1513036216,60628,27012,173256
1513036217,60472,27020,173256
1513036218,60600,27020,173256
1513036219,60716,27020,173256
1513036220,60340,27020,173256
1513036221,60280,27028,173248
1513036222,60456,27028,173256
1513036223,60476,27028,173260
1513036224,60316,27028,173260
1513036225,60480,27028,173260
1513036226,60464,27036,173252
1513036227,60476,27036,173260
1513036228,60468,27036,173260
1513036229,60448,27036,173260
1513036230,60340,27036,173264
1513036232,60436,27044,173260
1513036233,60316,27044,173264
1513036234,60584,27044,173264
1513036235,60604,27044,173264
1513036236,60604,27044,173264
1513036237,60504,27044,173264
1513036238,60344,27052,173268
1513036239,60348,27052,173268
1513036240,60356,27052,173268
1513036241,60320,27052,173268
1513036242,60300,27052,173268
1513036243,60424,27060,173268
1513036244,60324,27060,173272
1513036245,60312,27060,173272
1513036246,60244,27060,173276
1513036247,60200,27060,173276
1513036248,60220,27068,173276
1513036249,60220,27068,173276
1513036250,60600,27068,173276
1513036251,60608,27068,173276
1513036252,60584,27068,173276
1513036253,60604,27076,173280
1513036254,60320,27076,173280
1513036255,60324,27076,173280
1513036256,60200,27076,173280
1513036257,60296,27084,173276
1513036258,60288,27084,173284
1513036259,60456,27084,173284
1513036260,60272,27084,173284
1513036261,60308,27084,173288
1513036262,60220,27084,173288
1513036263,60168,27092,173288
1513036264,60316,27092,173288
1513036265,60328,27092,173288
1513036266,60204,27092,173288
1513036267,60316,27092,173288
1513036268,60204,27100,173292
1513036269,60204,27100,173292
1513036270,60184,27100,173292
1513036271,60216,27100,173292
1513036272,60092,27100,173292
1513036273,60204,27108,173292
1513036274,60204,27108,173292
1513036275,60252,27108,173292
1513036276,60224,27108,173296
1513036277,60224,27108,173296
1513036278,60236,27116,173296
1513036279,60204,27116,173296
1513036280,60212,27116,173296
1513036281,60208,27116,173300
1513036282,60488,27120,173300
1513036283,60320,27128,173304
1513036284,60504,27128,173304
1513036285,60356,27128,173304
1513036286,60196,27128,173304
1513036287,60224,27128,173304
1513036288,60220,27136,173304
1513036289,60312,27136,173304
1513036290,60328,27136,173308
1513036291,60340,27136,173308
1513036292,60196,27136,173308
1513036293,60232,27144,173308
1513036294,60300,27144,173308
1513036295,60192,27144,173308
1513036297,60208,27144,173308
1513036298,60220,27152,173312
1513036299,60196,27152,173312
1513036300,60216,27152,173312
1513036301,60208,27152,173312
1513036302,60344,27152,173312
1513036303,60336,27160,173312
1513036304,60332,27160,173312
1513036305,60492,27160,173316
1513036306,60196,27160,173316
1513036307,60044,27160,173316
1513036308,60288,27168,173308
1513036309,60172,27168,173316
1513036310,60080,27168,173316
1513036311,60076,27168,173316
1513036312,60308,27168,173316
1513036313,60172,27176,173308
1513036314,60212,27176,173320
1513036315,60184,27176,173320
1513036316,60200,27176,173320
1513036317,60096,27176,173324
1513036318,60112,27184,173316
1513036319,60188,27184,173324
1513036320,60204,27184,173324
1513036321,60172,27184,173328
1513036322,59596,27184,173328
1513036323,59824,27192,173320
1513036324,60120,27192,173328
1513036325,60184,27192,173328
1513036326,60072,27192,173328
1513036327,60048,27192,173328
1513036328,60192,27200,173320
1513037854,60080,27200,173336
1513037855,60068,27200,173336
1513037856,59992,27200,173336
1513037857,60192,27200,173336
1513037858,60048,27208,173328
1513037859,60084,27208,173336
1513037860,60192,27208,173336
1513037861,60068,27208,173340
1513037862,60040,27208,173340
1513037863,60196,27216,173332
1513037864,60080,27216,173340
1513037865,60044,27216,173340
1513037866,60072,27216,173340
1513037867,60208,27216,173340
1513037868,59932,27224,173336
1513037869,60064,27224,173344
1513037870,60100,27224,173348
1513037871,60096,27224,173348
1513037872,60064,27224,173348
1513037873,60044,27232,173340
1513037874,60048,27232,173348
1513037875,59980,27232,173352
1513037876,60092,27232,173352
1513037877,60080,27232,173352
1513037878,60064,27240,173348
1513037879,59968,27240,173356
1513037880,60068,27240,173356
1513037881,59968,27240,173356
1513037882,59948,27240,173360
1513037883,60080,27248,173352
1513037884,59928,27248,173360
1513037885,60024,27248,173360
1513037886,60060,27248,173360
1513037887,59960,27248,173360
1513037888,60208,27256,173352
1513037889,60208,27256,173360
1513037890,60228,27256,173364
1513037891,60232,27256,173364
1513037892,59988,27256,173364
1513037893,59968,27264,173356
1513037894,59964,27264,173364
1513037895,60076,27264,173364
1513037896,59940,27264,173364
1513037897,59964,27264,173368
1513037898,60064,27272,173360
1513037899,59940,27272,173368
1513037900,59952,27272,173368
1513037901,59992,27272,173368
1513037902,60112,27272,173368
1513037903,59976,27280,173360
1513037904,59960,27280,173368
1513037905,60072,27280,173372
1513037906,60060,27280,173372
1513037908,59944,27280,173372
1513037909,59992,27288,173364
1513037910,59988,27288,173372
1513037911,59976,27288,173372
1513037912,59984,27288,173372
1513037913,60068,27288,173376
1513037914,59960,27296,173368
1513037915,60076,27296,173380
1513037916,59980,27296,173380
1513037917,60120,27296,173380
1513037918,60208,27296,173380
1513037919,60116,27304,173372
1513037920,60148,27304,173384
1513037921,60112,27304,173384
1513037922,60236,27304,173384
1513037923,60268,27304,173384
1513037924,60100,27312,173376
1513037925,60096,27312,173384
1513037926,60116,27312,173384
1513037927,60260,27312,173384
1513037928,60116,27312,173388
1513037929,60236,27320,173380
1513037930,60224,27320,173388
1513037931,60220,27320,173388
1513037932,60236,27320,173388
1513037933,59976,27320,173388
1513037934,59976,27328,173380
1513037935,59964,27328,173392
1513037936,59964,27328,173392
1513037937,59952,27328,173392
1513037938,60052,27328,173392
1513037939,59852,27336,173384
1513037940,59940,27336,173392
1513037941,60232,27336,173392
1513037942,60128,27336,173392
1513037943,60240,27336,173396
1513037944,60092,27344,173388
1513037945,60120,27344,173396
1513037946,60108,27344,173396
1513037947,60120,27344,173396
1513037948,60220,27344,173396
1513037949,59852,27352,173400
1513037950,59992,27352,173400
1513037951,59840,27352,173404
1513037952,59840,27352,173404
1513037953,60092,27352,173404
1513037954,59996,27360,173396
1513037955,60116,27360,173404
1513037956,60092,27360,173404
1513037957,60076,27360,173408
1513037958,60092,27360,173408
1513037959,60004,27368,173400
1513037960,60104,27368,173408
1513037961,59972,27368,173408
1513037962,59980,27368,173408
1513037963,60116,27368,173408
1513037964,59824,27376,173404
1513037965,59752,27376,173412
1513037966,59732,27376,173412
1513037967,56200,27376,173620
1513037968,56644,27376,173624
1513037969,56756,27376,173624
1513037970,56520,27384,173624
1513037971,56532,27384,173628
1513037972,56640,27384,173628
1513037973,56516,27384,173628
1513037974,56516,27384,173628
1513037975,56532,27392,173628
1513037976,56660,27392,173628
1513037977,56648,27392,173628
1513037978,56384,27392,173632
1513037979,56396,27392,173632
1513037980,56400,27400,173632
1513037981,56252,27400,173632
1513037982,56372,27400,173632
1513037983,56360,27400,173632
1513037985,56400,27400,173632
1513037986,56360,27408,173632
1513037987,56504,27408,173636
1513037988,56524,27408,173636
1513037989,56528,27408,173640
1513037990,56660,27416,173632
1513037991,56516,27416,173640
1513037992,56516,27416,173640
1513037993,56664,27416,173640
1513037994,56524,27416,173644
1513037995,56384,27416,173644
1513037996,56376,27424,173644
1513037997,56252,27424,173644
1513037998,56396,27424,173644
1513037999,56384,27424,173644
1513038000,56376,27424,173644
1513038001,56276,27432,173644
1513038002,56256,27432,173648
1513038003,56380,27432,173648
1513038004,56252,27432,173648
1513038005,56264,27440,173640
1513038006,56252,27440,173648
1513038007,56520,27440,173648
1513038008,56540,27440,173652
1513038009,56524,27440,173656
1513038010,56400,27448,173648
1513038011,56252,27448,173656
1513038012,56276,27448,173656
1513038013,56268,27448,173656
1513038014,56252,27448,173656
1513038015,56132,27456,173660
1513038016,56260,27456,173660
1513038017,56148,27456,173660
1513038018,56396,27456,173660
1513038019,56524,27456,173660
1513038020,56412,27464,173660
1513038021,56400,27464,173660
1513038022,56524,27464,173660
1513038023,56392,27464,173664
1513038024,56524,27464,173668
1513038025,56524,27472,173668
1513038026,56400,27472,173668
1513038027,56532,27472,173668
1513038028,56400,27472,173668
1513038029,56396,27472,173668
1513038030,56400,27472,173672
1513038031,56412,27480,173672
1513038032,56516,27480,173672
1513038033,56392,27480,173672
1513038034,56524,27480,173672
1513038035,56524,27480,173672
1513038036,56524,27488,173672
1513038037,56252,27488,173672
1513038038,56140,27488,173676
1513038039,56264,27488,173676
1513038040,56252,27488,173676
1513038041,56128,27496,173676
1513038042,56252,27496,173676
1513038043,56240,27496,173676
1513038044,56144,27496,173676
1513038045,56136,27496,173680
1513038046,56124,27504,173680
1513038048,56124,27504,173680
1513038049,56128,27504,173680
1513038050,56392,27504,173680
1513038051,56252,27512,173672
1513038052,56392,27512,173680
1513038053,56508,27512,173680
1513038054,56128,27512,173684
1513038055,56128,27512,173684
1513038056,56256,27512,173684
1513038057,56252,27520,173684
1513038058,56252,27520,173684
1513038059,56264,27520,173684
1513038060,56144,27520,173684
1513038061,56252,27520,173688
1513038062,56252,27528,173692
1513038063,56260,27528,173692
1513038064,56124,27528,173692
1513038065,56132,27528,173692
1513038066,56252,27528,173692
1513038067,56148,27536,173692
1513038068,56264,27536,173696
1513038069,56244,27536,173696
1513038070,56140,27536,173696
1513038071,56136,27536,173696
1513038072,56236,27544,173696
1513038073,56268,27544,173696
1513038074,56128,27544,173696
1513038075,56268,27544,173696
1513038076,56280,27552,173700
1513038077,56280,27552,173700
1513038078,56284,27552,173700
1513038079,56140,27552,173700
1513038080,56260,27552,173700
1513038081,56024,27560,173700
1513038082,56128,27560,173700
1513038083,56136,27560,173704
1513038084,56136,27560,173704
1513038085,56136,27560,173704
1513038086,56284,27560,173704
1513038087,56152,27568,173704
1513038088,56136,27568,173704
1513038089,56004,27568,173704
1513038090,56128,27568,173708
1513038091,56144,27568,173708
1513038092,56012,27576,173708
1513038093,56128,27576,173708
1513038094,56008,27576,173708
1513038095,56128,27576,173708
1513038096,56004,27576,173708
1513038097,56128,27584,173712
1513038098,56140,27584,173716
1513038099,56008,27584,173716
1513038100,56020,27584,173716
1513038101,56028,27584,173716
1513038102,56004,27592,173716
1513038103,56024,27592,173716
1513038104,56124,27592,173716
1513038106,56000,27592,173716
1513038107,55996,27592,173720
1513038108,56268,27600,173720
1513038109,56292,27600,173720
1513038110,56236,27600,173720
1513038111,56280,27600,173720
1513038112,55880,27608,173712
1513038113,56004,27608,173720
1513038114,56012,27608,173724
1513038115,55996,27608,173724
1513038116,56128,27608,173724
1513038117,56004,27608,173724
1513038118,56128,27616,173724
1513038119,56152,27616,173724
1513038120,56024,27616,173724
1513038121,56136,27616,173728
1513038122,55728,27616,173728
1513038123,56028,27624,173728
1513038124,56284,27624,173728
1513038125,56152,27624,173728
1513038126,56276,27624,173728
1513038127,56152,27624,173728
1513038128,56036,27632,173728
1513038129,56132,27632,173732
1513038130,56004,27632,173732
1513038131,56016,27632,173732
1513038132,56020,27632,173732
1513038133,56032,27640,173732
1513038134,56024,27640,173732
1513038135,56148,27640,173740
1513038136,56148,27640,173740
1513038137,56024,27648,173732
1513038138,56148,27648,173740
1513038139,56024,27648,173740
1513038140,56020,27648,173740
1513038141,56160,27648,173740
1513038142,56148,27648,173740
1513038143,56024,27656,173744
1513038144,55884,27656,173744
1513038145,56036,27656,173744
1513038146,56172,27656,173744
1513038147,56028,27664,173740
1513038148,56152,27664,173748
1513038149,56152,27664,173748
1513038150,56144,27664,173752
1513038151,56272,27664,173752
1513038152,56156,27672,173744
1513038153,56152,27672,173756
1513038154,55888,27672,173756
1513038155,55884,27672,173756
1513038156,56008,27672,173756
1513038157,56032,27680,173748
1513038158,56008,27680,173760
1513038159,55884,27680,173760
1513038160,56008,27680,173760
1513038161,56012,27680,173760
1513038162,55884,27688,173752
1513038163,55908,27688,173760
1513038164,55888,27688,173760
1513038166,56160,27688,173764
1513038167,56296,27688,173764
1513038168,56160,27696,173756
1513038169,56284,27696,173764
1513038170,55884,27696,173764
1513038171,55884,27696,173768
1513038172,56012,27696,173768
1513038173,56004,27704,173760
1513038174,55584,27704,173772
1513038175,56028,27704,173772
1513038176,55880,27704,173772
1513038177,55880,27704,173772
1513038178,56040,27712,173764
1513038179,55900,27712,173772
1513038180,56012,27712,173772
1513038181,55900,27712,173776
1513038182,55776,27712,173776
1513038183,55880,27720,173768
1513038184,55880,27720,173776
1513038185,55888,27720,173776
1513038186,55888,27720,173776
1513038187,55900,27720,173776
1513038188,55780,27720,173780
1513038189,55780,27728,173780
1513038190,55904,27728,173780
1513038191,55904,27728,173780
1513038192,56128,27728,173780
1513038193,56020,27728,173780
1513038194,56032,27736,173780
1513038195,56044,27736,173784
1513038196,55884,27736,173784
1513038197,55888,27736,173784
1513038198,55888,27744,173776
1513038199,55764,27744,173784
1513038200,55756,27744,173784
1513038201,55880,27744,173784
1513038202,56016,27744,173788
1513038203,55756,27744,173788
1513038204,55756,27752,173788
1513038205,55880,27752,173788
1513038206,55892,27752,173788
1513038207,55640,27784,173792
1513038208,55764,27784,173792
1513038209,55764,27784,173792
1513038210,55888,27784,173796
1513038211,55888,27784,173796
1513038212,55764,27792,173796
1513038213,55888,27792,173796
1513038214,55764,27792,173796
1513038215,55764,27792,173796
1513038216,55640,27792,173796
1513038217,55764,27800,173792
1513038218,55764,27800,173800
1513038219,55764,27800,173800
1513038220,55764,27800,173800
1513038221,55764,27800,173800
1513038222,55640,27800,173800
1513038223,55764,27808,173800
1513038225,56028,27808,173804
1513038226,56028,27808,173804
1513038227,55904,27808,173804
1513038228,55904,27808,173804
1513038229,55756,27816,173804
1513038230,55656,27816,173804
1513038231,55780,27816,173804
1513038232,55656,27816,173808
1513038233,55756,27816,173808
1513038234,55748,27824,173808
1513038235,55764,27824,173808
1513038236,55764,27824,173808
1513038237,55780,27824,173808
1513038238,55756,27832,173800
1513038239,55656,27832,173808
1513038240,55644,27832,173812
1513038241,55780,27832,173812
1513038242,55884,27832,173812
1513038243,55768,27832,173812
1513038244,55656,27840,173812
1513038245,56012,27840,173816
1513038246,55904,27840,173816
1513038247,56028,27840,173820
1513038248,55904,27848,173812
1513038249,55788,27848,173820
1513038250,55664,27848,173820
1513038251,55788,27848,173820
1513038252,55664,27848,173820
1513038253,55652,27856,173812
1513038254,55780,27856,173820
1513038255,55656,27856,173824
1513038256,55644,27856,173824
1513038257,55776,27856,173824
1513038258,55776,27864,173824
1513038259,55652,27864,173824
1513038260,55748,27864,173824
1513038261,55644,27864,173828
1513038262,55644,27864,173828
1513038263,55768,27864,173828
1513038264,55656,27872,173828
1513038265,55640,27872,173828
1513038266,55764,27872,173828
1513038267,55516,27872,173828
1513038268,55664,27872,173832
1513038269,55640,27880,173832
1513038270,55768,27880,173832
1513038271,55648,27880,173832
1513038272,55660,27880,173832
1513038273,55768,27880,173832
1513038274,55640,27888,173832
1513038275,55640,27888,173832
1513038276,55644,27888,173836
1513038277,55652,27888,173836
1513038278,55640,27888,173836
1513038279,55648,27896,173836
1513038280,55648,27896,173840
1513038281,55648,27896,173840
1513038282,55772,27896,173840
1513038283,55648,27896,173844
1513038285,55648,27904,173844
1513038286,55772,27904,173848
1513038287,55648,27904,173848
1513038288,55764,27904,173848
1513038289,55764,27904,173848
1513038290,55652,27912,173848
1513038291,55516,27912,173848
1513038292,55516,27912,173852
1513038293,55632,27912,173852
1513038294,55516,27920,173844
1513038295,55896,27920,173852
1513038296,55896,27920,173852
1513038297,55896,27920,173852
1513038298,55784,27920,173852
1513038299,55512,27920,173856
1513038300,55648,27928,173856
1513038301,55632,27928,173856
1513038302,55508,27928,173856
1513038303,55632,27928,173856
1513038304,55508,27928,173856
1513038305,55508,27936,173856
1513038306,55508,27936,173856
1513038307,55508,27936,173860
1513038308,55520,27936,173860
1513038309,55632,27936,173860
1513038310,55648,27944,173860
1513038311,55644,27944,173860
1513038312,55524,27944,173860
1513038313,55524,27944,173860
1513038314,55508,27952,173864
1513038315,55640,27952,173864
1513038316,55484,27952,173864
1513038317,55500,27952,173868
1513038318,55524,27952,173868
1513038319,55500,27960,173868
1513038320,55508,27960,173872
1513038321,55504,27960,173872
1513038322,55500,27960,173872
1513038323,55624,27960,173872
1513038324,55608,27968,173872
1513038325,55624,27968,173872
1513038326,55648,27968,173872
1513038327,55500,27968,173872
1513038328,55640,27968,173876
1513038329,55500,27976,173876
1513038330,55500,27976,173876
1513038331,55640,27976,173876
1513038332,55648,27976,173876
1513038333,55648,27976,173876
1513038334,55784,27984,173876
1513038335,55788,27984,173880
1513038336,55764,27984,173880
1513038337,55524,27984,173880
1513038338,55664,27984,173884
1513038339,55252,27992,173884
1513038340,55384,27992,173884
1513038341,55380,27992,173884
1513038342,55376,27992,173884
1513038343,55500,27992,173884
1513038344,55508,28000,173880
1513038345,55396,28000,173888
1513038347,55516,28000,173888
1513038348,55664,28000,173888
1513038349,55640,28000,173888
1513038350,55664,28008,173880
1513038351,55780,28008,173888
1513038352,55640,28008,173892
1513038353,55640,28008,173892
1513038354,55640,28008,173896
1513038355,55664,28016,173888
1513038356,55640,28016,173896
1513038357,55788,28016,173896
1513038358,55652,28016,173896
1513038359,55648,28016,173896
1513038360,55648,28024,173892
1513038361,55632,28024,173900
1513038362,55640,28024,173900
1513038363,55656,28024,173900
1513038364,55668,28024,173900
1513038365,55660,28032,173892
1513038366,55648,28032,173900
1513038367,55536,28032,173904
1513038368,55648,28032,173904
1513038369,55660,28032,173904
1513038370,55672,28032,173904
1513038371,55648,28040,173904
1513038372,55788,28040,173904
1513038373,55508,28040,173904
1513038374,55512,28040,173904
1513038375,55512,28040,173908
1513038376,55516,28048,173908
1513038377,55392,28048,173908
1513038378,55516,28048,173908
1513038379,55516,28048,173908
1513038380,55516,28056,173904
1513038381,55388,28056,173912
1513038382,55388,28056,173912
1513038383,55264,28056,173912
1513038384,55388,28056,173912
1513038385,55524,28056,173912
1513038386,55528,28064,173912
1513038387,55512,28064,173912
1513038388,55652,28064,173916
1513038389,55528,28064,173916
1513038390,55664,28072,173912
1513038391,55528,28072,173920
1513038392,55652,28072,173920
1513038393,55400,28072,173920
1513038394,55396,28072,173920
1513038395,55396,28072,173920
1513038396,55408,28080,173924
1513038397,55280,28080,173924
1513038398,55272,28080,173924
1513038399,55272,28080,173924
1513038400,55396,28080,173924
1513038401,55396,28088,173924
1513038402,55272,28088,173924
1513038403,55272,28088,173928
1513038404,55524,28088,173928
1513038405,55528,28088,173928
1513038406,55652,28096,173928
1513038407,55528,28096,173928
1513038408,55652,28096,173928
1513038410,55528,28096,173928
1513038411,55532,28096,173928
1513038412,55528,28104,173932
1513038413,55528,28104,173932
1513038414,55276,28104,173932
1513038415,55264,28104,173932
1513038416,55388,28104,173932
1513038417,55384,28112,173932
1513038418,55260,28112,173932
1513038419,55260,28112,173936
1513038420,55396,28112,173936
1513038421,55384,28112,173936
1513038422,55260,28120,173936
1513038423,55272,28120,173936
1513038424,55244,28120,173936
1513038425,55260,28120,173940
1513038426,55272,28128,173932
1513038427,55384,28128,173948
1513038428,55260,28128,173948
1513038429,55260,28128,173948
1513038430,55260,28128,173948
1513038431,55384,28128,173948
1513038432,55264,28136,173948
1513038433,55260,28136,173948
1513038434,55260,28136,173952
1513038435,55252,28136,173952
1513038436,55252,28136,173952
1513038437,55252,28144,173952
1513038438,55252,28144,173952
1513038439,55376,28144,173952
1513038440,55236,28144,173956
1513038441,55376,28152,173952
1513038442,55392,28152,173956
1513038443,55392,28152,173956
1513038444,55516,28152,173956
1513038445,55516,28152,173956
1513038446,55520,28152,173956
1513038447,55396,28160,173956
1513038448,55396,28160,173960
1513038449,55396,28160,173960
1513038450,55132,28160,173960
1513038451,55132,28160,173960
1513038452,55132,28168,173960
1513038453,55132,28168,173960
1513038454,55132,28168,173960
1513038455,55128,28168,173964
1513038456,55128,28176,173956
1513038457,55252,28176,173964
1513038458,55128,28176,173964
1513038459,55252,28176,173964
1513038460,55128,28176,173964
1513038461,55256,28176,173964
1513038462,55132,28184,173968
1513038463,55260,28184,173972
1513038464,55136,28184,173972
1513038465,55136,28184,173972
1513038466,55400,28184,173972
1513038468,55400,28192,173972
1513038469,55400,28192,173972
1513038470,55524,28192,173976
1513038471,55136,28192,173976
1513038472,55136,28192,173976
1513038473,55136,28200,173976
1513038474,55136,28200,173976
1513038475,55136,28200,173976
1513038476,55136,28200,173976
1513038477,55260,28200,173976
1513038478,55120,28208,173980
1513038479,55260,28208,173980
1513038480,55136,28208,173980
1513038481,55136,28208,173980
1513038482,55136,28208,173980
1513038483,55136,28216,173980
1513038484,55120,28216,173980
1513038485,55120,28216,173984
1513038486,55136,28216,173984
1513038487,55136,28224,173976
1513038488,55136,28224,173984
1513038489,55136,28224,173984
1513038490,55120,28224,173984
1513038491,55120,28224,173984
1513038492,55136,28232,173976
1513038493,55012,28232,173988
1513038494,55012,28232,173988
1513038495,55136,28232,173988
1513038496,55136,28232,173988
1513038497,55136,28232,173988
1513038498,55012,28240,173988
1513038499,55012,28240,173988
1513038500,55012,28240,173996
1513038501,55012,28240,173996
1513038502,55012,28248,173992
1513038503,55136,28248,173996
1513038504,55012,28248,173996
1513038505,55012,28248,173996
1513038506,55276,28248,173996
1513038507,55400,28248,174000
1513038508,55152,28256,174000
1513038509,55276,28256,174000
1513038510,55276,28256,174000
1513038511,55276,28256,174000
1513038512,55400,28256,174000
1513038513,55276,28264,174000
1513038514,55276,28264,174004
1513038515,55276,28264,174004
1513038516,55276,28264,174004
1513038517,55276,28264,174004
1513038518,55276,28272,174004
1513038519,55276,28272,174004
1513038520,55016,28272,174004
1513038521,55012,28272,174012
1513038522,55016,28272,174012
1513038523,55128,28280,174012
1513038524,55004,28280,174012
1513038525,55128,28280,174012
1513038526,55128,28280,174012
1513038527,54880,28280,174012
1513038528,55004,28288,174012
1513038529,55128,28288,174016
1513038530,55128,28288,174016
1513038532,55136,28288,174016
1513038533,55140,28288,174016
1513038534,55004,28296,174016
1513038535,55128,28296,174016
1513038536,55004,28296,174016
1513038537,55016,28296,174024
1513038538,55004,28296,174024
1513038539,55004,28304,174024
1513038540,55004,28304,174024
1513038541,55140,28304,174024
1513038542,55128,28304,174024
1513038543,54880,28304,174024
1513038544,55004,28312,174024
1513038545,54888,28312,174028
1513038546,55128,28312,174028
1513038547,55004,28312,174028
1513038548,55004,28312,174028
1513038549,54888,28320,174028
1513038550,54988,28320,174028
1513038551,54872,28320,174028
1513038552,55004,28320,174032
1513038553,55004,28328,174024
1513038554,54880,28328,174032
1513038555,54880,28328,174032
1513038556,55004,28328,174032
1513038557,55268,28328,174032
1513038558,55284,28328,174032
1513038559,55144,28336,174032
1513038560,55144,28336,174036
1513038561,54988,28336,174036
1513038562,55004,28336,174036
1513038563,54880,28344,174040
1513038564,55004,28344,174040
1513038565,54880,28344,174040
1513038566,54880,28344,174044
1513038567,55004,28344,174044
1513038568,54880,28352,174036
1513038569,54864,28352,174044
1513038570,55004,28352,174044
1513038571,54864,28352,174044
1513038572,54988,28352,174044
1513038573,54864,28360,174048
1513038574,54988,28360,174048
1513038575,57148,28360,173856
1513038576,57140,28360,173856
1513038577,57264,28360,173856
1513038578,57008,28368,173856
1513038579,57112,28368,173856
1513038580,57116,28368,173856
1513038581,57264,28368,173860
1513038582,57168,28368,173860
1513038583,57252,28376,173852
1513038584,57160,28376,173860
1513038585,57148,28376,173860
1513038586,57268,28376,173860
1513038587,57136,28376,173860
1513038588,57268,28384,173852
1513038589,57264,28384,173864
1513038590,57136,28384,173864
1513038592,57260,28384,173864
1513038593,57148,28384,173864
1513038594,57260,28384,173864
1513038595,57252,28392,173864
1513038596,57160,28392,173864
1513038597,57400,28392,173864
1513038598,57280,28392,173868
1513038599,57304,28392,173868
1513038600,57308,28400,173868
1513038601,57136,28400,173868
1513038602,57136,28400,173868
1513038603,57136,28400,173868
1513038604,57132,28400,173868
1513038605,57156,28408,173872
1513038606,57268,28408,173872
1513038607,57132,28408,173872
1513038608,57168,28408,173872
1513038609,57288,28408,173872
1513038610,57260,28416,173876
1513038611,57136,28416,173876
1513038612,57148,28416,173876
1513038613,57032,28416,173880
1513038614,57180,28416,173880
1513038615,57020,28424,173880
1513038616,57144,28424,173880
1513038617,57164,28424,173880
1513038618,57156,28424,173880
1513038619,57140,28432,173872
1513038620,57140,28432,173884
1513038621,57164,28432,173884
1513038622,57152,28432,173884
1513038623,57140,28432,173884
1513038624,57140,28432,173884
1513038625,57140,28440,173884
1513038626,57016,28440,173884
1513038627,57012,28440,173888
1513038628,57024,28440,173888
1513038629,57140,28448,173880
1513038630,57016,28448,173888
1513038631,57016,28448,173888
1513038632,57140,28448,173888
1513038633,57016,28448,173888
1513038634,57016,28448,173892
1513038635,57152,28456,173892
1513038636,57020,28456,173892
1513038637,57028,28456,173892
1513038638,57028,28456,173892
1513038639,57144,28464,173884
1513038640,57012,28464,173892
1513038641,57012,28464,173896
1513038642,57028,28464,173896
1513038643,57140,28464,173896
1513038644,57140,28464,173896
1513038645,57164,28472,173896
1513038646,57152,28472,173900
1513038647,57040,28472,173900
1513038648,56924,28472,173900
1513038649,57032,28472,173904
1513038650,57064,28480,173904
1513038651,57056,28480,173904
1513038652,57152,28480,173904
1513038653,57076,28480,173904
1513038654,57052,28480,173904
1513038655,57168,28488,173904
1513038656,57040,28488,173908
1513038657,57204,28488,173908
1513038658,57172,28488,173908
1513038659,57292,28488,173908
1513038661,57192,28496,173908
1513038662,57160,28496,173908
1513038663,57184,28496,173908
1513038664,57192,28496,173908
1513038665,57332,28496,173912
1513038666,57016,28504,173912
1513038667,57040,28504,173912
1513038668,56916,28504,173912
1513038669,57052,28504,173912
1513038670,57016,28504,173912
1513038671,57032,28512,173912
1513038672,57012,28512,173916
1513038673,57024,28512,173916
1513038674,57308,28512,173916
1513038675,57288,28512,173916
1513038676,57316,28520,173916
1513038677,57300,28520,173916
1513038678,57308,28520,173916
1513038679,57308,28520,173916
1513038680,57292,28520,173920
1513038681,57304,28528,173920
1513038682,57280,28528,173920
1513038683,57040,28528,173924
1513038684,57168,28528,173924
1513038685,57292,28528,173916
1513038686,57176,28536,173924
1513038687,57308,28536,173928
1513038688,57168,28536,173928
1513038689,57292,28536,173928
1513038690,57032,28544,173920
1513038691,56896,28544,173928
1513038692,56896,28544,173928
1513038693,56908,28544,173932
1513038694,56904,28544,173932
1513038695,56888,28544,173932
1513038696,57016,28552,173932
1513038697,57016,28552,173932
1513038698,57012,28552,173932
1513038699,56908,28552,173932
1513038700,57020,28552,173936
1513038701,56888,28560,173936
1513038702,57036,28560,173940
1513038703,57048,28560,173940
1513038704,57032,28560,173944
1513038705,57044,28560,173944
1513038706,57184,28568,173944
1513038707,57160,28568,173944
1513038708,57036,28568,173948
1513038709,57064,28568,173948
1513038710,56892,28568,173948
1513038711,56912,28576,173948
1513038712,56908,28576,173948
1513038713,56896,28576,173948
1513038714,56900,28576,173948
1513038715,56896,28576,173952
1513038716,56888,28584,173952
1513038717,57012,28584,173952
1513038718,56784,28584,173952
1513038719,56796,28584,173956
1513038720,56912,28584,173956
1513038721,56796,28592,173956
1513038723,57176,28592,173960
1513038724,57048,28592,173960
1513038725,57160,28592,173960
1513038726,57060,28592,173960
1513038727,57076,28600,173960
1513038728,57036,28600,173960
1513038729,57048,28600,173960
1513038730,57060,28600,173960
1513038731,56916,28600,173964
1513038732,56916,28608,173964
1513038733,56796,28608,173964
1513038734,56808,28608,173964
1513038735,56772,28608,173964
1513038736,56912,28608,173964
1513038737,56896,28616,173964
1513038738,56772,28616,173968
1513038739,56772,28616,173968
1513038740,56772,28616,173968
1513038741,56784,28616,173968
1513038742,56772,28624,173968
1513038743,56768,28624,173968
1513038744,56768,28624,173968
1513038745,56768,28624,173968
1513038746,56768,28624,173972
1513038747,56892,28632,173972
1513038748,56768,28632,173972
1513038749,56904,28632,173972
1513038750,56780,28632,173972
1513038751,56912,28632,173972
1513038752,56648,28640,173972
1513038753,56768,28640,173976
1513038754,56768,28640,173976
1513038755,56772,28640,173976
1513038756,56904,28640,173968
1513038757,56748,28648,173980
1513038758,56912,28648,173980
1513038759,57032,28648,173980
1513038760,56912,28648,173980
1513038761,56912,28656,173976
1513038762,56908,28656,173984
1513038763,57028,28656,173984
1513038764,57028,28656,173984
1513038765,56904,28656,173984
1513038766,56904,28664,173984
1513038767,56904,28664,173988
1513038768,56904,28664,173988
1513038769,56908,28664,173988
1513038770,56912,28664,173988
1513038771,56912,28672,173988
1513038772,56916,28672,173988
1513038773,57052,28672,173988
1513038774,56904,28672,173988
1513038775,56916,28672,173992
1513038776,56928,28680,173992
1513038777,56904,28680,173992
1513038778,56928,28680,173992
1513038779,56904,28680,173992
1513038780,56904,28680,173992
1513038781,57032,28688,173992
1513038782,57028,28688,173996
1513038783,56904,28688,173996
1513038784,57028,28688,173996
1513038785,56904,28688,173996
1513038786,56904,28696,173988
1513038787,56904,28696,173996
1513038788,57044,28696,173996
1513038789,56904,28696,173996
1513038790,56920,28696,174000
1513038791,57048,28704,174000
1513038792,56908,28704,174004
1513038793,56916,28704,174004
1513038794,56904,28704,174004
1513038795,56904,28704,174004
1513038796,56640,28712,173996
1513038797,56640,28712,174004
1513038798,56640,28712,174008
1513038799,56764,28712,174008
1513038800,56676,28712,174008
1513038801,56764,28720,174000
1513038802,56808,28720,174008
1513038803,56656,28720,174008
1513038805,56656,28720,174008
1513038806,56656,28720,174012
1513038807,56648,28720,174012
1513038808,56644,28728,174012
1513038809,56652,28728,174012
1513038810,56644,28728,174012
1513038811,56652,28728,174012
1513038812,56644,28728,174012
1513038813,56648,28736,174012
1513038814,56540,28736,174016
1513038815,56656,28736,174016
1513038816,56672,28736,174016
1513038817,56668,28736,174016
1513038818,56640,28744,174016
1513038819,56540,28744,174016
1513038820,56804,28744,174016
1513038821,56552,28744,174020
1513038822,56640,28744,174020
1513038823,56800,28752,174012
1513038824,56944,28752,174020
1513038825,56948,28752,174020
1513038826,56948,28752,174020
1513038827,56648,28752,174020
1513038828,56648,28760,174012
1513038829,56648,28760,174024
1513038830,56640,28760,174028
1513038831,56664,28760,174028
1513038832,56644,28760,174028
1513038833,56544,28760,174028
1513038834,56680,28768,174028
1513038835,56664,28768,174028
1513038836,56544,28768,174032
1513038837,56532,28768,174032
1513038838,56540,28768,174032
1513038839,56516,28776,174024
1513038840,56528,28776,174036
1513038841,56532,28776,174036
1513038842,56544,28776,174036
1513038843,56544,28776,174040
1513038844,56536,28784,174032
1513038845,56656,28784,174040
1513038846,56664,28784,174040
1513038847,56800,28784,174040
1513038848,56656,28784,174040
1513038849,56640,28792,174040
1513038850,56524,28792,174044
1513038851,56672,28792,174044
1513038852,56520,28792,174044
1513038853,56656,28792,174044
1513038854,56548,28800,174044
1513038855,56660,28800,174044
1513038856,56536,28800,174044
1513038857,56516,28800,174048
1513038858,56648,28808,174040
1513038859,56540,28808,174048
1513038860,56536,28808,174048
1513038861,56532,28808,174048
1513038862,56516,28808,174048
1513038863,56640,28816,174040
1513038864,56640,28816,174048
1513038865,56804,28816,174056
1513038866,56780,28816,174056
1513038867,56656,28816,174056
1513038868,56540,28824,174048
1513038869,56408,28824,174056
1513038870,56520,28824,174056
1513038871,56520,28824,174056
1513038872,56664,28824,174060
1513038873,56524,28832,174052
1513038874,56516,28832,174060
1513038875,56516,28832,174060
1513038876,56416,28832,174060
1513038877,56536,28832,174060
1513038878,56428,28840,174052
1513038879,56536,28840,174060
1513038880,56424,28840,174064
1513038881,56420,28840,174064
1513038882,56536,28840,174064
1513038883,56288,28848,174056
1513038885,56420,28848,174064
1513038886,56400,28848,174064
1513038887,56412,28848,174064
1513038888,56412,28848,174068
1513038889,56424,28856,174064
1513038890,56416,28856,174072
1513038891,56536,28856,174072
1513038892,56536,28856,174072
1513038893,56412,28856,174072
1513038894,56532,28864,174064
1513038895,56528,28864,174076
1513038896,56556,28864,174076
1513038897,56392,28864,174076
1513038898,56540,28864,174076
1513038899,56392,28872,174068
1513038900,56392,28872,174076
1513038901,56404,28872,174076
1513038902,56428,28872,174076
1513038903,56552,28872,174084
1513038904,56440,28880,174080
1513038905,56680,28880,174088
1513038906,56572,28880,174088
1513038907,56660,28880,174088
1513038908,56680,28880,174088
1513038909,56392,28888,174080
1513038910,56416,28888,174092
1513038911,56548,28888,174092
1513038912,56424,28888,174092
1513038913,56396,28888,174092
1513038914,56396,28896,174084
1513038915,56420,28896,174092
1513038916,56400,28896,174092
1513038917,56400,28896,174092
1513038918,56540,28896,174096
1513038919,56400,28904,174088
1513038920,56400,28904,174096
1513038921,56392,28904,174096
1513038922,56396,28904,174096
1513038923,56396,28904,174096
1513038924,56284,28912,174100
1513038925,56420,28912,174100
1513038926,56272,28912,174100
1513038927,56180,28944,174100
1513038928,56280,28944,174100
1513038929,56280,28944,174100
1513038930,56392,28944,174100
1513038931,56276,28944,174104
1513038932,56272,28952,174104
1513038933,56272,28952,174104
1513038934,56408,28952,174104
1513038935,56392,28952,174104
1513038936,56272,28952,174104
1513038937,56268,28960,174104
1513038938,56272,28960,174108
1513038939,56272,28960,174112
1513038940,56276,28960,174112
1513038941,56396,28960,174112
1513038942,56292,28968,174112
1513038943,56408,28968,174112
1513038944,56392,28968,174112
1513038945,56548,28968,174112
1513038946,56532,28968,174116
1513038947,56436,28976,174116
1513038948,56532,28976,174116
1513038949,56292,28976,174116
1513038950,56284,28976,174116
1513038951,56416,28976,174116
1513038952,56276,28984,174108
1513038953,56292,28984,174120
1513038954,56268,28984,174120
1513038955,56268,28984,174120
1513038956,56292,28984,174120
1513038957,56276,28984,174120
1513038958,56272,28992,174120
1513038959,56400,28992,174120
1513038960,56312,28992,174120
1513038962,56288,28992,174124
1513038963,56412,28992,174124
1513038964,56168,29000,174124
1513038965,56272,29000,174124
1513038966,56268,29000,174124
1513038967,56284,29000,174124
1513038968,56408,29000,174124
1513038969,56164,29008,174128
1513038970,56276,29008,174128
1513038971,56164,29008,174128
1513038972,56276,29008,174128
1513038973,56152,29008,174128
1513038974,56152,29016,174128
1513038975,56164,29016,174128
1513038976,56152,29016,174128
1513038977,56152,29016,174136
1513038978,56276,29016,174136
1513038979,56152,29024,174140
1513038980,56268,29024,174140
1513038981,56164,29024,174140
1513038982,56152,29024,174140
1513038983,56152,29024,174140
1513038984,56288,29032,174144
1513038985,56152,29032,174144
1513038986,56152,29032,174144
1513038987,56164,29032,174144
1513038988,56276,29032,174144
1513038989,56288,29040,174144
1513038990,56144,29040,174144
1513038991,56252,29040,174148
1513038992,56152,29040,174148
1513038993,56152,29048,174140
1513038994,56152,29048,174148
1513038995,56152,29048,174148
1513038996,56152,29048,174148
1513038997,56276,29048,174148
1513038998,56152,29056,174152
1513038999,56152,29056,174152
1513039000,56152,29056,174152
1513039001,56152,29056,174152
1513039002,56276,29056,174152
1513039003,56276,29064,174152
1513039004,56020,29064,174152
1513039005,56136,29064,174156
1513039006,56152,29064,174156
1513039007,56276,29064,174156
1513039008,56028,29072,174156
1513039009,56164,29072,174156
1513039010,56276,29072,174156
1513039011,56168,29072,174156
1513039012,56152,29072,174156
1513039013,56156,29080,174164
1513039014,56028,29080,174164
1513039015,56152,29080,174164
1513039016,56276,29080,174164
1513039017,56164,29080,174164
1513039018,56268,29088,174164
1513039019,56156,29088,174164
1513039020,56440,29088,174168
1513039021,56288,29088,174168
1513039022,56416,29088,174168
1513039023,56292,29096,174168
1513039024,56416,29096,174168
1513039025,56304,29096,174168
1513039026,56416,29096,174168
1513039027,56428,29096,174168
1513039028,56032,29104,174172
1513039029,56160,29104,174172
1513039030,56148,29104,174172
1513039031,56036,29104,174172
1513039033,56040,29104,174172
1513039034,56028,29112,174172
1513039035,56164,29112,174172
1513039036,56164,29112,174176
1513039037,56144,29112,174176
1513039038,56028,29112,174176
1513039039,55912,29120,174176
1513039040,56028,29120,174176
1513039041,56028,29120,174176
1513039042,56028,29120,174176
1513039043,56036,29120,174180
1513039044,56164,29128,174172
1513039045,56052,29128,174180
1513039046,56028,29128,174180
1513039047,56168,29128,174180
1513039048,56168,29128,174180
1513039049,56168,29128,174180
1513039050,56028,29136,174184
1513039051,56168,29136,174188
1513039052,56148,29136,174188
1513039053,56024,29136,174188
1513039054,56028,29136,174188
1513039055,56028,29144,174188
1513039056,56168,29144,174188
1513039057,56152,29144,174188
1513039058,56044,29144,174188
1513039059,56040,29144,174192
1513039060,56028,29152,174192
1513039061,56040,29152,174192
1513039062,56028,29152,174192
1513039063,56020,29152,174192
1513039064,56024,29152,174192
1513039065,56152,29160,174192
1513039066,56052,29160,174196
1513039067,56168,29160,174196
1513039068,56028,29160,174196
1513039069,55904,29160,174196
1513039070,56028,29168,174196
1513039071,56028,29168,174196
1513039072,55904,29168,174196
1513039073,56028,29168,174200
1513039074,56192,29176,174196
1513039075,56168,29176,174204
1513039076,56296,29176,174204
1513039077,56304,29176,174204
1513039078,56300,29176,174204
1513039079,56292,29176,174204
1513039080,56176,29184,174204
1513039081,56316,29184,174208
1513039082,56024,29184,174208
1513039083,55916,29184,174208
1513039084,55780,29192,174200
1513039085,55900,29192,174208
1513039086,56040,29192,174212
1513039087,55892,29192,174212
1513039088,55904,29192,174216
1513039089,56040,29200,174208
1513039090,56040,29200,174216
1513039091,55904,29200,174216
1513039092,55916,29200,174216
1513039093,56036,29200,174216
1513039094,55896,29208,174208
1513039095,55912,29208,174220
1513039096,55900,29208,174220
1513039097,56040,29208,174220
1513039098,56024,29208,174220
1513039099,56028,29216,174212
1513039100,55904,29216,174220
1513039101,56028,29216,174220
1513039102,55904,29216,174220
1513039103,55904,29216,174224
1513039104,55904,29224,174216
1513039105,55904,29224,174224
1513039106,55904,29224,174224
1513039107,56028,29224,174224
1513039108,56040,29224,174224
1513039109,56028,29232,174216
1513039110,55916,29232,174228
1513039111,56028,29232,174228
1513039113,55904,29232,174228
1513039114,55904,29232,174228
1513039115,55780,29240,174220
1513039116,55896,29240,174228
1513039117,55900,29240,174228
1513039118,55792,29240,174232
1513039119,55780,29240,174236
1513039120,55904,29248,174228
1513039121,55904,29248,174236
1513039122,55780,29248,174236
1513039123,55780,29248,174240
1513039124,55772,29248,174240
1513039125,55772,29256,174232
1513039126,55780,29256,174244
1513039127,55780,29256,174244
1513039128,55780,29256,174244
1513039129,55780,29256,174244
1513039130,55896,29264,174236
1513039131,55772,29264,174244
1513039132,55896,29264,174244
1513039133,55896,29264,174244
1513039134,55772,29264,174248
1513039135,55896,29272,174240
1513039136,55772,29272,174248
1513039137,55772,29272,174248
1513039138,55772,29272,174248
1513039139,55896,29272,174248
1513039140,55772,29280,174240
1513039141,55772,29280,174252
1513039142,55772,29280,174252
1513039143,55772,29280,174252
1513039144,55772,29280,174252
1513039145,55772,29288,174244
1513039146,55772,29288,174252
1513039147,55896,29288,174252
1513039148,55896,29288,174256
1513039149,55772,29288,174256
1513039150,55648,29296,174252
1513039151,55768,29296,174256
1513039152,55888,29296,174256
1513039153,55896,29296,174256
1513039154,55908,29296,174256
1513039155,55648,29296,174260
1513039156,55776,29304,174260
1513039157,55764,29304,174260
1513039158,55912,29304,174260
1513039159,55912,29304,174264
1513039160,55652,29312,174256
1513039161,55796,29312,174264
1513039162,55776,29312,174268
1513039163,55760,29312,174268
1513039164,55776,29312,174268
1513039165,55652,29320,174260
1513039166,55776,29320,174268
1513039167,55916,29320,174268
1513039168,55900,29320,174268
1513039169,56020,29320,174268
1513039170,55900,29328,174264
1513039171,55924,29328,174272
1513039172,56024,29328,174272
1513039173,56024,29328,174272
1513039174,55924,29328,174272
1513039175,55764,29336,174264
1513039176,55640,29336,174272
1513039177,55784,29336,174276
1513039178,55760,29336,174276
1513039179,55648,29336,174276
1513039180,55636,29344,174268
1513039181,55760,29344,174276
1513039183,55772,29344,174276
1513039184,55772,29344,174276
1513039185,55776,29344,174276
1513039186,55652,29352,174272
1513039187,55652,29352,174280
1513039188,55780,29352,174280
1513039189,55668,29352,174280
1513039190,55652,29352,174280
1513039191,55648,29352,174280
1513039192,55648,29360,174280
1513039193,55652,29360,174284
1513039194,55668,29360,174284
1513039195,55660,29360,174284
1513039196,55652,29360,174288
1513039197,55772,29368,174288
1513039198,55784,29368,174288
1513039199,55776,29368,174288
1513039200,55652,29368,174292
1513039201,55788,29368,174292
1513039202,55652,29376,174292
1513039203,55648,29376,174292
1513039204,55660,29376,174292
1513039205,55764,29376,174292
1513039206,55776,29384,174284
1513039207,55776,29384,174296
1513039208,55780,29384,174296
1513039209,55664,29384,174296
1513039210,55776,29384,174296
1513039211,55784,29392,174288
1513039212,55780,29392,174296
1513039213,55780,29392,174296
1513039214,55780,29392,174296
1513039215,55792,29392,174300
1513039216,55656,29400,174292
1513039217,55656,29400,174300
1513039218,55656,29400,174300
1513039219,55780,29400,174300
1513039220,55664,29400,174300
1513039221,55808,29408,174304
1513039222,55792,29408,174304
1513039223,55920,29408,174304
1513039224,55920,29408,174304
1513039225,55408,29408,174304
1513039226,55656,29416,174304
1513039227,55648,29416,174304
1513039228,55656,29416,174304
1513039229,55648,29416,174308
1513039230,55524,29416,174308
1513039231,55524,29424,174308
1513039232,55648,29424,174312
1513039233,55524,29424,174312
1513039234,55524,29424,174312
1513039235,55524,29424,174312
1513039236,55508,29432,174316
1513039237,55632,29432,174316
1513039238,55524,29432,174316
1513039239,55524,29432,174316
1513039240,55524,29432,174316
1513039241,55648,29440,174316
1513039242,55524,29440,174316
1513039243,55524,29440,174320
1513039244,55528,29440,174320
1513039245,55524,29440,174320
1513039246,55524,29448,174320
1513039247,55524,29448,174320
1513039248,55652,29448,174320
1513039249,55528,29448,174320
1513039250,55528,29448,174320
1513039251,55528,29456,174316
1513039252,55524,29456,174324
1513039253,55648,29456,174324
1513039254,55524,29456,174324
1513039255,55524,29456,174328
1513039256,55524,29456,174328
1513039258,55536,29464,174332
1513039259,55524,29464,174336
1513039260,55524,29464,174336
1513039261,55524,29464,174336
1513039262,55524,29464,174336
1513039263,55524,29472,174336
1513039264,55524,29472,174336
1513039265,55648,29472,174336
1513039266,55648,29472,174336
1513039267,55524,29472,174340
1513039268,55400,29480,174340
1513039269,55524,29480,174340
1513039270,55400,29480,174344
1513039271,55400,29480,174344
1513039272,55524,29480,174344
1513039273,55524,29488,174336
1513039274,55524,29488,174348
1513039275,55400,29488,174348
1513039276,55524,29488,174348
1513039277,55400,29488,174348
1513039278,55524,29488,174348
1513039279,55400,29496,174348
1513039280,55400,29496,174348
1513039281,55400,29496,174348
1513039282,55524,29496,174352
1513039283,55412,29496,174352
1513039284,55400,29504,174352
1513039285,55400,29504,174352
1513039286,55400,29504,174352
1513039287,55524,29504,174352
1513039288,55400,29504,174352
1513039289,55524,29512,174356
1513039290,55524,29512,174356
1513039291,55400,29512,174356
1513039292,55400,29512,174356
1513039293,55404,29512,174356
1513039294,55508,29520,174348
1513039295,55384,29520,174360
1513039296,55400,29520,174360
1513039297,55400,29520,174360
1513039298,55400,29520,174360
1513039299,55408,29528,174360
1513039300,55408,29528,174360
1513039301,55408,29528,174360
1513039302,55408,29528,174360
1513039303,55408,29528,174364
1513039304,55408,29536,174364
1513039305,55284,29536,174368
1513039306,55408,29536,174368
1513039307,55548,29536,174368
1513039308,55548,29536,174368
1513039309,55408,29544,174368
1513039310,55532,29544,174372
1513039311,55408,29544,174372
1513039312,55408,29544,174372
1513039313,55408,29544,174372
1513039314,55408,29552,174372
1513039315,55272,29552,174372
1513039316,55384,29552,174372
1513039317,55524,29552,174372
1513039318,55540,29552,174376
1513039319,55400,29560,174368
1513039320,55276,29560,174376
1513039321,55400,29560,174376
1513039322,55400,29560,174376
1513039323,55400,29560,174376
1513039324,55400,29560,174376
1513039325,55400,29568,174376
1513039326,55400,29568,174380
1513039327,55400,29568,174380
1513039328,55540,29568,174380
1513039329,55284,29568,174380
1513039330,55400,29576,174380
1513039331,55412,29576,174380
1513039332,55400,29576,174380
1513039333,55408,29576,174380
1513039335,55400,29576,174384
1513039336,55276,29584,174376
1513039337,55276,29584,174384
1513039338,55400,29584,174384

