1513035514,66,0,1,0
1513035515,0,0,0,0
1513035516,142,244,1,2
1513035517,980,980,14,14
1513035518,0,0,0,0
1513035519,0,0,0,0
1513035520,0,0,0,0
1513035521,142,762,1,9
1513035522,980,462,14,7
1513035523,0,0,0,0
1513035524,0,0,0,0
1513035525,3812,3022,25,26
1513035526,1048,1084,14,14
1513035527,3878,3022,26,26
1513035528,0,0,0,0
1513035529,3878,3022,26,26
1513035530,140,140,2,2
1513035531,4242,3686,30,34
1513035532,140,140,2,2
1513035533,0,0,0,0
1513035534,140,140,2,2
1513035535,74,140,1,2
1513035536,504,804,6,10
1513035537,2088,1478,14,11
1513035538,0,0,0,0
1513035539,2022,1544,13,12
1513035540,140,140,2,2
1513035541,3054,2628,19,22
1513035542,140,140,2,2
1513035543,2616,1824,14,12
1513035544,140,140,2,2
1513035545,1526,2522,10,8
1513035546,438,804,5,10
1513035547,140,140,2,2
1513035548,0,0,0,0
1513035549,140,140,2,2
1513035550,140,140,2,2
1513035551,438,540,5,6
1513035552,140,404,2,6
1513035553,0,0,0,0
1513035554,74,140,1,2
1513035555,140,140,2,2
1513035556,438,804,5,10
1513035557,140,140,2,2
1513035558,0,0,0,0
1513035559,74,140,1,2
1513035560,140,140,2,2
1513035561,911,870,10,11
1513035562,140,140,2,2
1513035563,0,0,0,0
1513035564,140,140,2,2
1513035565,206,767,3,3
1513035566,702,804,9,10
1513035567,140,140,2,2
1513035568,0,0,0,0
1513035569,349,206,3,3
1513035570,140,140,2,2
1513035571,702,804,9,10
1513035572,140,140,2,2
1513035573,275,693,2,2
1513035574,140,140,2,2
1513035575,140,140,2,2
1513035576,702,804,9,10
1513035577,349,833,3,4
1513035578,0,0,0,0
1513035579,140,140,2,2
1513035580,74,140,1,2
1513035581,504,1431,6,11
1513035582,140,140,2,2
1513035583,0,0,0,0
1513035584,74,140,1,2
1513035585,283,206,2,3
1513035586,438,804,5,10
1513035587,140,140,2,2
1513035588,0,0,0,0
1513035590,349,833,3,4
1513035591,74,140,1,2
1513035592,438,804,5,10
1513035593,140,140,2,2
1513035594,66,627,1,1
1513035595,74,140,1,2
1513035596,140,140,2,2
1513035597,636,804,8,10
1513035598,140,140,2,2
1513035599,0,0,0,0
1513035600,206,214,3,3
1513035601,272,362,4,5
1513035602,438,582,5,7
1513035603,140,66,2,1
1513035604,140,140,2,2
1513035605,74,140,1,2
1513035606,438,804,5,10
1513035607,140,140,2,2
1513035608,0,0,0,0
1513035609,74,140,1,2
1513035610,283,206,2,3
1513035611,702,804,9,10
1513035612,74,140,1,2
1513035613,0,0,0,0
1513035614,206,767,3,3
1513035615,74,140,1,2
1513035616,702,804,9,10
1513035617,74,140,1,2
1513035618,209,66,1,1
1513035619,140,140,2,2
1513035620,74,140,1,2
1513035621,702,804,9,10
1513035622,349,833,3,4
1513035623,0,0,0,0
1513035624,140,140,2,2
1513035625,74,140,1,2
1513035626,911,1497,10,12
1513035627,140,140,2,2
1513035628,0,0,0,0
1513035629,140,140,2,2
1513035630,140,767,2,3
1513035631,438,804,5,10
1513035632,140,140,2,2
1513035633,0,0,0,0
1513035634,283,206,2,3
1513035635,140,140,2,2
1513035636,438,804,5,10
1513035637,74,140,1,2
1513035638,275,638,2,2
1513035639,74,140,1,2
1513035640,140,140,2,2
1513035641,702,804,9,10
1513035642,74,767,1,3
1513035643,66,0,1,0
1513035644,140,140,2,2
1513035645,140,140,2,2
1513035646,702,804,9,10
1513035647,140,140,2,2
1513035648,0,0,0,0
1513035649,140,140,2,2
1513035650,140,140,2,2
1513035651,438,804,5,10
1513035652,140,140,2,2
1513035653,0,0,0,0
1513035654,140,140,2,2
1513035655,140,140,2,2
1513035656,438,804,5,10
1513035657,140,140,2,2
1513035658,209,66,1,1
1513035659,140,140,2,2
1513035660,140,140,2,2
1513035661,702,804,9,10
1513035662,206,767,3,3
1513035663,0,0,0,0
1513035664,140,140,2,2
1513035665,140,140,2,2
1513035667,702,804,9,10
1513035668,140,140,2,2
1513035669,0,0,0,0
1513035670,140,140,2,2
1513035671,349,206,3,3
1513035672,438,804,5,10
1513035673,140,140,2,2
1513035674,0,0,0,0
1513035675,415,907,4,5
1513035676,74,362,1,5
1513035677,504,582,6,7
1513035678,140,66,2,1
1513035679,283,833,2,4
1513035680,74,140,1,2
1513035681,296,296,4,4
1513035682,282,648,3,8
1513035683,66,627,1,1
1513035684,74,140,1,2
1513035685,74,140,1,2
1513035686,438,804,5,10
1513035687,74,140,1,2
1513035688,0,0,0,0
1513035689,74,140,1,2
1513035690,74,140,1,2
1513035691,647,870,6,11
1513035692,140,140,2,2
1513035693,0,0,0,0
1513035694,74,140,1,2
1513035695,415,833,4,4
1513035696,702,804,9,10
1513035697,140,140,2,2
1513035698,0,0,0,0
1513035699,349,833,3,4
1513035700,140,140,2,2
1513035701,702,804,9,10
1513035702,140,140,2,2
1513035703,66,627,1,1
1513035704,140,140,2,2
1513035705,140,140,2,2
1513035706,438,804,5,10
1513035707,140,140,2,2
1513035708,0,0,0,0
1513035709,74,140,1,2
1513035710,140,140,2,2
1513035711,647,870,6,11
1513035712,74,140,1,2
1513035713,0,0,0,0
1513035714,74,140,1,2
1513035715,349,833,3,4
1513035716,438,804,5,10
1513035717,140,140,2,2
1513035718,0,0,0,0
1513035719,283,833,2,4
1513035720,140,140,2,2
1513035721,702,804,9,10
1513035722,140,140,2,2
1513035723,66,627,1,1
1513035724,74,140,1,2
1513035725,140,140,2,2
1513035726,702,804,9,10
1513035727,74,140,1,2
1513035728,0,0,0,0
1513035729,74,140,1,2
1513035730,74,140,1,2
1513035731,647,870,6,11
1513035733,74,140,1,2
1513035734,0,0,0,0
1513035735,349,833,3,4
1513035736,74,140,1,2
1513035737,702,804,9,10
1513035738,74,140,1,2
1513035739,209,693,1,2
1513035740,140,140,2,2
1513035741,338,436,5,6
1513035742,438,582,5,7
1513035743,283,759,2,3
1513035744,140,140,2,2
1513035745,74,140,1,2
1513035746,296,560,4,8
1513035747,425,1080,3,6
1513035748,0,0,0,0
1513035749,74,140,1,2
1513035750,74,140,1,2
1513035751,560,1187,8,9
1513035752,216,384,2,4
1513035753,0,0,0,0
1513035754,140,140,2,2
1513035755,283,206,2,3
1513035756,494,560,7,8
1513035757,216,384,2,4
1513035758,0,0,0,0
1513035759,415,833,4,4
1513035760,74,140,1,2
1513035761,438,804,5,10
1513035762,140,140,2,2
1513035763,66,627,1,1
1513035764,140,140,2,2
1513035765,140,140,2,2
1513035766,438,804,5,10
1513035767,349,206,3,3
1513035768,0,0,0,0
1513035769,74,140,1,2
1513035770,140,140,2,2
1513035771,713,1497,7,12
1513035772,74,140,1,2
1513035773,0,0,0,0
1513035774,74,140,1,2
1513035775,349,833,3,4
1513035776,702,804,9,10
1513035777,74,140,1,2
1513035778,0,0,0,0
1513035779,206,767,3,3
1513035780,74,140,1,2
1513035781,702,804,9,10
1513035782,140,140,2,2
1513035783,209,66,1,1
1513035784,140,140,2,2
1513035785,74,140,1,2
1513035786,438,804,5,10
1513035787,415,833,4,4
1513035788,0,0,0,0
1513035789,74,140,1,2
1513035790,74,140,1,2
1513035791,911,1497,10,12
1513035792,74,140,1,2
1513035793,0,0,0,0
1513035794,140,140,2,2
1513035795,140,770,2,3
1513035796,702,804,9,10
1513035798,74,140,1,2
1513035799,0,0,0,0
1513035800,349,206,3,3
1513035801,74,140,1,2
1513035802,438,804,5,10
1513035803,140,140,2,2
1513035804,275,693,2,2
1513035805,74,140,1,2
1513035806,140,140,2,2
1513035807,578,944,7,12
1513035808,209,693,1,2
1513035809,74,140,1,2
1513035810,140,140,2,2
1513035811,560,560,8,8
1513035812,425,1077,3,6
1513035813,0,0,0,0
1513035814,140,140,2,2
1513035815,74,140,1,2
1513035816,769,989,9,6
1513035817,282,648,3,8
1513035818,0,0,0,0
1513035819,349,833,3,4
1513035820,140,140,2,2
1513035821,296,560,4,8
1513035822,282,384,3,4
1513035823,209,693,1,2
1513035824,74,140,1,2
1513035825,140,140,2,2
1513035826,560,560,8,8
1513035827,282,1011,3,5
1513035828,0,0,0,0
1513035829,140,140,2,2
1513035830,74,140,1,2
1513035831,702,804,9,10
1513035832,140,140,2,2
1513035833,0,0,0,0
1513035834,140,140,2,2
1513035835,140,140,2,2
1513035836,438,804,5,10
1513035837,140,140,2,2
1513035838,0,0,0,0
1513035839,74,140,1,2
1513035840,140,140,2,2
1513035841,438,804,5,10
1513035842,74,140,1,2
1513035843,0,0,0,0
1513035844,74,140,1,2
1513035845,140,140,2,2
1513035846,438,804,5,10
1513035847,283,206,2,3
1513035848,0,0,0,0
1513035849,140,140,2,2
1513035850,140,140,2,2
1513035851,504,1431,6,11
1513035852,74,140,1,2
1513035853,0,0,0,0
1513035854,140,140,2,2
1513035855,74,140,1,2
1513035856,438,804,5,10
1513035857,140,140,2,2
1513035858,0,0,0,0
1513035860,349,206,3,3
1513035861,140,140,2,2
1513035862,702,804,9,10
1513035863,140,140,2,2
1513035864,275,693,2,2
1513035865,140,140,2,2
1513035866,140,140,2,2
1513035867,702,804,9,10
1513035868,283,833,2,4
1513035869,140,140,2,2
1513035870,74,140,1,2
1513035871,296,560,4,8
1513035872,282,1011,3,5
1513035873,0,0,0,0
1513035874,74,140,1,2
1513035875,140,140,2,2
1513035876,560,560,8,8
1513035877,216,384,2,4
1513035878,0,0,0,0
1513035879,140,140,2,2
1513035880,349,206,3,3
1513035881,560,494,8,7
1513035882,216,450,2,5
1513035883,0,0,0,0
1513035884,415,833,4,4
1513035885,140,140,2,2
1513035886,296,560,4,8
1513035887,216,384,2,4
1513035888,209,693,1,2
1513035889,74,140,1,2
1513035890,140,140,2,2
1513035891,560,494,8,7
1513035892,282,1077,3,6
1513035893,0,0,0,0
1513035894,140,140,2,2
1513035895,74,140,1,2
1513035896,560,560,8,8
1513035897,282,384,3,4
1513035898,0,0,0,0
1513035899,349,206,3,3
1513035900,74,140,1,2
1513035901,438,804,5,10
1513035902,140,140,2,2
1513035903,275,693,2,2
1513035904,74,140,1,2
1513035905,74,140,1,2
1513035906,702,804,9,10
1513035907,283,833,2,4
1513035908,0,0,0,0
1513035909,140,140,2,2
1513035910,74,140,1,2
1513035911,768,1431,10,11
1513035912,140,140,2,2
1513035913,0,0,0,0
1513035914,140,140,2,2
1513035915,74,140,1,2
1513035916,438,804,5,10
1513035917,140,140,2,2
1513035918,0,0,0,0
1513035919,283,206,2,3
1513035920,74,140,1,2
1513035921,438,804,5,10
1513035922,74,140,1,2
1513035923,275,693,2,2
1513035924,140,140,2,2
1513035925,74,140,1,2
1513035926,438,804,5,10
1513035928,283,833,2,4
1513035929,0,0,0,0
1513035930,140,140,2,2
1513035931,74,140,1,2
1513035932,911,1497,10,12
1513035933,74,140,1,2
1513035934,0,0,0,0
1513035935,140,140,2,2
1513035936,283,833,2,4
1513035937,702,878,9,11
1513035938,140,66,2,1
1513035939,140,140,2,2
1513035940,206,767,3,3
1513035941,362,560,5,8
1513035942,282,384,3,4
1513035943,0,0,0,0
1513035944,283,206,2,3
1513035945,140,140,2,2
1513035946,560,560,8,8
1513035947,216,384,2,4
1513035948,275,693,2,2
1513035949,140,140,2,2
1513035950,74,140,1,2
1513035951,560,560,8,8
1513035952,282,1011,3,5
1513035953,0,0,0,0
1513035954,140,140,2,2
1513035955,74,140,1,2
1513035956,769,626,9,9
1513035957,216,384,2,4
1513035958,0,0,0,0
1513035959,140,140,2,2
1513035960,349,833,3,4
1513035961,560,560,8,8
1513035962,282,384,3,4
1513035963,0,0,0,0
1513035964,349,833,3,4
1513035965,74,140,1,2
1513035966,560,560,8,8
1513035967,282,384,3,4
1513035968,66,627,1,1
1513035969,140,140,2,2
1513035970,74,140,1,2
1513035971,702,804,9,10
1513035972,349,206,3,3
1513035973,0,0,0,0
1513035974,140,140,2,2
1513035975,74,140,1,2
1513035976,713,1497,7,12
1513035977,140,140,2,2
1513035978,0,0,0,0
1513035979,74,140,1,2
1513035980,349,833,3,4
1513035981,702,804,9,10
1513035982,74,140,1,2
1513035983,0,0,0,0
1513035984,206,767,3,3
1513035985,140,140,2,2
1513035986,702,804,9,10
1513035987,349,206,3,3
1513035988,0,0,0,0
1513035990,140,140,2,2
1513035991,74,140,1,2
1513035992,713,1497,7,12
1513035993,140,140,2,2
1513035994,0,0,0,0
1513035995,74,140,1,2
1513035996,349,833,3,4
1513035997,504,804,6,10
1513035998,74,140,1,2
1513035999,0,74,0,1
1513036000,423,899,4,5
1513036001,428,560,6,8
1513036002,216,384,2,4
1513036003,0,0,0,0
1513036004,349,833,3,4
1513036005,74,140,1,2
1513036006,296,560,4,8
1513036007,282,384,3,4
1513036008,209,693,1,2
1513036009,140,140,2,2
1513036010,74,140,1,2
1513036011,296,560,4,8
1513036012,491,1077,4,6
1513036013,0,0,0,0
1513036014,74,140,1,2
1513036015,74,140,1,2
1513036016,626,1187,9,9
1513036017,216,384,2,4
1513036018,0,0,0,0
1513036019,140,140,2,2
1513036020,283,206,2,3
1513036021,560,560,8,8
1513036022,216,384,2,4
1513036023,0,0,0,0
1513036024,206,767,3,3
1513036025,74,140,1,2
1513036026,296,560,4,8
1513036027,216,384,2,4
1513036028,0,0,0,0
1513036029,74,140,1,2
1513036030,140,140,2,2
1513036031,560,560,8,8
1513036032,216,384,2,4
1513036033,0,0,0,0
1513036034,74,140,1,2
1513036035,140,140,2,2
1513036036,702,804,9,10
1513036037,74,140,1,2
1513036038,0,0,0,0
1513036039,140,140,2,2
1513036040,283,206,2,3
1513036041,702,804,9,10
1513036042,140,140,2,2
1513036043,0,0,0,0
1513036044,415,833,4,4
1513036045,140,140,2,2
1513036046,504,804,6,10
1513036047,140,140,2,2
1513036048,66,627,1,1
1513036050,140,140,2,2
1513036051,140,140,2,2
1513036052,504,804,6,10
1513036053,74,140,1,2
1513036054,0,0,0,0
1513036055,140,140,2,2
1513036056,74,140,1,2
1513036057,721,1010,7,13
1513036058,0,0,0,0
1513036059,74,140,1,2
1513036060,140,140,2,2
1513036061,362,1187,5,9
1513036062,216,384,2,4
1513036063,0,0,0,0
1513036064,74,140,1,2
1513036065,140,140,2,2
1513036066,296,560,4,8
1513036067,216,384,2,4
1513036068,0,0,0,0
1513036069,74,140,1,2
1513036070,74,140,1,2
1513036071,296,560,4,8
1513036072,216,384,2,4
1513036073,0,0,0,0
1513036074,74,140,1,2
1513036075,74,140,1,2
1513036076,769,626,9,9
1513036077,216,384,2,4
1513036078,0,0,0,0
1513036079,140,140,2,2
1513036080,349,833,3,4
1513036081,560,560,8,8
1513036082,282,384,3,4
1513036083,0,0,0,0
1513036084,206,767,3,3
1513036085,140,140,2,2
1513036086,296,560,4,8
1513036087,282,384,3,4
1513036088,0,0,0,0
1513036089,74,140,1,2
1513036090,140,140,2,2
1513036091,296,560,4,8
1513036092,425,450,3,5
1513036093,0,0,0,0
1513036094,74,140,1,2
1513036095,140,140,2,2
1513036096,779,1497,8,12
1513036097,74,140,1,2
1513036098,0,0,0,0
1513036099,74,140,1,2
1513036100,349,833,3,4
1513036101,504,804,6,10
1513036102,74,140,1,2
1513036103,0,0,0,0
1513036105,206,767,3,3
1513036106,74,140,1,2
1513036107,438,804,5,10
1513036108,140,140,2,2
1513036109,209,66,1,1
1513036110,140,140,2,2
1513036111,140,140,2,2
1513036112,438,804,5,10
1513036113,415,833,4,4
1513036114,0,74,0,1
1513036115,214,206,3,3
1513036116,296,560,4,8
1513036117,282,1011,3,5
1513036118,0,0,0,0
1513036119,140,140,2,2
1513036120,74,140,1,2
1513036121,296,560,4,8
1513036122,282,384,3,4
1513036123,0,0,0,0
1513036124,140,140,2,2
1513036125,283,206,2,3
1513036126,296,560,4,8
1513036127,282,384,3,4
1513036128,0,0,0,0
1513036129,349,836,3,4
1513036130,140,140,2,2
1513036131,560,560,8,8
1513036132,216,384,2,4
1513036133,209,696,1,2
1513036134,140,140,2,2
1513036135,74,140,1,2
1513036136,560,1187,8,9
1513036137,348,384,4,4
1513036138,0,0,0,0
1513036139,140,140,2,2
1513036140,349,206,3,3
1513036141,560,560,8,8
1513036142,282,384,3,4
1513036143,0,0,0,0
1513036144,415,833,4,4
1513036145,140,140,2,2
1513036146,560,560,8,8
1513036147,282,384,3,4
1513036148,209,693,1,2
1513036149,140,140,2,2
1513036150,140,140,2,2
1513036151,296,560,4,8
1513036152,348,1011,4,5
1513036153,0,0,0,0
1513036154,140,140,2,2
1513036155,140,140,2,2
1513036156,505,626,5,9
1513036157,282,384,3,4
1513036158,0,0,0,0
1513036159,140,140,2,2
1513036160,415,833,4,4
1513036161,560,560,8,8
1513036162,282,384,3,4
1513036163,0,0,0,0
1513036164,349,833,3,4
1513036165,140,140,2,2
1513036166,702,804,9,10
1513036167,74,140,1,2
1513036168,209,693,1,2
1513036170,140,140,2,2
1513036171,74,140,1,2
1513036172,438,804,5,10
1513036173,349,833,3,4
1513036174,0,0,0,0
1513036175,74,140,1,2
1513036176,74,140,1,2
1513036177,911,1497,10,12
1513036178,74,140,1,2
1513036179,0,74,0,1
1513036180,214,206,3,3
1513036181,769,1253,9,10
1513036182,216,384,2,4
1513036183,0,0,0,0
1513036184,140,140,2,2
1513036185,140,767,2,3
1513036186,296,560,4,8
1513036187,216,384,2,4
1513036188,0,0,0,0
1513036189,349,206,3,3
1513036190,74,140,1,2
1513036191,560,560,8,8
1513036192,216,384,2,4
1513036193,275,693,2,2
1513036194,140,140,2,2
1513036195,74,140,1,2
1513036196,560,560,8,8
1513036197,425,1077,3,6
1513036198,0,0,0,0
1513036199,140,140,2,2
1513036200,74,140,1,2
1513036201,362,1187,5,9
1513036202,216,384,2,4
1513036203,0,0,0,0
1513036204,74,140,1,2
1513036205,283,206,2,3
1513036206,296,560,4,8
1513036207,216,384,2,4
1513036208,0,0,0,0
1513036209,415,833,4,4
1513036210,74,140,1,2
1513036211,296,560,4,8
1513036212,282,384,3,4
1513036213,66,627,1,1
1513036214,140,140,2,2
1513036215,140,140,2,2
1513036216,560,560,8,8
1513036217,282,384,3,4
1513036218,0,0,0,0
1513036219,140,140,2,2
1513036220,349,206,3,3
1513036221,560,560,8,8
1513036222,282,384,3,4
1513036223,0,0,0,0
1513036224,415,833,4,4
1513036225,140,140,2,2
1513036226,560,560,8,8
1513036227,282,384,3,4
1513036228,0,0,0,0
1513036229,349,778,3,4
1513036230,140,140,2,2
1513036232,560,560,8,8
1513036233,282,384,3,4
1513036234,66,627,1,1
1513036235,140,140,2,2
1513036236,74,140,1,2
1513036237,438,804,5,10
1513036238,349,206,3,3
1513036239,0,0,0,0
1513036240,74,140,1,2
1513036241,370,700,5,10
1513036242,491,1077,4,6
1513036243,0,0,0,0
1513036244,140,140,2,2
1513036245,74,140,1,2
1513036246,505,1253,5,10
1513036247,282,384,3,4
1513036248,0,0,0,0
1513036249,140,140,2,2
1513036250,140,767,2,3
1513036251,296,560,4,8
1513036252,282,384,3,4
1513036253,0,0,0,0
1513036254,283,206,2,3
1513036255,140,140,2,2
1513036256,560,560,8,8
1513036257,216,384,2,4
1513036258,275,693,2,2
1513036259,140,140,2,2
1513036260,74,140,1,2
1513036261,560,560,8,8
1513036262,425,1077,3,6
1513036263,0,0,0,0
1513036264,140,140,2,2
1513036265,140,140,2,2
1513036266,505,1253,5,10
1513036267,216,384,2,4
1513036268,0,0,0,0
1513036269,74,140,1,2
1513036270,349,833,3,4
1513036271,560,560,8,8
1513036272,216,384,2,4
1513036273,0,0,0,0
1513036274,349,833,3,4
1513036275,74,140,1,2
1513036276,560,560,8,8
1513036277,282,384,3,4
1513036278,209,693,1,2
1513036279,140,140,2,2
1513036280,140,140,2,2
1513036281,494,560,7,8
1513036282,348,1011,4,5
1513036283,0,0,0,0
1513036284,140,140,2,2
1513036285,140,140,2,2
1513036286,703,626,8,9
1513036287,216,384,2,4
1513036288,0,0,0,0
1513036289,140,140,2,2
1513036290,349,833,3,4
1513036291,560,560,8,8
1513036292,216,384,2,4
1513036293,0,0,0,0
1513036294,283,833,2,4
1513036296,74,140,1,2
1513036297,560,560,8,8
1513036298,216,384,2,4
1513036299,209,693,1,2
1513036300,140,140,2,2
1513036301,74,140,1,2
1513036302,296,560,4,8
1513036303,348,1014,4,5
1513036304,0,0,0,0
1513036305,140,214,2,3
1513036306,349,428,3,6
1513036307,578,648,7,8
1513036308,0,0,0,0
1513036309,74,140,1,2
1513036310,415,836,4,4
1513036311,560,560,8,8
1513036312,216,384,2,4
1513036313,0,0,0,0
1513036314,283,833,2,4
1513036315,74,140,1,2
1513036316,560,560,8,8
1513036317,216,384,2,4
1513036318,209,693,1,2
1513036319,74,140,1,2
1513036320,74,140,1,2
1513036321,296,560,4,8
1513036322,282,384,3,4
1513036323,209,582,1,2
1513036324,140,140,2,2
1513036325,74,140,1,2
1513036326,296,560,4,8
1513036327,282,384,3,4
1513036328,0,0,0,0
1513037854,140,140,2,2
1513037855,140,140,2,2
1513037856,560,560,8,8
1513037857,282,384,3,4
1513037858,0,0,0,0
1513037859,74,140,1,2
1513037860,140,140,2,2
1513037861,560,560,8,8
1513037862,491,747,4,6
1513037863,0,0,0,0
1513037864,74,140,1,2
1513037865,74,140,1,2
1513037866,505,1227,5,10
1513037867,282,384,3,4
1513037868,0,0,0,0
1513037869,74,140,1,2
1513037870,74,140,1,2
1513037871,296,560,4,8
1513037872,216,384,2,4
1513037873,0,0,0,0
1513037874,74,140,1,2
1513037875,140,140,2,2
1513037876,560,560,8,8
1513037877,216,384,2,4
1513037878,0,0,0,0
1513037879,74,140,1,2
1513037880,349,749,3,4
1513037881,560,560,8,8
1513037882,216,384,2,4
1513037883,0,0,0,0
1513037884,283,807,2,4
1513037885,404,436,6,6
1513037886,296,338,4,5
1513037887,216,310,2,3
1513037888,132,675,2,2
1513037889,148,206,2,3
1513037890,296,560,4,8
1513037891,74,140,1,2
1513037892,351,310,2,3
1513037893,140,140,2,2
1513037894,74,140,1,2
1513037895,296,560,4,8
1513037896,557,1051,5,6
1513037897,0,0,0,0
1513037898,74,140,1,2
1513037899,74,140,1,2
1513037900,505,1227,5,10
1513037901,282,384,3,4
1513037902,0,0,0,0
1513037903,74,140,1,2
1513037904,283,807,2,4
1513037905,560,560,8,8
1513037906,216,384,2,4
1513037907,0,0,0,0
1513037908,349,807,3,4
1513037909,74,140,1,2
1513037911,560,494,8,7
1513037912,216,450,2,5
1513037913,209,667,1,2
1513037914,140,140,2,2
1513037915,74,140,1,2
1513037916,296,560,4,8
1513037917,282,985,3,5
1513037918,0,0,0,0
1513037919,74,140,1,2
1513037920,140,140,2,2
1513037921,296,560,4,8
1513037922,216,384,2,4
1513037923,0,0,0,0
1513037924,74,140,1,2
1513037925,140,140,2,2
1513037926,296,560,4,8
1513037927,216,384,2,4
1513037928,0,0,0,0
1513037929,74,140,1,2
1513037930,140,140,2,2
1513037931,296,560,4,8
1513037932,216,384,2,4
1513037933,209,66,1,1
1513037934,140,140,2,2
1513037935,74,140,1,2
1513037936,296,560,4,8
1513037937,491,1051,4,6
1513037938,0,0,0,0
1513037939,140,140,2,2
1513037940,74,140,1,2
1513037941,362,1161,5,9
1513037942,216,384,2,4
1513037943,0,0,0,0
1513037944,74,140,1,2
1513037945,74,140,1,2
1513037946,560,560,8,8
1513037947,216,384,2,4
1513037948,0,0,0,0
1513037949,349,206,3,3
1513037950,74,140,1,2
1513037951,560,560,8,8
1513037952,282,384,3,4
1513037953,66,601,1,1
1513037954,140,140,2,2
1513037955,74,140,1,2
1513037956,296,560,4,8
1513037957,282,384,3,4
1513037958,0,0,0,0
1513037959,74,140,1,2
1513037960,140,140,2,2
1513037961,560,560,8,8
1513037962,216,384,2,4
1513037963,0,0,0,0
1513037964,140,140,2,2
1513037965,404,436,6,6
1513037966,296,338,4,5
1513037967,216,310,2,3
1513037968,140,140,2,2
1513037969,140,140,2,2
1513037970,296,560,4,8
1513037971,140,140,2,2
1513037972,142,244,1,2
1513037973,74,140,1,2
1513037974,140,140,2,2
1513037975,560,560,8,8
1513037976,216,384,2,4
1513037977,0,0,0,0
1513037978,283,206,2,3
1513037979,74,140,1,2
1513037980,560,560,8,8
1513037981,216,384,2,4
1513037982,275,667,2,2
1513037984,74,140,1,2
1513037985,74,140,1,2
1513037986,296,560,4,8
1513037987,282,985,3,5
1513037988,0,0,0,0
1513037989,74,140,1,2
1513037990,140,140,2,2
1513037991,296,560,4,8
1513037992,216,384,2,4
1513037993,0,0,0,0
1513037994,74,140,1,2
1513037995,349,206,3,3
1513037996,296,560,4,8
1513037997,282,384,3,4
1513037998,0,0,0,0
1513037999,349,807,3,4
1513038000,74,140,1,2
1513038001,296,560,4,8
1513038002,282,384,3,4
1513038003,209,667,1,2
1513038004,74,140,1,2
1513038005,74,140,1,2
1513038006,560,560,8,8
1513038007,282,985,3,5
1513038008,0,0,0,0
1513038009,140,140,2,2
1513038010,74,140,1,2
1513038011,769,626,9,9
1513038012,282,384,3,4
1513038013,0,0,0,0
1513038014,140,140,2,2
1513038015,415,807,4,4
1513038016,296,560,4,8
1513038017,282,384,3,4
1513038018,0,0,0,0
1513038019,206,741,3,3
1513038020,140,140,2,2
1513038021,296,560,4,8
1513038022,282,384,3,4
1513038023,0,0,0,0
1513038024,140,140,2,2
1513038025,74,140,1,2
1513038026,296,560,4,8
1513038027,282,384,3,4
1513038028,0,74,0,1
1513038029,148,206,2,3
1513038030,560,560,8,8
1513038031,74,140,1,2
1513038032,142,244,1,2
1513038033,140,140,2,2
1513038034,74,140,1,2
1513038035,560,560,8,8
1513038036,140,140,2,2
1513038037,351,310,2,3
1513038038,140,140,2,2
1513038039,140,140,2,2
1513038040,296,560,4,8
1513038041,415,807,4,4
1513038042,142,244,1,2
1513038043,74,140,1,2
1513038044,140,140,2,2
1513038045,769,1227,9,10
1513038047,216,384,2,4
1513038048,0,0,0,0
1513038049,140,140,2,2
1513038050,140,741,2,3
1513038051,560,560,8,8
1513038052,216,384,2,4
1513038053,0,0,0,0
1513038054,349,206,3,3
1513038055,140,140,2,2
1513038056,560,560,8,8
1513038057,216,384,2,4
1513038058,275,667,2,2
1513038059,140,140,2,2
1513038060,140,140,2,2
1513038061,560,560,8,8
1513038062,491,1051,4,6
1513038063,0,0,0,0
1513038064,140,140,2,2
1513038065,140,140,2,2
1513038066,296,560,4,8
1513038067,282,384,3,4
1513038068,0,0,0,0
1513038069,74,140,1,2
1513038070,140,140,2,2
1513038071,560,560,8,8
1513038072,216,384,2,4
1513038073,0,0,0,0
1513038074,74,140,1,2
1513038075,206,683,3,3
1513038076,560,560,8,8
1513038077,216,384,2,4
1513038078,0,0,0,0
1513038079,349,206,3,3
1513038080,74,140,1,2
1513038081,560,560,8,8
1513038082,282,384,3,4
1513038083,275,667,2,2
1513038084,140,140,2,2
1513038085,74,140,1,2
1513038086,362,634,5,9
1513038087,425,977,3,5
1513038088,74,140,1,2
1513038089,74,140,1,2
1513038090,560,560,8,8
1513038091,283,807,2,4
1513038092,142,244,1,2
1513038093,140,140,2,2
1513038094,74,140,1,2
1513038095,769,1227,9,10
1513038096,74,140,1,2
1513038097,142,244,1,2
1513038098,140,140,2,2
1513038099,349,807,3,4
1513038100,296,560,4,8
1513038101,74,140,1,2
1513038102,142,244,1,2
1513038103,283,807,2,4
1513038105,140,140,2,2
1513038106,560,560,8,8
1513038107,74,140,1,2
1513038108,208,845,2,3
1513038109,140,140,2,2
1513038110,74,140,1,2
1513038111,560,560,8,8
1513038112,491,450,4,5
1513038113,0,0,0,0
1513038114,140,140,2,2
1513038115,74,140,1,2
1513038116,571,1227,6,10
1513038117,282,384,3,4
1513038118,0,0,0,0
1513038119,74,140,1,2
1513038120,349,807,3,4
1513038121,560,560,8,8
1513038122,216,384,2,4
1513038123,0,0,0,0
1513038124,140,741,2,3
1513038125,140,140,2,2
1513038126,560,560,8,8
1513038127,216,384,2,4
1513038128,209,66,1,1
1513038129,140,140,2,2
1513038130,74,140,1,2
1513038131,296,560,4,8
1513038132,557,1051,5,6
1513038133,0,0,0,0
1513038134,140,140,2,2
1513038135,140,140,2,2
1513038136,560,560,8,8
1513038137,282,384,3,4
1513038138,0,0,0,0
1513038139,140,140,2,2
1513038140,140,140,2,2
1513038141,560,560,8,8
1513038142,216,384,2,4
1513038143,0,0,0,0
1513038144,140,140,2,2
1513038145,74,140,1,2
1513038146,362,1177,5,10
1513038147,282,310,3,3
1513038148,140,140,2,2
1513038149,140,140,2,2
1513038150,296,560,4,8
1513038151,140,140,2,2
1513038152,142,244,1,2
1513038153,74,140,1,2
1513038154,349,206,3,3
1513038155,560,560,8,8
1513038156,74,140,1,2
1513038157,417,911,3,4
1513038158,140,140,2,2
1513038159,74,140,1,2
1513038160,560,560,8,8
1513038161,349,807,3,4
1513038162,142,244,1,2
1513038163,140,140,2,2
1513038164,140,140,2,2
1513038166,362,1161,5,9
1513038167,140,140,2,2
1513038168,142,244,1,2
1513038169,74,140,1,2
1513038170,349,206,3,3
1513038171,560,560,8,8
1513038172,74,140,1,2
1513038173,142,244,1,2
1513038174,349,807,3,4
1513038175,74,140,1,2
1513038176,560,560,8,8
1513038177,216,384,2,4
1513038178,0,0,0,0
1513038179,74,140,1,2
1513038180,74,140,1,2
1513038181,296,560,4,8
1513038182,216,384,2,4
1513038183,0,0,0,0
1513038184,74,140,1,2
1513038185,140,140,2,2
1513038186,560,560,8,8
1513038187,216,384,2,4
1513038188,209,609,1,2
1513038189,74,140,1,2
1513038190,140,140,2,2
1513038191,560,560,8,8
1513038192,282,985,3,5
1513038193,0,0,0,0
1513038194,140,140,2,2
1513038195,74,140,1,2
1513038196,769,626,9,9
1513038197,282,384,3,4
1513038198,0,0,0,0
1513038199,140,140,2,2
1513038200,349,807,3,4
1513038201,296,560,4,8
1513038202,282,384,3,4
1513038203,0,0,0,0
1513038204,283,807,2,4
1513038205,140,140,2,2
1513038206,560,560,8,8
1513038207,216,384,2,4
1513038208,209,741,1,3
1513038209,280,206,4,3
1513038210,560,560,8,8
1513038211,74,140,1,2
1513038212,351,911,2,4
1513038213,140,140,2,2
1513038214,74,140,1,2
1513038215,296,560,4,8
1513038216,349,807,3,4
1513038217,142,244,1,2
1513038218,140,140,2,2
1513038219,140,140,2,2
1513038220,769,1227,9,10
1513038221,140,140,2,2
1513038222,142,244,1,2
1513038224,74,140,1,2
1513038225,206,741,3,3
1513038226,560,560,8,8
1513038227,74,140,1,2
1513038228,142,244,1,2
1513038229,349,206,3,3
1513038230,74,140,1,2
1513038231,560,560,8,8
1513038232,140,140,2,2
1513038233,417,911,3,4
1513038234,140,140,2,2
1513038235,74,140,1,2
1513038236,296,362,4,5
1513038237,349,1005,3,7
1513038238,142,244,1,2
1513038239,74,140,1,2
1513038240,140,140,2,2
1513038241,769,1227,9,10
1513038242,216,384,2,4
1513038243,0,0,0,0
1513038244,74,140,1,2
1513038245,206,741,3,3
1513038246,560,560,8,8
1513038247,216,384,2,4
1513038248,0,0,0,0
1513038249,349,206,3,3
1513038250,74,140,1,2
1513038251,296,560,4,8
1513038252,282,384,3,4
1513038253,275,667,2,2
1513038254,140,140,2,2
1513038255,140,140,2,2
1513038256,296,560,4,8
1513038257,491,1051,4,6
1513038258,0,0,0,0
1513038259,74,140,1,2
1513038260,349,807,3,4
1513038261,560,560,8,8
1513038262,216,384,2,4
1513038263,0,0,0,0
1513038264,74,140,1,2
1513038265,338,436,5,6
1513038266,370,338,5,5
1513038267,142,310,1,3
1513038268,140,140,2,2
1513038269,74,140,1,2
1513038270,560,560,8,8
1513038271,140,140,2,2
1513038272,142,244,1,2
1513038273,140,140,2,2
1513038274,349,749,3,4
1513038275,296,560,4,8
1513038276,140,140,2,2
1513038277,142,244,1,2
1513038278,283,807,2,4
1513038279,140,140,2,2
1513038280,560,560,8,8
1513038281,74,140,1,2
1513038282,351,911,2,4
1513038284,74,140,1,2
1513038285,140,140,2,2
1513038286,560,560,8,8
1513038287,283,807,2,4
1513038288,142,244,1,2
1513038289,140,140,2,2
1513038290,74,140,1,2
1513038291,505,1227,5,10
1513038292,140,140,2,2
1513038293,142,244,1,2
1513038294,140,140,2,2
1513038295,140,741,2,3
1513038296,296,560,4,8
1513038297,140,140,2,2
1513038298,142,244,1,2
1513038299,283,206,2,3
1513038300,140,140,2,2
1513038301,560,560,8,8
1513038302,282,384,3,4
1513038303,275,667,2,2
1513038304,74,140,1,2
1513038305,140,140,2,2
1513038306,560,560,8,8
1513038307,491,1051,4,6
1513038308,0,0,0,0
1513038309,74,140,1,2
1513038310,74,140,1,2
1513038311,505,1227,5,10
1513038312,282,384,3,4
1513038313,0,0,0,0
1513038314,74,140,1,2
1513038315,283,807,2,4
1513038316,560,560,8,8
1513038317,216,384,2,4
1513038318,0,0,0,0
1513038319,349,807,3,4
1513038320,74,140,1,2
1513038321,560,560,8,8
1513038322,282,384,3,4
1513038323,209,667,1,2
1513038324,140,140,2,2
1513038325,74,140,1,2
1513038326,436,700,6,10
1513038327,351,911,2,4
1513038328,74,140,1,2
1513038329,140,140,2,2
1513038330,560,560,8,8
1513038331,140,741,2,3
1513038332,142,244,1,2
1513038333,140,140,2,2
1513038334,140,140,2,2
1513038335,560,560,8,8
1513038336,74,140,1,2
1513038337,142,244,1,2
1513038338,140,140,2,2
1513038339,283,206,2,3
1513038340,296,560,4,8
1513038341,74,140,1,2
1513038342,142,244,1,2
1513038343,349,807,3,4
1513038344,140,140,2,2
1513038346,428,560,6,8
1513038347,74,140,1,2
1513038348,208,845,2,3
1513038349,140,140,2,2
1513038350,140,140,2,2
1513038351,428,560,6,8
1513038352,140,140,2,2
1513038353,142,244,1,2
1513038354,140,140,2,2
1513038355,74,140,1,2
1513038356,296,560,4,8
1513038357,140,140,2,2
1513038358,142,244,1,2
1513038359,74,140,1,2
1513038360,140,140,2,2
1513038361,560,560,8,8
1513038362,74,140,1,2
1513038363,142,244,1,2
1513038364,140,140,2,2
1513038365,140,140,2,2
1513038366,560,560,8,8
1513038367,140,140,2,2
1513038368,142,244,1,2
1513038369,140,140,2,2
1513038370,74,140,1,2
1513038371,296,560,4,8
1513038372,140,140,2,2
1513038373,351,310,2,3
1513038374,74,140,1,2
1513038375,74,140,1,2
1513038376,296,560,4,8
1513038377,557,1051,5,6
1513038378,0,0,0,0
1513038379,74,140,1,2
1513038380,74,140,1,2
1513038381,505,1227,5,10
1513038382,216,384,2,4
1513038383,0,0,0,0
1513038384,140,140,2,2
1513038385,140,741,2,3
1513038386,296,560,4,8
1513038387,282,384,3,4
1513038388,0,0,0,0
1513038389,140,140,2,2
1513038390,370,700,5,10
1513038391,66,74,1,1
1513038392,216,310,2,3
1513038393,283,206,2,3
1513038394,74,140,1,2
1513038395,296,560,4,8
1513038396,140,140,2,2
1513038397,417,911,3,4
1513038398,74,140,1,2
1513038399,140,140,2,2
1513038400,296,560,4,8
1513038401,283,807,2,4
1513038402,142,244,1,2
1513038403,140,140,2,2
1513038404,140,140,2,2
1513038405,362,1161,5,9
1513038406,74,140,1,2
1513038408,142,244,1,2
1513038409,140,140,2,2
1513038410,74,140,1,2
1513038411,296,560,4,8
1513038412,140,140,2,2
1513038413,142,244,1,2
1513038414,283,206,2,3
1513038415,140,140,2,2
1513038416,560,494,8,7
1513038417,140,206,2,3
1513038418,417,911,3,4
1513038419,140,140,2,2
1513038420,140,140,2,2
1513038421,560,560,8,8
1513038422,283,807,2,4
1513038423,142,244,1,2
1513038424,140,140,2,2
1513038425,74,140,1,2
1513038426,505,1227,5,10
1513038427,74,140,1,2
1513038428,142,244,1,2
1513038429,74,140,1,2
1513038430,349,807,3,4
1513038431,560,560,8,8
1513038432,74,140,1,2
1513038433,142,244,1,2
1513038434,349,807,3,4
1513038435,140,140,2,2
1513038436,560,560,8,8
1513038437,74,140,1,2
1513038438,351,911,2,4
1513038439,140,140,2,2
1513038440,74,140,1,2
1513038441,296,560,4,8
1513038442,348,985,4,5
1513038443,0,0,0,0
1513038444,74,140,1,2
1513038445,140,140,2,2
1513038446,296,560,4,8
1513038447,282,384,3,4
1513038448,0,0,0,0
1513038449,206,214,3,3
1513038450,579,692,6,10
1513038451,140,140,2,2
1513038452,142,244,1,2
1513038453,140,140,2,2
1513038454,349,807,3,4
1513038455,560,560,8,8
1513038456,140,140,2,2
1513038457,142,244,1,2
1513038458,283,807,2,4
1513038459,140,140,2,2
1513038460,560,560,8,8
1513038461,74,140,1,2
1513038462,351,911,2,4
1513038463,74,140,1,2
1513038464,140,140,2,2
1513038465,560,560,8,8
1513038466,140,741,2,3
1513038468,142,244,1,2
1513038469,140,140,2,2
1513038470,74,140,1,2
1513038471,505,626,5,9
1513038472,74,140,1,2
1513038473,142,244,1,2
1513038474,140,140,2,2
1513038475,349,807,3,4
1513038476,296,560,4,8
1513038477,140,140,2,2
1513038478,351,911,2,4
1513038479,140,140,2,2
1513038480,74,140,1,2
1513038481,296,560,4,8
1513038482,349,807,3,4
1513038483,142,244,1,2
1513038484,74,140,1,2
1513038485,74,140,1,2
1513038486,505,1227,5,10
1513038487,140,140,2,2
1513038488,142,244,1,2
1513038489,74,140,1,2
1513038490,349,807,3,4
1513038491,560,560,8,8
1513038492,140,140,2,2
1513038493,142,244,1,2
1513038494,349,807,3,4
1513038495,140,140,2,2
1513038496,560,560,8,8
1513038497,140,140,2,2
1513038498,351,911,2,4
1513038499,140,140,2,2
1513038500,74,140,1,2
1513038501,560,560,8,8
1513038502,349,807,3,4
1513038503,142,244,1,2
1513038504,74,140,1,2
1513038505,140,140,2,2
1513038506,626,1161,9,9
1513038507,216,384,2,4
1513038508,0,0,0,0
1513038509,74,140,1,2
1513038510,140,140,2,2
1513038511,560,560,8,8
1513038512,216,384,2,4
1513038513,0,74,0,1
1513038514,214,206,3,3
1513038515,296,560,4,8
1513038516,140,140,2,2
1513038517,142,244,1,2
1513038518,140,140,2,2
1513038519,140,140,2,2
1513038520,769,494,9,7
1513038521,140,272,2,4
1513038522,142,244,1,2
1513038523,74,140,1,2
1513038524,415,807,4,4
1513038525,560,560,8,8
1513038526,74,140,1,2
1513038527,142,244,1,2
1513038528,349,807,3,4
1513038529,74,140,1,2
1513038531,296,560,4,8
1513038532,74,140,1,2
1513038533,351,911,2,4
1513038534,140,140,2,2
1513038535,74,140,1,2
1513038536,560,560,8,8
1513038537,283,807,2,4
1513038538,142,244,1,2
1513038539,74,140,1,2
1513038540,74,140,1,2
1513038541,769,1227,9,10
1513038542,74,140,1,2
1513038543,142,244,1,2
1513038544,140,140,2,2
1513038545,283,807,2,4
1513038546,296,560,4,8
1513038547,74,140,1,2
1513038548,142,244,1,2
1513038549,349,807,3,4
1513038550,74,140,1,2
1513038551,296,560,4,8
1513038552,74,140,1,2
1513038553,351,911,2,4
1513038554,140,140,2,2
1513038555,74,140,1,2
1513038556,296,560,4,8
1513038557,206,741,3,3
1513038558,142,244,1,2
1513038559,74,140,1,2
1513038560,140,140,2,2
1513038561,769,626,9,9
1513038562,140,140,2,2
1513038563,142,244,1,2
1513038564,74,140,1,2
1513038565,415,807,4,4
1513038566,560,560,8,8
1513038567,74,140,1,2
1513038568,142,244,1,2
1513038569,283,807,2,4
1513038570,74,140,1,2
1513038571,296,634,4,9
1513038572,216,310,2,3
1513038573,283,807,2,4
1513038574,140,140,2,2
1513038575,560,560,8,8
1513038576,74,140,1,2
1513038577,351,911,2,4
1513038578,140,140,2,2
1513038579,140,140,2,2
1513038580,560,560,8,8
1513038581,283,807,2,4
1513038582,142,244,1,2
1513038583,140,140,2,2
1513038584,74,140,1,2
1513038585,505,1227,5,10
1513038586,74,140,1,2
1513038587,142,244,1,2
1513038588,74,140,1,2
1513038589,349,807,3,4
1513038590,296,560,4,8
1513038592,74,140,1,2
1513038593,142,244,1,2
1513038594,349,807,3,4
1513038595,140,140,2,2
1513038596,296,560,4,8
1513038597,140,741,2,3
1513038598,208,244,2,2
1513038599,140,140,2,2
1513038600,140,140,2,2
1513038601,505,626,5,9
1513038602,140,140,2,2
1513038603,142,244,1,2
1513038604,74,140,1,2
1513038605,415,807,4,4
1513038606,362,560,5,8
1513038607,74,140,1,2
1513038608,142,244,1,2
1513038609,349,807,3,4
1513038610,74,140,1,2
1513038611,362,560,5,8
1513038612,74,140,1,2
1513038613,351,911,2,4
1513038614,140,140,2,2
1513038615,74,140,1,2
1513038616,296,560,4,8
1513038617,283,807,2,4
1513038618,142,244,1,2
1513038619,74,140,1,2
1513038620,140,140,2,2
1513038621,769,1227,9,10
1513038622,74,140,1,2
1513038623,142,244,1,2
1513038624,74,140,1,2
1513038625,349,807,3,4
1513038626,560,560,8,8
1513038627,74,140,1,2
1513038628,142,244,1,2
1513038629,283,807,2,4
1513038630,74,140,1,2
1513038631,296,560,4,8
1513038632,140,140,2,2
1513038633,351,911,2,4
1513038634,74,140,1,2
1513038635,74,140,1,2
1513038636,560,560,8,8
1513038637,349,807,3,4
1513038638,142,244,1,2
1513038639,74,214,1,3
1513038640,404,362,6,5
1513038641,579,1071,6,8
1513038642,0,0,0,0
1513038643,216,384,2,4
1513038644,140,140,2,2
1513038645,769,1227,9,10
1513038646,74,140,1,2
1513038647,142,244,1,2
1513038648,140,140,2,2
1513038649,283,807,2,4
1513038650,296,560,4,8
1513038651,74,140,1,2
1513038652,142,244,1,2
1513038653,349,807,3,4
1513038654,74,140,1,2
1513038655,296,560,4,8
1513038656,140,140,2,2
1513038657,208,845,2,3
1513038658,74,140,1,2
1513038660,74,140,1,2
1513038661,296,560,4,8
1513038662,140,140,2,2
1513038663,142,244,1,2
1513038664,74,140,1,2
1513038665,140,140,2,2
1513038666,637,626,7,9
1513038667,140,140,2,2
1513038668,142,244,1,2
1513038669,140,140,2,2
1513038670,415,807,4,4
1513038671,428,560,6,8
1513038672,74,140,1,2
1513038673,142,244,1,2
1513038674,206,741,3,3
1513038675,74,140,1,2
1513038676,296,560,4,8
1513038677,74,140,1,2
1513038678,142,244,1,2
1513038679,140,140,2,2
1513038680,74,140,1,2
1513038681,296,560,4,8
1513038682,74,140,1,2
1513038683,142,244,1,2
1513038684,140,140,2,2
1513038685,74,140,1,2
1513038686,296,560,4,8
1513038687,140,140,2,2
1513038688,142,244,1,2
1513038689,74,140,1,2
1513038690,283,206,2,3
1513038691,296,560,4,8
1513038692,140,140,2,2
1513038693,142,244,1,2
1513038694,349,807,3,4
1513038695,74,140,1,2
1513038696,296,560,4,8
1513038697,74,140,1,2
1513038698,351,911,2,4
1513038699,140,140,2,2
1513038700,74,140,1,2
1513038701,370,700,5,10
1513038702,66,601,1,1
1513038703,282,384,3,4
1513038704,74,140,1,2
1513038705,560,560,8,8
1513038706,74,140,1,2
1513038707,0,0,0,0
1513038708,282,384,3,4
1513038709,74,140,1,2
1513038710,769,428,9,6
1513038711,140,338,2,5
1513038712,142,244,1,2
1513038713,140,140,2,2
1513038714,349,807,3,4
1513038715,560,560,8,8
1513038716,140,140,2,2
1513038717,142,244,1,2
1513038718,283,807,2,4
1513038719,140,140,2,2
1513038720,560,560,8,8
1513038722,74,140,1,2
1513038723,208,845,2,3
1513038724,74,140,1,2
1513038725,140,140,2,2
1513038726,296,560,4,8
1513038727,140,140,2,2
1513038728,142,244,1,2
1513038729,74,140,1,2
1513038730,74,140,1,2
1513038731,505,626,5,9
1513038732,140,140,2,2
1513038733,142,244,1,2
1513038734,349,807,3,4
1513038735,140,140,2,2
1513038736,560,560,8,8
1513038737,140,140,2,2
1513038738,351,911,2,4
1513038739,74,140,1,2
1513038740,140,140,2,2
1513038741,560,560,8,8
1513038742,283,807,2,4
1513038743,142,244,1,2
1513038744,140,140,2,2
1513038745,74,140,1,2
1513038746,505,1227,5,10
1513038747,74,140,1,2
1513038748,142,244,1,2
1513038749,140,140,2,2
1513038750,283,807,2,4
1513038751,296,560,4,8
1513038752,74,140,1,2
1513038753,142,244,1,2
1513038754,349,807,3,4
1513038755,74,140,1,2
1513038756,296,560,4,8
1513038757,140,140,2,2
1513038758,208,845,2,3
1513038759,140,140,2,2
1513038760,74,140,1,2
1513038761,296,560,4,8
1513038762,140,140,2,2
1513038763,142,244,1,2
1513038764,74,140,1,2
1513038765,140,140,2,2
1513038766,428,560,6,8
1513038767,74,140,1,2
1513038768,142,244,1,2
1513038769,74,140,1,2
1513038770,140,140,2,2
1513038771,428,560,6,8
1513038772,74,140,1,2
1513038773,142,244,1,2
1513038774,74,140,1,2
1513038775,74,436,1,6
1513038776,370,404,5,6
1513038777,0,0,0,0
1513038778,216,384,2,4
1513038779,74,140,1,2
1513038780,560,560,8,8
1513038781,74,140,1,2
1513038782,0,0,0,0
1513038783,216,384,2,4
1513038784,74,140,1,2
1513038785,560,560,8,8
1513038786,74,140,1,2
1513038787,0,0,0,0
1513038788,282,384,3,4
1513038789,74,140,1,2
1513038790,296,560,4,8
1513038791,74,140,1,2
1513038792,0,0,0,0
1513038793,282,384,3,4
1513038794,74,140,1,2
1513038795,296,560,4,8
1513038796,283,206,2,3
1513038797,0,0,0,0
1513038798,216,384,2,4
1513038800,74,140,1,2
1513038801,571,1227,6,10
1513038802,74,140,1,2
1513038803,142,244,1,2
1513038804,74,140,1,2
1513038805,283,807,2,4
1513038806,296,560,4,8
1513038807,140,140,2,2
1513038808,142,244,1,2
1513038809,74,140,1,2
1513038810,140,140,2,2
1513038811,560,560,8,8
1513038812,140,140,2,2
1513038813,142,244,1,2
1513038814,74,140,1,2
1513038815,140,140,2,2
1513038816,560,560,8,8
1513038817,74,140,1,2
1513038818,142,244,1,2
1513038819,349,749,3,4
1513038820,74,140,1,2
1513038821,296,560,4,8
1513038822,140,140,2,2
1513038823,208,845,2,3
1513038824,140,140,2,2
1513038825,74,140,1,2
1513038826,296,560,4,8
1513038827,349,206,3,3
1513038828,142,244,1,2
1513038829,74,140,1,2
1513038830,74,140,1,2
1513038831,571,1227,6,10
1513038832,140,140,2,2
1513038833,142,244,1,2
1513038834,74,140,1,2
1513038835,283,807,2,4
1513038836,560,560,8,8
1513038837,74,140,1,2
1513038838,142,244,1,2
1513038839,283,807,2,4
1513038840,74,140,1,2
1513038841,560,560,8,8
1513038842,74,140,1,2
1513038843,351,911,2,4
1513038844,74,140,1,2
1513038845,74,140,1,2
1513038846,296,560,4,8
1513038847,140,741,2,3
1513038848,351,310,2,3
1513038849,74,140,1,2
1513038850,74,140,1,2
1513038851,296,560,4,8
1513038852,349,807,3,4
1513038853,142,244,1,2
1513038854,74,214,1,3
1513038855,370,626,5,9
1513038856,209,741,1,3
1513038857,74,66,1,1
1513038858,216,384,2,4
1513038859,74,140,1,2
1513038860,769,1227,9,10
1513038861,74,140,1,2
1513038862,0,0,0,0
1513038863,216,384,2,4
1513038864,206,741,3,3
1513038865,560,560,8,8
1513038866,74,140,1,2
1513038867,0,0,0,0
1513038868,491,450,4,5
1513038869,140,140,2,2
1513038870,560,560,8,8
1513038871,140,140,2,2
1513038872,275,667,2,2
1513038873,282,384,3,4
1513038874,140,140,2,2
1513038875,296,560,4,8
1513038876,349,807,3,4
1513038878,0,0,0,0
1513038879,216,384,2,4
1513038880,140,140,2,2
1513038881,571,1227,6,10
1513038882,74,140,1,2
1513038883,0,0,0,0
1513038884,216,384,2,4
1513038885,349,807,3,4
1513038886,560,560,8,8
1513038887,74,140,1,2
1513038888,142,244,1,2
1513038889,349,807,3,4
1513038890,74,140,1,2
1513038891,560,560,8,8
1513038892,140,140,2,2
1513038893,351,911,2,4
1513038894,140,140,2,2
1513038895,74,140,1,2
1513038896,296,560,4,8
1513038897,349,807,3,4
1513038898,142,244,1,2
1513038899,74,140,1,2
1513038900,140,140,2,2
1513038901,769,1227,9,10
1513038902,140,140,2,2
1513038903,142,244,1,2
1513038904,74,140,1,2
1513038905,206,741,3,3
1513038906,560,560,8,8
1513038907,74,140,1,2
1513038908,142,244,1,2
1513038909,349,206,3,3
1513038910,74,140,1,2
1513038911,296,560,4,8
1513038912,140,140,2,2
1513038913,417,911,3,4
1513038914,140,140,2,2
1513038915,74,140,1,2
1513038916,296,560,4,8
1513038917,349,807,3,4
1513038918,142,244,1,2
1513038919,74,140,1,2
1513038920,140,140,2,2
1513038921,505,1227,5,10
1513038922,74,140,1,2
1513038923,142,244,1,2
1513038924,74,140,1,2
1513038925,349,807,3,4
1513038926,296,560,4,8
1513038927,74,140,1,2
1513038928,142,244,1,2
1513038929,349,807,3,4
1513038930,74,140,1,2
1513038931,296,560,4,8
1513038932,140,140,2,2
1513038933,491,1051,4,6
1513038934,0,74,0,1
1513038935,370,626,5,9
1513038936,140,74,2,1
1513038937,209,733,1,3
1513038938,216,384,2,4
1513038939,74,140,1,2
1513038940,296,560,4,8
1513038941,349,807,3,4
1513038942,0,0,0,0
1513038943,216,384,2,4
1513038944,140,140,2,2
1513038945,626,1161,9,9
1513038946,74,140,1,2
1513038947,0,0,0,0
1513038948,282,384,3,4
1513038949,349,206,3,3
1513038950,560,560,8,8
1513038951,74,140,1,2
1513038952,0,0,0,0
1513038953,557,1051,5,6
1513038954,74,140,1,2
1513038955,296,560,4,8
1513038957,140,140,2,2
1513038958,209,667,1,2
1513038959,216,384,2,4
1513038960,74,140,1,2
1513038961,560,560,8,8
1513038962,283,807,2,4
1513038963,0,0,0,0
1513038964,216,384,2,4
1513038965,74,140,1,2
1513038966,769,1227,9,10
1513038967,74,140,1,2
1513038968,0,0,0,0
1513038969,282,384,3,4
1513038970,283,807,2,4
1513038971,296,560,4,8
1513038972,74,140,1,2
1513038973,0,0,0,0
1513038974,491,1051,4,6
1513038975,74,140,1,2
1513038976,296,560,4,8
1513038977,140,140,2,2
1513038978,351,911,2,4
1513038979,74,140,1,2
1513038980,74,140,1,2
1513038981,296,560,4,8
1513038982,140,140,2,2
1513038983,142,244,1,2
1513038984,74,140,1,2
1513038985,74,140,1,2
1513038986,296,560,4,8
1513038987,74,140,1,2
1513038988,142,244,1,2
1513038989,140,140,2,2
1513038990,74,140,1,2
1513038991,296,560,4,8
1513038992,283,749,2,4
1513038993,142,244,1,2
1513038994,140,140,2,2
1513038995,74,140,1,2
1513038996,505,1227,5,10
1513038997,140,140,2,2
1513038998,142,244,1,2
1513038999,74,140,1,2
1513039000,349,807,3,4
1513039001,560,560,8,8
1513039002,74,140,1,2
1513039003,142,244,1,2
1513039004,283,807,2,4
1513039005,140,140,2,2
1513039006,560,560,8,8
1513039007,74,140,1,2
1513039008,351,911,2,4
1513039009,140,140,2,2
1513039010,74,140,1,2
1513039011,560,634,8,9
1513039012,283,733,2,3
1513039013,282,384,3,4
1513039014,74,140,1,2
1513039015,296,560,4,8
1513039016,349,807,3,4
1513039017,0,0,0,0
1513039018,216,384,2,4
1513039019,140,140,2,2
1513039020,428,1161,6,9
1513039021,140,140,2,2
1513039022,0,0,0,0
1513039023,216,384,2,4
1513039024,140,140,2,2
1513039025,428,560,6,8
1513039026,74,140,1,2
1513039027,0,0,0,0
1513039028,425,450,3,5
1513039029,74,140,1,2
1513039031,296,560,4,8
1513039032,415,807,4,4
1513039033,0,0,0,0
1513039034,216,384,2,4
1513039035,140,140,2,2
1513039036,362,560,5,8
1513039037,140,140,2,2
1513039038,0,0,0,0
1513039039,216,384,2,4
1513039040,140,140,2,2
1513039041,560,560,8,8
1513039042,74,140,1,2
1513039043,0,0,0,0
1513039044,282,384,3,4
1513039045,74,140,1,2
1513039046,769,1169,9,10
1513039047,74,140,1,2
1513039048,0,0,0,0
1513039049,282,384,3,4
1513039050,283,807,2,4
1513039051,560,560,8,8
1513039052,140,140,2,2
1513039053,0,0,0,0
1513039054,491,1051,4,6
1513039055,74,140,1,2
1513039056,296,560,4,8
1513039057,140,140,2,2
1513039058,209,667,1,2
1513039059,216,384,2,4
1513039060,140,140,2,2
1513039061,560,560,8,8
1513039062,349,807,3,4
1513039063,142,244,1,2
1513039064,140,140,2,2
1513039065,140,140,2,2
1513039066,769,1227,9,10
1513039067,140,140,2,2
1513039068,142,244,1,2
1513039069,140,140,2,2
1513039070,283,807,2,4
1513039071,296,560,4,8
1513039072,140,140,2,2
1513039073,142,244,1,2
1513039074,140,741,2,3
1513039075,140,140,2,2
1513039076,560,560,8,8
1513039077,74,140,1,2
1513039078,142,244,1,2
1513039079,140,140,2,2
1513039080,140,140,2,2
1513039081,560,560,8,8
1513039082,283,206,2,3
1513039083,142,244,1,2
1513039084,140,140,2,2
1513039085,74,436,1,6
1513039086,571,1005,6,7
1513039087,140,66,2,1
1513039088,216,384,2,4
1513039089,140,140,2,2
1513039090,505,1227,5,10
1513039091,140,140,2,2
1513039092,0,0,0,0
1513039093,216,384,2,4
1513039094,349,807,3,4
1513039095,560,560,8,8
1513039096,74,140,1,2
1513039097,0,0,0,0
1513039098,425,1051,3,6
1513039099,74,140,1,2
1513039100,560,560,8,8
1513039101,74,140,1,2
1513039102,209,667,1,2
1513039103,216,384,2,4
1513039104,74,140,1,2
1513039105,296,560,4,8
1513039106,349,807,3,4
1513039107,0,0,0,0
1513039108,216,384,2,4
1513039109,74,140,1,2
1513039111,505,1227,5,10
1513039112,140,140,2,2
1513039113,0,0,0,0
1513039114,216,384,2,4
1513039115,349,807,3,4
1513039116,560,362,8,5
1513039117,74,338,1,5
1513039118,0,0,0,0
1513039119,425,1051,3,6
1513039120,140,140,2,2
1513039121,560,560,8,8
1513039122,74,140,1,2
1513039123,209,667,1,2
1513039124,216,384,2,4
1513039125,74,140,1,2
1513039126,560,560,8,8
1513039127,283,807,2,4
1513039128,0,0,0,0
1513039129,282,384,3,4
1513039130,74,140,1,2
1513039131,769,1227,9,10
1513039132,74,140,1,2
1513039133,0,0,0,0
1513039134,282,384,3,4
1513039135,283,807,2,4
1513039136,296,560,4,8
1513039137,74,140,1,2
1513039138,0,0,0,0
1513039139,425,1051,3,6
1513039140,140,140,2,2
1513039141,296,560,4,8
1513039142,74,140,1,2
1513039143,209,667,1,2
1513039144,216,384,2,4
1513039145,140,140,2,2
1513039146,296,560,4,8
1513039147,283,807,2,4
1513039148,142,244,1,2
1513039149,74,140,1,2
1513039150,74,140,1,2
1513039151,505,1227,5,10
1513039152,74,140,1,2
1513039153,142,244,1,2
1513039154,74,140,1,2
1513039155,349,807,3,4
1513039156,560,560,8,8
1513039157,74,140,1,2
1513039158,142,244,1,2
1513039159,283,807,2,4
1513039160,700,568,10,8
1513039161,0,206,0,3
1513039162,74,66,1,1
1513039163,425,1051,3,6
1513039164,74,140,1,2
1513039165,296,560,4,8
1513039166,140,140,2,2
1513039167,66,601,1,1
1513039168,216,384,2,4
1513039169,140,140,2,2
1513039170,296,560,4,8
1513039171,140,140,2,2
1513039172,0,0,0,0
1513039173,216,384,2,4
1513039174,140,140,2,2
1513039175,769,626,9,9
1513039176,74,140,1,2
1513039177,0,0,0,0
1513039178,216,384,2,4
1513039179,349,807,3,4
1513039181,560,560,8,8
1513039182,74,140,1,2
1513039183,0,0,0,0
1513039184,491,1051,4,6
1513039185,140,140,2,2
1513039186,296,560,4,8
1513039187,140,140,2,2
1513039188,209,667,1,2
1513039189,216,384,2,4
1513039190,140,140,2,2
1513039191,296,560,4,8
1513039192,283,807,2,4
1513039193,0,0,0,0
1513039194,282,384,3,4
1513039195,140,140,2,2
1513039196,505,1227,5,10
1513039197,74,140,1,2
1513039198,0,0,0,0
1513039199,282,384,3,4
1513039200,283,807,2,4
1513039201,296,560,4,8
1513039202,74,140,1,2
1513039203,0,0,0,0
1513039204,425,1051,3,6
1513039205,140,140,2,2
1513039206,296,560,4,8
1513039207,74,140,1,2
1513039208,0,0,0,0
1513039209,216,384,2,4
1513039210,140,140,2,2
1513039211,560,560,8,8
1513039212,74,140,1,2
1513039213,0,0,0,0
1513039214,216,384,2,4
1513039215,74,140,1,2
1513039216,560,560,8,8
1513039217,283,749,2,4
1513039218,0,0,0,0
1513039219,216,384,2,4
1513039220,74,140,1,2
1513039221,362,1161,5,9
1513039222,140,140,2,2
1513039223,142,244,1,2
1513039224,74,140,1,2
1513039225,349,206,3,3
1513039226,560,560,8,8
1513039227,140,140,2,2
1513039228,142,244,1,2
1513039229,349,807,3,4
1513039230,404,436,6,6
1513039231,370,404,5,6
1513039232,0,0,0,0
1513039233,216,384,2,4
1513039234,74,140,1,2
1513039235,296,560,4,8
1513039236,74,140,1,2
1513039237,0,0,0,0
1513039238,216,384,2,4
1513039239,74,140,1,2
1513039240,296,560,4,8
1513039241,140,140,2,2
1513039242,0,0,0,0
1513039243,425,993,3,6
1513039244,140,140,2,2
1513039245,560,560,8,8
1513039246,140,140,2,2
1513039247,209,667,1,2
1513039248,216,384,2,4
1513039249,140,140,2,2
1513039250,560,560,8,8
1513039251,283,807,2,4
1513039252,0,0,0,0
1513039254,282,384,3,4
1513039255,74,140,1,2
1513039256,505,1227,5,10
1513039257,140,140,2,2
1513039258,0,0,0,0
1513039259,282,384,3,4
1513039260,283,807,2,4
1513039261,560,560,8,8
1513039262,140,140,2,2
1513039263,0,0,0,0
1513039264,425,1051,3,6
1513039265,74,140,1,2
1513039266,560,560,8,8
1513039267,74,140,1,2
1513039268,209,667,1,2
1513039269,216,384,2,4
1513039270,74,140,1,2
1513039271,296,560,4,8
1513039272,349,807,3,4
1513039273,0,0,0,0
1513039274,216,384,2,4
1513039275,74,140,1,2
1513039276,769,1227,9,10
1513039277,140,140,2,2
1513039278,0,0,0,0
1513039279,216,384,2,4
1513039280,349,807,3,4
1513039281,560,560,8,8
1513039282,74,140,1,2
1513039283,0,0,0,0
1513039284,425,1051,3,6
1513039285,140,140,2,2
1513039286,296,560,4,8
1513039287,140,140,2,2
1513039288,209,667,1,2
1513039289,216,384,2,4
1513039290,140,140,2,2
1513039291,560,560,8,8
1513039292,349,807,3,4
1513039293,0,0,0,0
1513039294,216,384,2,4
1513039295,140,140,2,2
1513039296,769,1227,9,10
1513039297,74,140,1,2
1513039298,0,0,0,0
1513039299,216,384,2,4
1513039300,74,140,1,2
1513039301,296,560,4,8
1513039302,74,140,1,2
1513039303,142,318,1,3
1513039304,148,206,2,3
1513039305,296,560,4,8
1513039306,140,140,2,2
1513039307,0,0,0,0
1513039308,216,384,2,4
1513039309,74,140,1,2
1513039310,505,1169,5,10
1513039311,140,140,2,2
1513039312,0,0,0,0
1513039313,216,384,2,4
1513039314,283,807,2,4
1513039315,296,560,4,8
1513039316,140,140,2,2
1513039317,0,0,0,0
1513039318,425,1051,3,6
1513039319,74,140,1,2
1513039320,560,428,8,6
1513039321,74,272,1,4
1513039322,209,667,1,2
1513039323,282,384,3,4
1513039325,74,140,1,2
1513039326,560,560,8,8
1513039327,283,807,2,4
1513039328,0,0,0,0
1513039329,282,384,3,4
1513039330,74,140,1,2
1513039331,505,1227,5,10
1513039332,74,140,1,2
1513039333,0,0,0,0
1513039334,216,384,2,4
1513039335,283,807,2,4
1513039336,296,560,4,8
1513039337,140,140,2,2
1513039338,0,0,0,0

