1513067032    Linux 3.16.0-4-amd64 (worker1) 	12/12/17 	_x86_64_	(1 CPU) 
1513067033     
1513067033    02:23:52     CPU    %usr   %nice    %sys %iowait    %irq   %soft  %steal  %guest  %gnice   %idle 
1513067033    02:23:53     all    1.02    0.00    3.06    0.00    0.00    0.00    0.00    0.00    0.00   95.92 
1513067034    02:23:54     all    2.00    0.00    1.00    0.00    0.00    0.00    0.00    0.00    0.00   97.00 
1513067035    02:23:55     all    1.00    0.00    2.00    0.00    0.00    0.00    0.00    0.00    0.00   97.00 
1513067036    02:23:56     all    0.00    0.00    1.02    0.00    0.00    0.00    0.00    0.00    0.00   98.98 
1513067037    02:23:57     all    1.01    0.00    3.03    2.02    0.00    0.00    0.00    0.00    0.00   93.94 
1513067038    02:23:58     all    7.14    0.00    7.14    1.02    0.00    0.00    0.00    0.00    0.00   84.69 
1513067039    02:23:59     all    1.00    0.00    2.00    0.00    0.00    0.00    0.00    0.00    0.00   97.00 
1513067040    02:24:00     all    5.10    0.00    7.14    0.00    0.00    0.00    0.00    0.00    0.00   87.76 
1513067041    02:24:01     all    1.01    0.00    1.01    0.00    0.00    0.00    0.00    0.00    0.00   97.98 
1513067042    02:24:02     all    4.08    0.00    6.12    0.00    0.00    0.00    0.00    0.00    0.00   89.80 
1513067043    02:24:03     all    0.00    0.00    4.08    0.00    0.00    0.00    0.00    0.00    0.00   95.92 
1513067044    02:24:04     all    2.02    0.00    3.03    0.00    0.00    0.00    0.00    0.00    0.00   94.95 
1513067045    02:24:05     all    1.02    0.00    1.02    0.00    0.00    0.00    0.00    0.00    0.00   97.96 
1513067046    02:24:06     all    0.00    0.00    3.03    0.00    0.00    0.00    0.00    0.00    0.00   96.97 
1513067047    02:24:07     all    1.01    0.00    2.02    0.00    0.00    0.00    0.00    0.00    0.00   96.97 
1513067048    02:24:08     all    0.00    0.00    3.03    0.00    0.00    1.01    0.00    0.00    0.00   95.96 
1513067049    02:24:09     all    1.01    0.00    1.01    0.00    0.00    0.00    0.00    0.00    0.00   97.98 
1513067050    02:24:10     all    1.02    0.00    1.02    0.00    0.00    0.00    0.00    0.00    0.00   97.96 
1513067051    02:24:11     all    0.00    0.00    1.03    0.00    0.00    0.00    0.00    0.00    0.00   98.97 
1513067052    02:24:12     all    4.04    0.00    3.03    0.00    0.00    0.00    0.00    0.00    0.00   92.93 
1513067053    02:24:13     all    0.00    0.00    2.02    1.01    0.00    0.00    0.00    0.00    0.00   96.97 
1513067054    02:24:14     all    3.03    0.00    6.06    0.00    0.00    0.00    0.00    0.00    0.00   90.91 
1513067055    02:24:15     all    1.01    0.00    1.01    0.00    0.00    0.00    0.00    0.00    0.00   97.98 
1513067056    02:24:16     all    2.04    0.00    6.12    1.02    0.00    0.00    0.00    0.00    0.00   90.82 
1513067057    02:24:17     all    1.02    0.00    1.02    0.00    0.00    0.00    0.00    0.00    0.00   97.96 
1513067058    02:24:18     all    1.01    0.00    1.01    1.01    0.00    0.00    0.00    0.00    0.00   96.97 
1513067059    02:24:19     all    2.02    0.00    8.08    0.00    0.00    0.00    0.00    0.00    0.00   89.90 
1513067060    02:24:20     all    0.00    0.00    1.02    0.00    0.00    0.00    0.00    0.00    0.00   98.98 
1513067061    02:24:21     all    5.05    0.00    6.06    0.00    0.00    0.00    0.00    0.00    0.00   88.89 
1513067062    02:24:22     all    1.01    0.00    1.01    0.00    0.00    0.00    0.00    0.00    0.00   97.98 
1513067063    02:24:23     all    5.10    0.00    5.10    1.02    0.00    0.00    0.00    0.00    0.00   88.78 
1513067064    02:24:24     all    1.01    0.00    1.01    0.00    0.00    0.00    0.00    0.00    0.00   97.98 
1513067065    02:24:25     all    2.06    0.00    3.09    0.00    0.00    0.00    0.00    0.00    0.00   94.85 
1513067066    02:24:26     all    1.00    0.00    2.00    0.00    0.00    0.00    0.00    0.00    0.00   97.00 
1513067067    02:24:27     all    5.15    0.00    3.09    0.00    0.00    0.00    0.00    0.00    0.00   91.75 
1513067068    02:24:28     all    1.00    0.00    3.00    0.00    0.00    0.00    0.00    0.00    0.00   96.00 
1513067069    02:24:29     all    5.10    0.00    7.14    1.02    0.00    0.00    0.00    0.00    0.00   86.73 
1513067070    02:24:30     all    0.00    0.00    2.04    0.00    0.00    0.00    0.00    0.00    0.00   97.96 
1513067071    02:24:31     all    6.12    0.00    4.08    0.00    0.00    0.00    0.00    0.00    0.00   89.80 
1513067072    02:24:32     all    4.04    0.00    2.02    0.00    0.00    0.00    0.00    0.00    0.00   93.94 
1513067073    02:24:33     all    1.02    0.00    2.04    0.00    0.00    0.00    0.00    0.00    0.00   96.94 
1513067074    02:24:34     all   19.57    0.00   31.52    0.00    0.00    1.09    0.00    0.00    0.00   47.83 
1513067075    02:24:35     all    1.02    0.00    1.02    0.00    0.00    0.00    0.00    0.00    0.00   97.96 
1513067076    02:24:36     all    4.00    0.00    8.00    0.00    0.00    0.00    0.00    0.00    0.00   88.00 
1513067077    02:24:37     all    5.15    0.00    6.19    0.00    0.00    0.00    0.00    0.00    0.00   88.66 
1513067078    02:24:38     all    0.00    0.00    3.00    0.00    0.00    0.00    0.00    0.00    0.00   97.00 
1513067079    02:24:39     all    7.14    0.00    7.14    0.00    0.00    0.00    0.00    0.00    0.00   85.71 
1513067080    02:24:40     all    0.00    0.00    2.06    0.00    0.00    0.00    0.00    0.00    0.00   97.94 
1513067081    02:24:41     all   12.12    0.00   23.23    0.00    0.00    0.00    0.00    0.00    0.00   64.65 
1513067082    02:24:42     all    1.03    0.00    2.06    0.00    0.00    0.00    0.00    0.00    0.00   96.91 
1513067083    02:24:43     all    7.14    0.00    5.10    0.00    0.00    0.00    0.00    0.00    0.00   87.76 
1513067084    02:24:44     all    0.00    0.00    2.04    0.00    0.00    0.00    0.00    0.00    0.00   97.96 
1513067085    02:24:45     all    1.01    0.00    1.01    0.00    0.00    0.00    0.00    0.00    0.00   97.98 
1513067086    02:24:46     all    1.02    0.00    2.04    0.00    0.00    0.00    0.00    0.00    0.00   96.94 
1513067087    02:24:47     all    1.01    0.00    1.01    0.00    0.00    0.00    0.00    0.00    0.00   97.98 
1513067088    02:24:48     all    0.00    0.00    2.04    0.00    0.00    0.00    0.00    0.00    0.00   97.96 
1513067089    02:24:49     all    1.01    0.00    1.01    1.01    0.00    0.00    0.00    0.00    0.00   96.97 
1513067090    02:24:50     all    1.01    0.00    2.02    0.00    0.00    0.00    0.00    0.00    0.00   96.97 
1513067091    02:24:51     all    1.02    0.00    0.00    0.00    0.00    0.00    0.00    0.00    0.00   98.98 
1513067092    02:24:52     all    1.01    0.00    3.03    0.00    0.00    0.00    0.00    0.00    0.00   95.96 
1513067093    02:24:53     all    1.01    0.00    1.01    0.00    0.00    0.00    0.00    0.00    0.00   97.98 
1513067094    02:24:54     all    0.00    0.00    4.00    1.00    0.00    0.00    0.00    0.00    0.00   95.00 
1513067095    02:24:55     all    0.00    0.00    1.02    0.00    0.00    0.00    0.00    0.00    0.00   98.98 
1513067096    02:24:56     all    1.02    0.00    1.02    0.00    0.00    0.00    0.00    0.00    0.00   97.96 
1513067097    02:24:57     all    0.00    0.00    2.04    0.00    0.00    0.00    0.00    0.00    0.00   97.96 
1513067098    02:24:58     all    1.01    0.00    1.01    0.00    0.00    0.00    0.00    0.00    0.00   97.98 
1513067099    02:24:59     all    1.01    0.00    1.01    1.01    0.00    0.00    0.00    0.00    0.00   96.97 
1513067100    02:25:00     all    0.00    0.00    3.00    0.00    0.00    0.00    0.00    0.00    0.00   97.00 
1513067101    02:25:01     all    2.04    0.00    0.00    0.00    0.00    0.00    0.00    0.00    0.00   97.96 
1513067102    02:25:02     all    1.01    0.00    2.02    1.01    0.00    0.00    0.00    0.00    0.00   95.96 
1513067103    02:25:03     all    1.98    0.00    1.98    0.00    0.00    0.00    0.00    0.00    0.00   96.04 
1513067104    02:25:04     all    0.00    0.00    1.02    1.02    0.00    0.00    0.00    0.00    0.00   97.96 
1513067105    02:25:05     all    2.02    0.00    1.01    0.00    0.00    0.00    0.00    0.00    0.00   96.97 
1513067106    02:25:06     all    0.00    0.00    1.01    0.00    0.00    0.00    0.00    0.00    0.00   98.99 
1513067107    02:25:07     all    2.02    0.00    1.01    1.01    0.00    0.00    0.00    0.00    0.00   95.96 
1513067108    02:25:08     all    0.00    0.00    2.02    0.00    0.00    0.00    0.00    0.00    0.00   97.98 
1513067109    02:25:09     all    1.01    0.00    1.01    0.00    0.00    0.00    0.00    0.00    0.00   97.98 
1513067110    02:25:10     all    1.00    0.00    2.00    1.00    0.00    1.00    0.00    0.00    0.00   95.00 
1513067111    02:25:11     all    1.01    0.00    1.01    0.00    0.00    0.00    0.00    0.00    0.00   97.98 
1513067112    02:25:12     all    1.00    0.00    3.00    0.00    0.00    0.00    0.00    0.00    0.00   96.00 
1513067113    02:25:13     all    0.00    0.00    2.02    0.00    0.00    0.00    0.00    0.00    0.00   97.98 
1513067114    02:25:14     all    1.01    0.00    1.01    0.00    0.00    0.00    0.00    0.00    0.00   97.98 
1513067115    02:25:15     all    1.00    0.00    2.00    0.00    0.00    0.00    0.00    0.00    0.00   97.00 
1513067116    02:25:16     all    0.00    0.00    1.02    0.00    0.00    0.00    0.00    0.00    0.00   98.98 
1513067117    02:25:17     all    1.00    0.00    2.00    0.00    0.00    0.00    0.00    0.00    0.00   97.00 
1513067118    02:25:18     all    1.02    0.00    1.02    0.00    0.00    0.00    0.00    0.00    0.00   97.96 
1513067119    02:25:19     all    1.01    0.00    1.01    0.00    0.00    0.00    0.00    0.00    0.00   97.98 
1513067120    02:25:20     all    1.00    0.00    2.00    0.00    0.00    0.00    0.00    0.00    0.00   97.00 
1513067121    02:25:21     all    0.00    0.00    1.02    0.00    0.00    0.00    0.00    0.00    0.00   98.98 
1513067122    02:25:22     all    1.00    0.00    2.00    0.00    0.00    0.00    0.00    0.00    0.00   97.00 
1513067123    02:25:23     all    2.02    0.00    1.01    0.00    0.00    0.00    0.00    0.00    0.00   96.97 
1513067124    02:25:24     all    1.00    0.00    2.00    0.00    0.00    0.00    0.00    0.00    0.00   97.00 
1513067125    02:25:25     all    1.02    0.00    1.02    1.02    0.00    0.00    0.00    0.00    0.00   96.94 
1513067126    02:25:26     all    1.00    0.00    2.00    0.00    0.00    0.00    0.00    0.00    0.00   97.00 
1513067127    02:25:27     all    0.00    0.00    1.02    0.00    0.00    0.00    0.00    0.00    0.00   98.98 
1513067128    02:25:28     all    0.00    0.00    1.01    0.00    0.00    0.00    0.00    0.00    0.00   98.99 
1513067129    02:25:29     all    2.02    0.00    1.01    0.00    0.00    0.00    0.00    0.00    0.00   96.97 
1513067130    02:25:30     all    1.01    0.00    0.00    0.00    0.00    0.00    0.00    0.00    0.00   98.99 
1513067131    02:25:31     all    0.00    0.00    2.04    0.00    0.00    0.00    0.00    0.00    0.00   97.96 
1513067132    02:25:32     all    1.01    0.00    2.02    0.00    0.00    0.00    0.00    0.00    0.00   96.97 
1513067133    02:25:33     all    1.01    0.00    1.01    0.00    0.00    0.00    0.00    0.00    0.00   97.98 
1513067134    02:25:34     all    0.99    0.00    2.97    0.00    0.00    0.00    0.00    0.00    0.00   96.04 
1513067135    02:25:35     all    0.00    0.00    1.03    0.00    0.00    0.00    0.00    0.00    0.00   98.97 
1513067136    02:25:36     all    1.00    0.00    1.00    0.00    0.00    0.00    0.00    0.00    0.00   98.00 
1513067137    02:25:37     all    1.02    0.00    1.02    0.00    0.00    0.00    0.00    0.00    0.00   97.96 
1513067138    02:25:38     all    1.00    0.00    2.00    0.00    0.00    0.00    0.00    0.00    0.00   97.00 
1513067139    02:25:39     all    1.02    0.00    1.02    0.00    0.00    0.00    0.00    0.00    0.00   97.96 
1513067140    02:25:40     all    1.01    0.00    1.01    0.00    0.00    0.00    0.00    0.00    0.00   97.98 
1513067141    02:25:41     all    1.01    0.00    1.01    1.01    0.00    0.00    0.00    0.00    0.00   96.97 
1513067142    02:25:42     all    1.01    0.00    2.02    0.00    0.00    0.00    0.00    0.00    0.00   96.97 
1513067143    02:25:43     all    0.00    0.00    2.02    0.00    0.00    0.00    0.00    0.00    0.00   97.98 
1513067144    02:25:44     all    1.00    0.00    2.00    0.00    0.00    0.00    0.00    0.00    0.00   97.00 
1513067145    02:25:45     all    0.00    0.00    2.04    0.00    0.00    0.00    0.00    0.00    0.00   97.96 
1513067146    02:25:46     all    1.01    0.00    1.01    1.01    0.00    0.00    0.00    0.00    0.00   96.97 
1513067147    02:25:47     all    2.00    0.00    1.00    0.00    0.00    0.00    0.00    0.00    0.00   97.00 
1513067148    02:25:48     all    0.00    0.00    3.03    0.00    0.00    0.00    0.00    0.00    0.00   96.97 
1513067149    02:25:49     all    0.00    0.00    1.02    0.00    0.00    0.00    0.00    0.00    0.00   98.98 
1513067150    02:25:50     all    1.00    0.00    2.00    0.00    0.00    0.00    0.00    0.00    0.00   97.00 
1513067151    02:25:51     all    1.00    0.00    2.00    0.00    0.00    0.00    0.00    0.00    0.00   97.00 
1513067152    02:25:52     all    0.00    0.00    1.03    0.00    0.00    0.00    0.00    0.00    0.00   98.97 
1513067153    02:25:53     all    1.01    0.00    1.01    0.00    0.00    0.00    0.00    0.00    0.00   97.98 
1513067154    02:25:54     all    0.00    0.00    2.02    0.00    0.00    0.00    0.00    0.00    0.00   97.98 
1513067155    02:25:55     all    1.00    0.00    2.00    0.00    0.00    0.00    0.00    0.00    0.00   97.00 
1513067156    02:25:56     all    1.01    0.00    1.01    0.00    0.00    0.00    0.00    0.00    0.00   97.98 
1513067157    02:25:57     all    0.00    0.00    2.04    1.02    0.00    0.00    0.00    0.00    0.00   96.94 
1513067158    02:25:58     all    1.01    0.00    1.01    0.00    0.00    0.00    0.00    0.00    0.00   97.98 
1513067159    02:25:59     all    1.01    0.00    1.01    0.00    0.00    0.00    0.00    0.00    0.00   97.98 
1513067160    02:26:00     all    1.02    0.00    1.02    0.00    0.00    0.00    0.00    0.00    0.00   97.96 
1513067161    02:26:01     all    1.01    0.00    2.02    0.00    0.00    0.00    0.00    0.00    0.00   96.97 
1513067162    02:26:02     all    2.04    0.00    2.04    0.00    0.00    0.00    0.00    0.00    0.00   95.92 
1513067163    02:26:03     all    0.00    0.00    2.06    0.00    0.00    0.00    0.00    0.00    0.00   97.94 
1513067164    02:26:04     all    2.02    0.00    4.04    0.00    0.00    1.01    0.00    0.00    0.00   92.93 
1513067165    02:26:05     all    2.06    0.00    0.00    0.00    0.00    0.00    0.00    0.00    0.00   97.94 
1513067166    02:26:06     all    0.00    0.00    2.02    0.00    0.00    0.00    0.00    0.00    0.00   97.98 
1513067167    02:26:07     all    1.96    0.00    1.96    1.96    0.00    0.00    0.00    0.00    0.00   94.12 
1513067168    02:26:08     all    0.00    0.00    1.02    0.00    0.00    0.00    0.00    0.00    0.00   98.98 
1513067169    02:26:09     all    1.00    0.00    2.00    0.00    0.00    0.00    0.00    0.00    0.00   97.00 
1513067170    02:26:10     all    0.00    0.00    1.03    0.00    0.00    0.00    0.00    0.00    0.00   98.97 
1513067171    02:26:11     all    1.00    0.00    2.00    0.00    0.00    0.00    0.00    0.00    0.00   97.00 
1513067172    02:26:12     all    1.04    0.00    0.00    0.00    0.00    0.00    0.00    0.00    0.00   98.96 
1513067173    02:26:13     all    1.01    0.00    2.02    0.00    0.00    0.00    0.00    0.00    0.00   96.97 
1513067174    02:26:14     all    1.03    0.00    0.00    0.00    0.00    0.00    0.00    0.00    0.00   98.97 
1513067175    02:26:15     all    1.00    0.00    2.00    0.00    0.00    0.00    0.00    0.00    0.00   97.00 
1513067176    02:26:16     all    1.00    0.00    2.00    1.00    0.00    0.00    0.00    0.00    0.00   96.00 
1513067177    02:26:17     all    0.00    0.00    2.04    1.02    0.00    0.00    0.00    0.00    0.00   96.94 
1513067178    02:26:18     all    0.99    0.00    1.98    0.00    0.00    0.00    0.00    0.00    0.00   97.03 
1513067179    02:26:19     all    0.00    0.00    2.04    0.00    0.00    0.00    0.00    0.00    0.00   97.96 
1513067180    02:26:20     all    1.01    0.00    2.02    0.00    0.00    0.00    0.00    0.00    0.00   96.97 
1513067181    02:26:21     all    0.00    0.00    2.02    0.00    0.00    0.00    0.00    0.00    0.00   97.98 
1513067182    02:26:22     all    1.01    0.00    1.01    0.00    0.00    0.00    0.00    0.00    0.00   97.98 
1513067183    02:26:23     all    1.01    0.00    2.02    0.00    0.00    0.00    0.00    0.00    0.00   96.97 
1513067184    02:26:24     all    0.00    0.00    2.02    0.00    0.00    0.00    0.00    0.00    0.00   97.98 
1513067185    02:26:25     all    1.01    0.00    1.01    0.00    0.00    0.00    0.00    0.00    0.00   97.98 
1513067186    02:26:26     all    1.00    0.00    2.00    0.00    0.00    0.00    0.00    0.00    0.00   97.00 
1513067187    02:26:27     all    1.02    0.00    1.02    1.02    0.00    0.00    0.00    0.00    0.00   96.94 
1513067188    02:26:28     all    1.00    0.00    1.00    0.00    0.00    0.00    0.00    0.00    0.00   98.00 
1513067189    02:26:29     all    1.02    0.00    1.02    0.00    0.00    0.00    0.00    0.00    0.00   97.96 
1513067190    02:26:30     all    0.00    0.00    2.02    0.00    0.00    0.00    0.00    0.00    0.00   97.98 
1513067191    02:26:31     all    0.00    0.00    1.02    0.00    0.00    0.00    0.00    0.00    0.00   98.98 
1513067192    02:26:32     all    1.01    0.00    2.02    0.00    0.00    0.00    0.00    0.00    0.00   96.97 
1513067193    02:26:33     all    1.00    0.00    2.00    0.00    0.00    0.00    0.00    0.00    0.00   97.00 
1513067194    02:26:34     all    1.00    0.00    2.00    0.00    0.00    0.00    0.00    0.00    0.00   97.00 
1513067195    02:26:35     all    0.00    0.00    2.04    0.00    0.00    0.00    0.00    0.00    0.00   97.96 
1513067196    02:26:36     all    1.01    0.00    1.01    0.00    0.00    0.00    0.00    0.00    0.00   97.98 
1513067197    02:26:37     all    0.00    0.00    1.02    0.00    0.00    0.00    0.00    0.00    0.00   98.98 
1513067198    02:26:38     all    1.01    0.00    1.01    0.00    0.00    0.00    0.00    0.00    0.00   97.98 
1513067199    02:26:39     all    2.00    0.00    1.00    0.00    0.00    0.00    0.00    0.00    0.00   97.00 
1513067200    02:26:40     all    1.02    0.00    0.00    0.00    0.00    0.00    0.00    0.00    0.00   98.98 
1513067201    02:26:41     all    0.99    0.00    2.97    0.00    0.00    0.00    0.00    0.00    0.00   96.04 
1513067202    02:26:42     all    0.00    0.00    1.03    0.00    0.00    0.00    0.00    0.00    0.00   98.97 
1513067203    02:26:43     all    1.98    0.00    1.98    0.99    0.00    0.00    0.00    0.00    0.00   95.05 
1513067204    02:26:44     all    0.00    0.00    2.04    0.00    0.00    0.00    0.00    0.00    0.00   97.96 
1513067205    02:26:45     all    1.00    0.00    4.00    0.00    0.00    0.00    0.00    0.00    0.00   95.00 
1513067206    02:26:46     all    0.00    0.00    2.02    0.00    0.00    0.00    0.00    0.00    0.00   97.98 
1513067207    02:26:47     all    1.00    0.00    2.00    0.00    0.00    1.00    0.00    0.00    0.00   96.00 
1513067208    02:26:48     all    1.03    0.00    0.00    0.00    0.00    0.00    0.00    0.00    0.00   98.97 
1513067209    02:26:49     all    0.00    0.00    3.03    0.00    0.00    0.00    0.00    0.00    0.00   96.97 
1513067210    02:26:50     all    1.01    0.00    1.01    0.00    0.00    0.00    0.00    0.00    0.00   97.98 
1513067211    02:26:51     all    1.00    0.00    2.00    0.00    0.00    0.00    0.00    0.00    0.00   97.00 
1513067212    02:26:52     all    2.02    0.00    1.01    0.00    0.00    0.00    0.00    0.00    0.00   96.97 
1513067213    02:26:53     all    0.00    0.00    1.01    2.02    0.00    0.00    0.00    0.00    0.00   96.97 
1513067214    02:26:54     all    1.98    0.00    1.98    0.00    0.00    0.00    0.00    0.00    0.00   96.04 
1513067215    02:26:55     all    0.00    0.00    1.03    0.00    0.00    0.00    0.00    0.00    0.00   98.97 
1513067216    02:26:56     all    1.98    0.00    1.98    0.00    0.00    0.00    0.00    0.00    0.00   96.04 
1513067217    02:26:57     all    1.01    0.00    1.01    0.00    0.00    0.00    0.00    0.00    0.00   97.98 
1513067218    02:26:58     all    1.01    0.00    2.02    0.00    0.00    0.00    0.00    0.00    0.00   96.97 
1513067219    02:26:59     all    1.01    0.00    2.02    0.00    0.00    0.00    0.00    0.00    0.00   96.97 
1513067220    02:27:00     all    0.00    0.00    1.02    0.00    0.00    0.00    0.00    0.00    0.00   98.98 
1513067221    02:27:01     all    1.01    0.00    2.02    0.00    0.00    0.00    0.00    0.00    0.00   96.97 
1513067222    02:27:02     all    0.00    0.00    1.02    0.00    0.00    0.00    0.00    0.00    0.00   98.98 
1513067223    02:27:03     all    1.00    0.00    2.00    0.00    0.00    0.00    0.00    0.00    0.00   97.00 
1513067224    02:27:04     all    1.03    0.00    0.00    0.00    0.00    0.00    0.00    0.00    0.00   98.97 
1513067225    02:27:05     all    0.00    0.00    2.00    0.00    0.00    0.00    0.00    0.00    0.00   98.00 
1513067226    02:27:06     all    0.00    0.00    1.03    0.00    0.00    0.00    0.00    0.00    0.00   98.97 
1513067227    02:27:07     all    2.00    0.00    2.00    0.00    0.00    0.00    0.00    0.00    0.00   96.00 
1513067228    02:27:08     all    0.00    0.00    1.02    0.00    0.00    0.00    0.00    0.00    0.00   98.98 
1513067229    02:27:09     all    0.00    0.00    2.02    0.00    0.00    0.00    0.00    0.00    0.00   97.98 
1513067230    02:27:10     all    1.00    0.00    2.00    0.00    0.00    0.00    0.00    0.00    0.00   97.00 
1513067231    02:27:11     all    1.00    0.00    2.00    0.00    0.00    0.00    0.00    0.00    0.00   97.00 
1513067232    02:27:12     all    1.03    0.00    2.06    0.00    0.00    0.00    0.00    0.00    0.00   96.91 
1513067233    02:27:13     all    0.99    0.00    1.98    0.00    0.00    0.00    0.00    0.00    0.00   97.03 
1513067234    02:27:14     all    0.00    0.00    2.00    2.00    0.00    0.00    0.00    0.00    0.00   96.00 
1513067235    02:27:15     all    2.02    0.00    1.01    0.00    0.00    0.00    0.00    0.00    0.00   96.97 
1513067236    02:27:16     all    0.00    0.00    1.03    0.00    0.00    0.00    0.00    0.00    0.00   98.97 
1513067237    02:27:17     all    1.01    0.00    1.01    0.00    0.00    0.00    0.00    0.00    0.00   97.98 
1513067238    02:27:18     all    0.00    0.00    3.00    0.00    0.00    0.00    0.00    0.00    0.00   97.00 
1513067239    02:27:19     all    1.02    0.00    1.02    0.00    0.00    0.00    0.00    0.00    0.00   97.96 
1513067240    02:27:20     all    1.01    0.00    1.01    0.00    0.00    0.00    0.00    0.00    0.00   97.98 
1513067241    02:27:21     all    1.00    0.00    2.00    0.00    0.00    0.00    0.00    0.00    0.00   97.00 
1513067242    02:27:22     all    0.00    0.00    2.04    0.00    0.00    0.00    0.00    0.00    0.00   97.96 
1513067243    02:27:23     all    1.01    0.00    2.02    0.00    0.00    0.00    0.00    0.00    0.00   96.97 
1513067244    02:27:24     all    1.02    0.00    0.00    2.04    0.00    0.00    0.00    0.00    0.00   96.94 
1513067245    02:27:25     all    1.98    0.00    1.98    0.00    0.00    0.00    0.00    0.00    0.00   96.04 
1513067246    02:27:26     all    0.00    0.00    1.02    0.00    0.00    0.00    0.00    0.00    0.00   98.98 
1513067247    02:27:27     all    2.02    0.00    1.01    0.00    0.00    0.00    0.00    0.00    0.00   96.97 
1513067248    02:27:28     all    0.00    0.00    2.02    0.00    0.00    0.00    0.00    0.00    0.00   97.98 
1513067249    02:27:29     all    0.00    0.00    2.02    0.00    0.00    0.00    0.00    0.00    0.00   97.98 
1513067250    02:27:30     all    1.03    0.00    0.00    0.00    0.00    0.00    0.00    0.00    0.00   98.97 
1513067251    02:27:31     all    1.01    0.00    1.01    0.00    0.00    0.00    0.00    0.00    0.00   97.98 
1513067252    02:27:32     all    2.02    0.00    1.01    0.00    0.00    0.00    0.00    0.00    0.00   96.97 
1513067253    02:27:33     all    1.00    0.00    2.00    0.00    0.00    0.00    0.00    0.00    0.00   97.00 
1513067254    02:27:34     all    1.00    0.00    2.00    0.00    0.00    0.00    0.00    0.00    0.00   97.00 
1513067255    02:27:35     all    0.00    0.00    2.06    0.00    0.00    0.00    0.00    0.00    0.00   97.94 
1513067256    02:27:36     all    0.00    0.00    2.02    0.00    0.00    0.00    0.00    0.00    0.00   97.98 
1513067257    02:27:37     all    2.02    0.00    1.01    0.00    0.00    0.00    0.00    0.00    0.00   96.97 
1513067258    02:27:38     all    2.00    0.00    1.00    0.00    0.00    0.00    0.00    0.00    0.00   97.00 
1513067259    02:27:39     all    0.00    0.00    2.02    0.00    0.00    0.00    0.00    0.00    0.00   97.98 
1513067260    02:27:40     all    1.03    0.00    0.00    1.03    0.00    0.00    0.00    0.00    0.00   97.94 
1513067261    02:27:41     all    0.00    0.00    3.00    0.00    0.00    0.00    0.00    0.00    0.00   97.00 
1513067262    02:27:42     all    0.00    0.00    2.04    0.00    0.00    0.00    0.00    0.00    0.00   97.96 
1513067263    02:27:43     all    1.00    0.00    1.00    0.00    0.00    0.00    0.00    0.00    0.00   98.00 
1513067264    02:27:44     all    0.00    0.00    2.04    0.00    0.00    0.00    0.00    0.00    0.00   97.96 
1513067265    02:27:45     all    0.00    0.00    2.02    0.00    0.00    1.01    0.00    0.00    0.00   96.97 
1513067266    02:27:46     all    0.00    0.00    2.02    0.00    0.00    0.00    0.00    0.00    0.00   97.98 
1513067267    02:27:47     all    0.00    0.00    3.00    0.00    0.00    0.00    0.00    0.00    0.00   97.00 
1513067268    02:27:48     all   16.67    0.00   15.62    1.04    0.00    2.08    0.00    0.00    0.00   64.58 
1513067269    02:27:49     all   16.84    0.00   15.79    0.00    0.00    3.16    0.00    0.00    0.00   64.21 
1513067270    02:27:50     all   15.96    0.00   14.89    1.06    0.00    2.13    0.00    0.00    0.00   65.96 
1513067271    02:27:51     all   10.75    0.00   18.28    0.00    0.00    2.15    0.00    0.00    0.00   68.82 
1513067272    02:27:52     all   12.50    0.00   14.58    0.00    0.00    2.08    0.00    0.00    0.00   70.83 
1513067273    02:27:53     all   11.46    0.00   19.79    0.00    0.00    2.08    0.00    0.00    0.00   66.67 
1513067274    02:27:54     all   11.58    0.00   21.05    0.00    0.00    2.11    0.00    0.00    0.00   65.26 
1513067275    02:27:55     all   15.46    0.00   15.46    0.00    0.00    2.06    0.00    0.00    0.00   67.01 
1513067276    02:27:56     all   18.00    0.00   20.00    1.00    0.00    2.00    0.00    0.00    0.00   59.00 
1513067277    02:27:57     all   15.31    0.00   20.41    0.00    0.00    1.02    0.00    0.00    0.00   63.27 
1513067278    02:27:58     all   12.63    0.00   21.05    0.00    0.00    3.16    0.00    0.00    0.00   63.16 
1513067279    02:27:59     all   15.79    0.00   16.84    1.05    0.00    1.05    0.00    0.00    0.00   65.26 
