1513067033,66,0,1,0
1513067034,142,244,1,2
1513067035,0,0,0,0
1513067036,560,560,8,8
1513067037,0,0,0,0
1513067038,0,0,0,0
1513067039,142,244,1,2
1513067040,0,0,0,0
1513067041,296,560,4,8
1513067043,0,0,0,0
1513067044,0,0,0,0
1513067045,3442,2748,20,21
1513067046,578,650,7,9
1513067047,3522,2792,22,23
1513067048,578,650,7,9
1513067049,3300,2372,19,17
1513067050,720,894,8,11
1513067051,3440,2512,21,19
1513067052,644,724,8,10
1513067053,74,66,1,1
1513067054,140,74,2,1
1513067055,216,450,2,5
1513067056,140,74,2,1
1513067057,2088,1544,14,12
1513067058,0,0,0,0
1513067059,2022,1544,13,12
1513067060,216,384,2,4
1513067061,2022,1544,13,12
1513067062,140,140,2,2
1513067063,779,517,5,4
1513067064,1243,1027,8,8
1513067065,216,384,2,4
1513067066,140,140,2,2
1513067067,74,140,1,2
1513067068,2164,1558,13,11
1513067069,140,140,2,2
1513067070,2380,1942,15,15
1513067071,140,140,2,2
1513067072,2304,1698,15,13
1513067073,0,0,0,0
1513067074,773,668,6,7
1513067075,1879,1414,13,10
1513067076,140,140,2,2
1513067077,2520,1852,16,14
1513067078,0,0,0,0
1513067079,2596,2096,16,16
1513067080,74,140,1,2
1513067081,988,802,8,7
1513067082,1743,1194,11,9
1513067083,0,0,0,0
1513067084,2601,2100,16,16
1513067085,140,140,2,2
1513067086,3770,2734,20,19
1513067087,140,140,2,2
1513067088,3913,2749,20,18
1513067089,216,384,2,4
1513067090,4269,3043,23,21
1513067091,140,140,2,2
1513067092,4203,3043,22,21
1513067093,0,0,0,0
1513067094,4627,3441,25,24
1513067095,74,140,1,2
1513067096,4702,3352,25,23
1513067097,74,140,1,2
1513067098,209,66,1,1
1513067099,282,384,3,4
1513067100,74,140,1,2
1513067101,74,140,1,2
1513067102,206,767,3,3
1513067103,0,0,0,0
1513067104,216,384,2,4
1513067105,74,140,1,2
1513067106,74,140,1,2
1513067107,140,140,2,2
1513067108,0,0,0,0
1513067109,216,384,2,4
1513067110,140,140,2,2
1513067111,140,140,2,2
1513067112,74,140,1,2
1513067113,0,0,0,0
1513067114,216,384,2,4
1513067115,349,206,3,3
1513067116,140,140,2,2
1513067117,74,140,1,2
1513067118,0,0,0,0
1513067120,491,1077,4,6
1513067121,74,140,1,2
1513067122,140,140,2,2
1513067123,74,140,1,2
1513067124,209,693,1,2
1513067125,282,384,3,4
1513067126,74,140,1,2
1513067127,140,140,2,2
1513067128,206,770,3,3
1513067129,0,0,0,0
1513067130,282,458,3,5
1513067131,74,140,1,2
1513067132,349,206,3,3
1513067133,74,66,1,1
1513067134,74,140,1,2
1513067135,282,384,3,4
1513067136,349,833,3,4
1513067137,140,140,2,2
1513067138,0,0,0,0
1513067139,74,140,1,2
1513067140,491,1078,4,6
1513067141,140,140,2,2
1513067142,74,140,1,2
1513067143,0,0,0,0
1513067144,140,768,2,3
1513067145,216,384,2,4
1513067146,140,140,2,2
1513067147,74,140,1,2
1513067148,209,66,1,1
1513067149,140,140,2,2
1513067150,216,384,2,4
1513067151,140,140,2,2
1513067152,206,770,3,3
1513067153,0,0,0,0
1513067154,140,140,2,2
1513067155,216,384,2,4
1513067156,74,140,1,2
1513067157,140,140,2,2
1513067158,0,0,0,0
1513067159,74,140,1,2
1513067160,282,384,3,4
1513067161,140,140,2,2
1513067162,74,140,1,2
1513067163,0,0,0,0
1513067164,425,450,3,5
1513067165,140,140,2,2
1513067166,140,140,2,2
1513067167,74,140,1,2
1513067168,275,696,2,2
1513067169,282,384,3,4
1513067170,74,140,1,2
1513067171,74,140,1,2
1513067172,206,767,3,3
1513067173,0,0,0,0
1513067174,282,384,3,4
1513067175,140,140,2,2
1513067176,74,140,1,2
1513067177,140,140,2,2
1513067178,0,0,0,0
1513067179,425,450,3,5
1513067180,140,140,2,2
1513067181,74,140,1,2
1513067182,74,140,1,2
1513067183,66,627,1,1
1513067184,282,384,3,4
1513067185,74,140,1,2
1513067186,74,140,1,2
1513067187,349,206,3,3
1513067188,0,0,0,0
1513067189,282,384,3,4
1513067190,74,140,1,2
1513067191,140,767,2,3
1513067192,140,140,2,2
1513067193,0,0,0,0
1513067194,216,384,2,4
1513067195,349,206,3,3
1513067196,74,140,1,2
1513067197,140,140,2,2
1513067198,0,0,0,0
1513067199,491,1078,4,6
1513067200,140,140,2,2
1513067201,140,140,2,2
1513067202,74,140,1,2
1513067203,209,693,1,2
1513067204,216,384,2,4
1513067206,74,140,1,2
1513067207,140,140,2,2
1513067208,140,767,2,3
1513067209,0,0,0,0
1513067210,282,384,3,4
1513067211,74,140,1,2
1513067212,283,206,2,3
1513067213,140,140,2,2
1513067214,0,0,0,0
1513067215,282,458,3,5
1513067216,140,767,2,3
1513067217,140,140,2,2
1513067218,74,66,1,1
1513067219,74,140,1,2
1513067220,491,450,4,5
1513067221,74,140,1,2
1513067222,140,140,2,2
1513067223,0,0,0,0
1513067224,140,767,2,3
1513067225,282,384,3,4
1513067226,74,140,1,2
1513067227,74,140,1,2
1513067228,209,66,1,1
1513067229,140,140,2,2
1513067230,216,384,2,4
1513067231,74,140,1,2
1513067232,349,833,3,4
1513067233,0,0,0,0
1513067234,140,140,2,2
1513067235,216,384,2,4
1513067236,283,833,2,4
1513067237,140,140,2,2
1513067238,0,0,0,0
1513067239,140,140,2,2
1513067240,282,1011,3,5
1513067241,74,140,1,2
1513067242,140,140,2,2
1513067243,0,0,0,0
1513067244,283,206,2,3
1513067245,282,384,3,4
1513067246,140,140,2,2
1513067247,74,140,1,2
1513067248,275,693,2,2
1513067249,74,140,1,2
1513067250,282,384,3,4
1513067251,140,140,2,2
1513067252,283,833,2,4
1513067253,0,0,0,0
1513067254,74,140,1,2
1513067255,216,384,2,4
1513067256,206,768,3,3
1513067257,74,140,1,2
1513067258,0,0,0,0
1513067259,216,384,2,4
1513067260,283,206,2,3
1513067261,74,140,1,2
1513067262,140,140,2,2
1513067263,0,0,0,0
1513067264,282,1012,3,5
1513067265,140,140,2,2
1513067266,74,140,1,2
1513067267,140,140,2,2
1513067268,16368,30641,79,78
1513067269,26891,50821,131,131
1513067270,27310,51891,132,134
1513067271,28916,54938,139,140
1513067272,22217,42052,109,110
1513067273,27797,52822,133,133
1513067274,26407,50168,128,131
1513067275,28498,54144,137,138
1513067276,29334,55735,141,142
1513067277,30863,58508,149,149
1513067278,29469,56392,141,142
